[0.033s] Invoking command in '/home/robojackets/urc_ws/colcon-urc/src/urc-software/build/urc_msgs': CMAKE_PREFIX_PATH=/opt/ros/galactic:${CMAKE_PREFIX_PATH} /usr/bin/cmake --build /home/robojackets/urc_ws/colcon-urc/src/urc-software/build/urc_msgs -- -j2 -l2
[0.094s] Invoked command in '/home/robojackets/urc_ws/colcon-urc/src/urc-software/build/urc_msgs' returned '0': CMAKE_PREFIX_PATH=/opt/ros/galactic:${CMAKE_PREFIX_PATH} /usr/bin/cmake --build /home/robojackets/urc_ws/colcon-urc/src/urc-software/build/urc_msgs -- -j2 -l2
[0.147s] Invoking command in '/home/robojackets/urc_ws/colcon-urc/src/urc-software/build/urc_msgs': CMAKE_PREFIX_PATH=/opt/ros/galactic:${CMAKE_PREFIX_PATH} /usr/bin/cmake --install /home/robojackets/urc_ws/colcon-urc/src/urc-software/build/urc_msgs
[0.163s] -- Install configuration: ""
[0.164s] -- Execute custom install script
[0.165s] -- Up-to-date symlink: /home/robojackets/urc_ws/colcon-urc/src/urc-software/install/urc_msgs/share/ament_index/resource_index/package_run_dependencies/urc_msgs
[0.166s] -- Up-to-date symlink: /home/robojackets/urc_ws/colcon-urc/src/urc-software/install/urc_msgs/share/ament_index/resource_index/parent_prefix_path/urc_msgs
[0.167s] -- Up-to-date symlink: /home/robojackets/urc_ws/colcon-urc/src/urc-software/install/urc_msgs/share/urc_msgs/environment/ament_prefix_path.sh
[0.168s] -- Up-to-date symlink: /home/robojackets/urc_ws/colcon-urc/src/urc-software/install/urc_msgs/share/urc_msgs/environment/ament_prefix_path.dsv
[0.169s] -- Up-to-date symlink: /home/robojackets/urc_ws/colcon-urc/src/urc-software/install/urc_msgs/share/urc_msgs/environment/path.sh
[0.169s] -- Up-to-date symlink: /home/robojackets/urc_ws/colcon-urc/src/urc-software/install/urc_msgs/share/urc_msgs/environment/path.dsv
[0.170s] -- Up-to-date symlink: /home/robojackets/urc_ws/colcon-urc/src/urc-software/install/urc_msgs/share/urc_msgs/local_setup.bash
[0.171s] -- Up-to-date symlink: /home/robojackets/urc_ws/colcon-urc/src/urc-software/install/urc_msgs/share/urc_msgs/local_setup.sh
[0.172s] -- Up-to-date symlink: /home/robojackets/urc_ws/colcon-urc/src/urc-software/install/urc_msgs/share/urc_msgs/local_setup.zsh
[0.173s] -- Up-to-date symlink: /home/robojackets/urc_ws/colcon-urc/src/urc-software/install/urc_msgs/share/urc_msgs/local_setup.dsv
[0.174s] -- Symlinking: /home/robojackets/urc_ws/colcon-urc/src/urc-software/install/urc_msgs/share/urc_msgs/package.dsv
[0.187s] -- Up-to-date symlink: /home/robojackets/urc_ws/colcon-urc/src/urc-software/install/urc_msgs/share/ament_index/resource_index/packages/urc_msgs
[0.187s] -- Up-to-date symlink: /home/robojackets/urc_ws/colcon-urc/src/urc-software/install/urc_msgs/share/urc_msgs/cmake/urc_msgsConfig.cmake
[0.188s] -- Up-to-date symlink: /home/robojackets/urc_ws/colcon-urc/src/urc-software/install/urc_msgs/share/urc_msgs/cmake/urc_msgsConfig-version.cmake
[0.188s] -- Up-to-date symlink: /home/robojackets/urc_ws/colcon-urc/src/urc-software/install/urc_msgs/share/urc_msgs/package.xml
[0.189s] -- Up-to-date symlink: /home/robojackets/urc_ws/colcon-urc/src/urc-software/install/urc_msgs/share/urc_msgs//launch/.gitkeep
[0.192s] Invoked command in '/home/robojackets/urc_ws/colcon-urc/src/urc-software/build/urc_msgs' returned '0': CMAKE_PREFIX_PATH=/opt/ros/galactic:${CMAKE_PREFIX_PATH} /usr/bin/cmake --install /home/robojackets/urc_ws/colcon-urc/src/urc-software/build/urc_msgs
