[0.029s] Invoking command in '/home/robojackets/urc_ws/colcon-urc/src/urc-software/build/urc_manipulation': CMAKE_PREFIX_PATH=/opt/ros/galactic:${CMAKE_PREFIX_PATH} /usr/bin/cmake --build /home/robojackets/urc_ws/colcon-urc/src/urc-software/build/urc_manipulation -- -j2 -l2
[0.131s] Invoked command in '/home/robojackets/urc_ws/colcon-urc/src/urc-software/build/urc_manipulation' returned '0': CMAKE_PREFIX_PATH=/opt/ros/galactic:${CMAKE_PREFIX_PATH} /usr/bin/cmake --build /home/robojackets/urc_ws/colcon-urc/src/urc-software/build/urc_manipulation -- -j2 -l2
[0.169s] Invoking command in '/home/robojackets/urc_ws/colcon-urc/src/urc-software/build/urc_manipulation': CMAKE_PREFIX_PATH=/opt/ros/galactic:${CMAKE_PREFIX_PATH} /usr/bin/cmake --install /home/robojackets/urc_ws/colcon-urc/src/urc-software/build/urc_manipulation
[0.183s] -- Install configuration: ""
[0.184s] -- Execute custom install script
[0.185s] -- Up-to-date symlink: /home/robojackets/urc_ws/colcon-urc/src/urc-software/install/urc_manipulation/share/ament_index/resource_index/package_run_dependencies/urc_manipulation
[0.187s] -- Up-to-date symlink: /home/robojackets/urc_ws/colcon-urc/src/urc-software/install/urc_manipulation/share/ament_index/resource_index/parent_prefix_path/urc_manipulation
[0.188s] -- Up-to-date symlink: /home/robojackets/urc_ws/colcon-urc/src/urc-software/install/urc_manipulation/share/urc_manipulation/environment/ament_prefix_path.sh
[0.188s] -- Up-to-date symlink: /home/robojackets/urc_ws/colcon-urc/src/urc-software/install/urc_manipulation/share/urc_manipulation/environment/ament_prefix_path.dsv
[0.188s] -- Up-to-date symlink: /home/robojackets/urc_ws/colcon-urc/src/urc-software/install/urc_manipulation/share/urc_manipulation/environment/path.sh
[0.189s] -- Up-to-date symlink: /home/robojackets/urc_ws/colcon-urc/src/urc-software/install/urc_manipulation/share/urc_manipulation/environment/path.dsv
[0.195s] -- Up-to-date symlink: /home/robojackets/urc_ws/colcon-urc/src/urc-software/install/urc_manipulation/share/urc_manipulation/local_setup.bash
[0.195s] -- Up-to-date symlink: /home/robojackets/urc_ws/colcon-urc/src/urc-software/install/urc_manipulation/share/urc_manipulation/local_setup.sh
[0.195s] -- Up-to-date symlink: /home/robojackets/urc_ws/colcon-urc/src/urc-software/install/urc_manipulation/share/urc_manipulation/local_setup.zsh
[0.195s] -- Up-to-date symlink: /home/robojackets/urc_ws/colcon-urc/src/urc-software/install/urc_manipulation/share/urc_manipulation/local_setup.dsv
[0.195s] -- Symlinking: /home/robojackets/urc_ws/colcon-urc/src/urc-software/install/urc_manipulation/share/urc_manipulation/package.dsv
[0.211s] -- Up-to-date symlink: /home/robojackets/urc_ws/colcon-urc/src/urc-software/install/urc_manipulation/share/ament_index/resource_index/packages/urc_manipulation
[0.211s] -- Up-to-date symlink: /home/robojackets/urc_ws/colcon-urc/src/urc-software/install/urc_manipulation/share/urc_manipulation/cmake/urc_manipulationConfig.cmake
[0.211s] -- Up-to-date symlink: /home/robojackets/urc_ws/colcon-urc/src/urc-software/install/urc_manipulation/share/urc_manipulation/cmake/urc_manipulationConfig-version.cmake
[0.212s] -- Up-to-date symlink: /home/robojackets/urc_ws/colcon-urc/src/urc-software/install/urc_manipulation/share/urc_manipulation/package.xml
[0.212s] -- Up-to-date symlink: /home/robojackets/urc_ws/colcon-urc/src/urc-software/install/urc_manipulation/share/urc_manipulation//launch/.gitkeep
[0.248s] Invoked command in '/home/robojackets/urc_ws/colcon-urc/src/urc-software/build/urc_manipulation' returned '0': CMAKE_PREFIX_PATH=/opt/ros/galactic:${CMAKE_PREFIX_PATH} /usr/bin/cmake --install /home/robojackets/urc_ws/colcon-urc/src/urc-software/build/urc_manipulation
