[0.078s] Invoking command in '/home/robojackets/urc_ws/colcon-urc/src/urc-software/build/urc_navigation': CMAKE_PREFIX_PATH=/opt/ros/galactic:${CMAKE_PREFIX_PATH} /usr/bin/cmake --build /home/robojackets/urc_ws/colcon-urc/src/urc-software/build/urc_navigation -- -j2 -l2
[0.234s] Invoked command in '/home/robojackets/urc_ws/colcon-urc/src/urc-software/build/urc_navigation' returned '0': CMAKE_PREFIX_PATH=/opt/ros/galactic:${CMAKE_PREFIX_PATH} /usr/bin/cmake --build /home/robojackets/urc_ws/colcon-urc/src/urc-software/build/urc_navigation -- -j2 -l2
[0.279s] Invoking command in '/home/robojackets/urc_ws/colcon-urc/src/urc-software/build/urc_navigation': CMAKE_PREFIX_PATH=/opt/ros/galactic:${CMAKE_PREFIX_PATH} /usr/bin/cmake --install /home/robojackets/urc_ws/colcon-urc/src/urc-software/build/urc_navigation
[0.313s] -- Install configuration: ""
[0.314s] -- Execute custom install script
[0.315s] -- Up-to-date symlink: /home/robojackets/urc_ws/colcon-urc/src/urc-software/install/urc_navigation/share/ament_index/resource_index/package_run_dependencies/urc_navigation
[0.316s] -- Up-to-date symlink: /home/robojackets/urc_ws/colcon-urc/src/urc-software/install/urc_navigation/share/ament_index/resource_index/parent_prefix_path/urc_navigation
[0.318s] -- Up-to-date symlink: /home/robojackets/urc_ws/colcon-urc/src/urc-software/install/urc_navigation/share/urc_navigation/environment/ament_prefix_path.sh
[0.319s] -- Up-to-date symlink: /home/robojackets/urc_ws/colcon-urc/src/urc-software/install/urc_navigation/share/urc_navigation/environment/ament_prefix_path.dsv
[0.320s] -- Up-to-date symlink: /home/robojackets/urc_ws/colcon-urc/src/urc-software/install/urc_navigation/share/urc_navigation/environment/path.sh
[0.322s] -- Up-to-date symlink: /home/robojackets/urc_ws/colcon-urc/src/urc-software/install/urc_navigation/share/urc_navigation/environment/path.dsv
[0.323s] -- Up-to-date symlink: /home/robojackets/urc_ws/colcon-urc/src/urc-software/install/urc_navigation/share/urc_navigation/local_setup.bash
[0.325s] -- Up-to-date symlink: /home/robojackets/urc_ws/colcon-urc/src/urc-software/install/urc_navigation/share/urc_navigation/local_setup.sh
[0.326s] -- Up-to-date symlink: /home/robojackets/urc_ws/colcon-urc/src/urc-software/install/urc_navigation/share/urc_navigation/local_setup.zsh
[0.327s] -- Up-to-date symlink: /home/robojackets/urc_ws/colcon-urc/src/urc-software/install/urc_navigation/share/urc_navigation/local_setup.dsv
[0.328s] -- Symlinking: /home/robojackets/urc_ws/colcon-urc/src/urc-software/install/urc_navigation/share/urc_navigation/package.dsv
[0.359s] -- Up-to-date symlink: /home/robojackets/urc_ws/colcon-urc/src/urc-software/install/urc_navigation/share/ament_index/resource_index/packages/urc_navigation
[0.359s] -- Up-to-date symlink: /home/robojackets/urc_ws/colcon-urc/src/urc-software/install/urc_navigation/share/urc_navigation/cmake/urc_navigationConfig.cmake
[0.360s] -- Up-to-date symlink: /home/robojackets/urc_ws/colcon-urc/src/urc-software/install/urc_navigation/share/urc_navigation/cmake/urc_navigationConfig-version.cmake
[0.360s] -- Up-to-date symlink: /home/robojackets/urc_ws/colcon-urc/src/urc-software/install/urc_navigation/share/urc_navigation/package.xml
[0.360s] -- Up-to-date symlink: /home/robojackets/urc_ws/colcon-urc/src/urc-software/install/urc_navigation/share/urc_navigation//launch/.gitkeep
[0.381s] Invoked command in '/home/robojackets/urc_ws/colcon-urc/src/urc-software/build/urc_navigation' returned '0': CMAKE_PREFIX_PATH=/opt/ros/galactic:${CMAKE_PREFIX_PATH} /usr/bin/cmake --install /home/robojackets/urc_ws/colcon-urc/src/urc-software/build/urc_navigation
