[0.024s] Invoking command in '/home/robojackets/urc_ws/colcon-urc/src/urc-software/build/urc_perception': CMAKE_PREFIX_PATH=/opt/ros/galactic:${CMAKE_PREFIX_PATH} /usr/bin/cmake --build /home/robojackets/urc_ws/colcon-urc/src/urc-software/build/urc_perception -- -j2 -l2
[0.121s] Invoked command in '/home/robojackets/urc_ws/colcon-urc/src/urc-software/build/urc_perception' returned '0': CMAKE_PREFIX_PATH=/opt/ros/galactic:${CMAKE_PREFIX_PATH} /usr/bin/cmake --build /home/robojackets/urc_ws/colcon-urc/src/urc-software/build/urc_perception -- -j2 -l2
[0.175s] Invoking command in '/home/robojackets/urc_ws/colcon-urc/src/urc-software/build/urc_perception': CMAKE_PREFIX_PATH=/opt/ros/galactic:${CMAKE_PREFIX_PATH} /usr/bin/cmake --install /home/robojackets/urc_ws/colcon-urc/src/urc-software/build/urc_perception
[0.190s] -- Install configuration: ""
[0.191s] -- Execute custom install script
[0.193s] -- Up-to-date symlink: /home/robojackets/urc_ws/colcon-urc/src/urc-software/install/urc_perception/share/ament_index/resource_index/package_run_dependencies/urc_perception
[0.201s] -- Up-to-date symlink: /home/robojackets/urc_ws/colcon-urc/src/urc-software/install/urc_perception/share/ament_index/resource_index/parent_prefix_path/urc_perception
[0.201s] -- Up-to-date symlink: /home/robojackets/urc_ws/colcon-urc/src/urc-software/install/urc_perception/share/urc_perception/environment/ament_prefix_path.sh
[0.202s] -- Up-to-date symlink: /home/robojackets/urc_ws/colcon-urc/src/urc-software/install/urc_perception/share/urc_perception/environment/ament_prefix_path.dsv
[0.203s] -- Up-to-date symlink: /home/robojackets/urc_ws/colcon-urc/src/urc-software/install/urc_perception/share/urc_perception/environment/path.sh
[0.204s] -- Up-to-date symlink: /home/robojackets/urc_ws/colcon-urc/src/urc-software/install/urc_perception/share/urc_perception/environment/path.dsv
[0.205s] -- Up-to-date symlink: /home/robojackets/urc_ws/colcon-urc/src/urc-software/install/urc_perception/share/urc_perception/local_setup.bash
[0.206s] -- Up-to-date symlink: /home/robojackets/urc_ws/colcon-urc/src/urc-software/install/urc_perception/share/urc_perception/local_setup.sh
[0.208s] -- Up-to-date symlink: /home/robojackets/urc_ws/colcon-urc/src/urc-software/install/urc_perception/share/urc_perception/local_setup.zsh
[0.209s] -- Up-to-date symlink: /home/robojackets/urc_ws/colcon-urc/src/urc-software/install/urc_perception/share/urc_perception/local_setup.dsv
[0.210s] -- Symlinking: /home/robojackets/urc_ws/colcon-urc/src/urc-software/install/urc_perception/share/urc_perception/package.dsv
[0.221s] -- Up-to-date symlink: /home/robojackets/urc_ws/colcon-urc/src/urc-software/install/urc_perception/share/ament_index/resource_index/packages/urc_perception
[0.222s] -- Up-to-date symlink: /home/robojackets/urc_ws/colcon-urc/src/urc-software/install/urc_perception/share/urc_perception/cmake/urc_perceptionConfig.cmake
[0.223s] -- Up-to-date symlink: /home/robojackets/urc_ws/colcon-urc/src/urc-software/install/urc_perception/share/urc_perception/cmake/urc_perceptionConfig-version.cmake
[0.224s] -- Up-to-date symlink: /home/robojackets/urc_ws/colcon-urc/src/urc-software/install/urc_perception/share/urc_perception/package.xml
[0.225s] -- Up-to-date symlink: /home/robojackets/urc_ws/colcon-urc/src/urc-software/install/urc_perception/share/urc_perception//launch/.gitkeep
[0.230s] Invoked command in '/home/robojackets/urc_ws/colcon-urc/src/urc-software/build/urc_perception' returned '0': CMAKE_PREFIX_PATH=/opt/ros/galactic:${CMAKE_PREFIX_PATH} /usr/bin/cmake --install /home/robojackets/urc_ws/colcon-urc/src/urc-software/build/urc_perception
