[0.023s] Invoking command in '/home/robojackets/urc_ws/colcon-urc/src/urc-software/build/velodyne_gazebo_plugins': /usr/bin/cmake /home/robojackets/urc_ws/colcon-urc/src/urc-software/velodyne_gazebo_plugins -DCATKIN_INSTALL_INTO_PREFIX_ROOT=0 -DCATKIN_SYMLINK_INSTALL=ON -DCMAKE_INSTALL_PREFIX=/home/robojackets/urc_ws/colcon-urc/src/urc-software/install/velodyne_gazebo_plugins
[0.120s] -- The C compiler identification is GNU 9.4.0
[0.205s] -- The CXX compiler identification is GNU 9.4.0
[0.214s] -- Check for working C compiler: /usr/bin/cc
[0.318s] -- Check for working C compiler: /usr/bin/cc -- works
[0.319s] -- Detecting C compiler ABI info
[0.409s] -- Detecting C compiler ABI info - done
[0.425s] -- Detecting C compile features
[0.426s] -- Detecting C compile features - done
[0.431s] -- Check for working CXX compiler: /usr/bin/c++
[0.537s] -- Check for working CXX compiler: /usr/bin/c++ -- works
[0.538s] -- Detecting CXX compiler ABI info
[0.635s] -- Detecting CXX compiler ABI info - done
[0.653s] -- Detecting CXX compile features
[0.653s] -- Detecting CXX compile features - done
[0.657s] -- Using CATKIN_DEVEL_PREFIX: /home/robojackets/urc_ws/colcon-urc/src/urc-software/build/velodyne_gazebo_plugins/devel
[0.658s] -- Using CMAKE_PREFIX_PATH: /home/robojackets/urc_ws/colcon-urc/install/urc_util;/home/robojackets/urc_ws/colcon-urc/install/urc_platform;/home/robojackets/urc_ws/colcon-urc/install/urc_perception;/home/robojackets/urc_ws/colcon-urc/install/urc_navigation;/home/robojackets/urc_ws/colcon-urc/install/urc_gazebo;/home/robojackets/urc_ws/colcon-urc/install/urc_msgs;/home/robojackets/urc_ws/colcon-urc/install/urc_manipulation;/home/robojackets/urc_ws/colcon-urc/install/urc_analysis;/home/robojackets/urc_ws/colcon-urc/install/nanopb;/home/robojackets/robojackets_ws/catkin_ws/devel;/opt/ros/noetic
[0.658s] -- This workspace overlays: /home/robojackets/robojackets_ws/catkin_ws/devel;/opt/ros/noetic
[0.660s] -- Override CMake install command with custom implementation using symlinks instead of copying resources
[0.690s] -- Found PythonInterp: /usr/bin/python3 (found suitable version "3.8.10", minimum required is "3") 
[0.690s] -- Using PYTHON_EXECUTABLE: /usr/bin/python3
[0.690s] -- Using Debian Python package layout
[0.726s] -- Found PY_em: /usr/lib/python3/dist-packages/em.py  
[0.726s] -- Using empy: /usr/lib/python3/dist-packages/em.py
[0.993s] -- Using CATKIN_ENABLE_TESTING: ON
[0.993s] -- Call enable_testing()
[1.002s] -- Using CATKIN_TEST_RESULTS_DIR: /home/robojackets/urc_ws/colcon-urc/src/urc-software/build/velodyne_gazebo_plugins/test_results
[1.467s] -- Forcing gtest/gmock from source, though one was otherwise available.
[1.467s] -- Found gtest sources under '/usr/src/googletest': gtests will be built
[1.467s] -- Found gmock sources under '/usr/src/googletest': gmock will be built
[1.497s] -- Found PythonInterp: /usr/bin/python3 (found version "3.8.10") 
[1.499s] -- Found Threads: TRUE  
[1.512s] -- Using Python nosetests: /usr/bin/nosetests3
[1.589s] -- catkin 0.8.10
[1.590s] -- BUILD_SHARED_LIBS is on
[1.908s] Traceback (most recent call last):
[1.909s]   File "/home/robojackets/urc_ws/colcon-urc/src/urc-software/build/velodyne_gazebo_plugins/catkin_generated/generate_cached_setup.py", line 22, in <module>
[1.909s]     code = generate_environment_script('/home/robojackets/urc_ws/colcon-urc/src/urc-software/build/velodyne_gazebo_plugins/devel/env.sh')
[1.909s]   File "/opt/ros/noetic/lib/python3/dist-packages/catkin/environment_cache.py", line 63, in generate_environment_script
[1.909s]     env_after = ast.literal_eval(output.decode('utf8'))
[1.910s]   File "/usr/lib/python3.8/ast.py", line 59, in literal_eval
[1.910s]     node_or_string = parse(node_or_string, mode='eval')
[1.910s]   File "/usr/lib/python3.8/ast.py", line 47, in parse
[1.910s]     return compile(source, filename, mode, flags,
[1.911s]   File "<unknown>", line 1
[1.911s]     ROS_DISTRO was set to 'galactic' before. Please make sure that the environment does not mix paths from different distributions.
[1.911s]                ^
[1.911s] SyntaxError: invalid syntax
[1.935s] CMake Error at /opt/ros/noetic/share/catkin/cmake/safe_execute_process.cmake:11 (message):
[1.938s]   execute_process(/usr/bin/python3
[1.939s]   "/home/robojackets/urc_ws/colcon-urc/src/urc-software/build/velodyne_gazebo_plugins/catkin_generated/generate_cached_setup.py")
[1.939s]   returned error code 1
[1.939s] Call Stack (most recent call first):
[1.939s]   /opt/ros/noetic/share/catkin/cmake/all.cmake:208 (safe_execute_process)
[1.940s]   /opt/ros/noetic/share/catkin/cmake/catkinConfig.cmake:20 (include)
[1.940s]   CMakeLists.txt:4 (find_package)
[1.940s] 
[1.940s] 
[1.941s] -- Configuring incomplete, errors occurred!
[1.941s] See also "/home/robojackets/urc_ws/colcon-urc/src/urc-software/build/velodyne_gazebo_plugins/CMakeFiles/CMakeOutput.log".
[1.942s] See also "/home/robojackets/urc_ws/colcon-urc/src/urc-software/build/velodyne_gazebo_plugins/CMakeFiles/CMakeError.log".
