[0.050s] Invoking command in '/home/robojackets/urc_ws/colcon-urc/src/urc-software/build/urc_manipulation': CMAKE_PREFIX_PATH=/opt/ros/galactic:${CMAKE_PREFIX_PATH} /usr/bin/cmake --build /home/robojackets/urc_ws/colcon-urc/src/urc-software/build/urc_manipulation -- -j2 -l2
[0.167s] Invoked command in '/home/robojackets/urc_ws/colcon-urc/src/urc-software/build/urc_manipulation' returned '0': CMAKE_PREFIX_PATH=/opt/ros/galactic:${CMAKE_PREFIX_PATH} /usr/bin/cmake --build /home/robojackets/urc_ws/colcon-urc/src/urc-software/build/urc_manipulation -- -j2 -l2
[0.221s] Invoking command in '/home/robojackets/urc_ws/colcon-urc/src/urc-software/build/urc_manipulation': CMAKE_PREFIX_PATH=/opt/ros/galactic:${CMAKE_PREFIX_PATH} /usr/bin/cmake --install /home/robojackets/urc_ws/colcon-urc/src/urc-software/build/urc_manipulation
[0.240s] -- Install configuration: ""
[0.241s] -- Execute custom install script
[0.242s] -- Up-to-date symlink: /home/robojackets/urc_ws/colcon-urc/src/urc-software/install/urc_manipulation/share/ament_index/resource_index/package_run_dependencies/urc_manipulation
[0.243s] -- Up-to-date symlink: /home/robojackets/urc_ws/colcon-urc/src/urc-software/install/urc_manipulation/share/ament_index/resource_index/parent_prefix_path/urc_manipulation
[0.244s] -- Up-to-date symlink: /home/robojackets/urc_ws/colcon-urc/src/urc-software/install/urc_manipulation/share/urc_manipulation/environment/ament_prefix_path.sh
[0.244s] -- Up-to-date symlink: /home/robojackets/urc_ws/colcon-urc/src/urc-software/install/urc_manipulation/share/urc_manipulation/environment/ament_prefix_path.dsv
[0.245s] -- Up-to-date symlink: /home/robojackets/urc_ws/colcon-urc/src/urc-software/install/urc_manipulation/share/urc_manipulation/environment/path.sh
[0.246s] -- Up-to-date symlink: /home/robojackets/urc_ws/colcon-urc/src/urc-software/install/urc_manipulation/share/urc_manipulation/environment/path.dsv
[0.246s] -- Up-to-date symlink: /home/robojackets/urc_ws/colcon-urc/src/urc-software/install/urc_manipulation/share/urc_manipulation/local_setup.bash
[0.247s] -- Up-to-date symlink: /home/robojackets/urc_ws/colcon-urc/src/urc-software/install/urc_manipulation/share/urc_manipulation/local_setup.sh
[0.248s] -- Up-to-date symlink: /home/robojackets/urc_ws/colcon-urc/src/urc-software/install/urc_manipulation/share/urc_manipulation/local_setup.zsh
[0.249s] -- Up-to-date symlink: /home/robojackets/urc_ws/colcon-urc/src/urc-software/install/urc_manipulation/share/urc_manipulation/local_setup.dsv
[0.250s] -- Symlinking: /home/robojackets/urc_ws/colcon-urc/src/urc-software/install/urc_manipulation/share/urc_manipulation/package.dsv
[0.272s] -- Up-to-date symlink: /home/robojackets/urc_ws/colcon-urc/src/urc-software/install/urc_manipulation/share/ament_index/resource_index/packages/urc_manipulation
[0.273s] -- Up-to-date symlink: /home/robojackets/urc_ws/colcon-urc/src/urc-software/install/urc_manipulation/share/urc_manipulation/cmake/urc_manipulationConfig.cmake
[0.273s] -- Up-to-date symlink: /home/robojackets/urc_ws/colcon-urc/src/urc-software/install/urc_manipulation/share/urc_manipulation/cmake/urc_manipulationConfig-version.cmake
[0.274s] -- Up-to-date symlink: /home/robojackets/urc_ws/colcon-urc/src/urc-software/install/urc_manipulation/share/urc_manipulation/package.xml
[0.275s] -- Up-to-date symlink: /home/robojackets/urc_ws/colcon-urc/src/urc-software/install/urc_manipulation/share/urc_manipulation//launch/.gitkeep
[0.279s] Invoked command in '/home/robojackets/urc_ws/colcon-urc/src/urc-software/build/urc_manipulation' returned '0': CMAKE_PREFIX_PATH=/opt/ros/galactic:${CMAKE_PREFIX_PATH} /usr/bin/cmake --install /home/robojackets/urc_ws/colcon-urc/src/urc-software/build/urc_manipulation
