[0.060s] Invoking command in '/home/robojackets/urc_ws/colcon-urc/src/urc-software/build/urc_perception': CMAKE_PREFIX_PATH=/opt/ros/galactic:${CMAKE_PREFIX_PATH} /usr/bin/cmake --build /home/robojackets/urc_ws/colcon-urc/src/urc-software/build/urc_perception -- -j2 -l2
[0.181s] Invoked command in '/home/robojackets/urc_ws/colcon-urc/src/urc-software/build/urc_perception' returned '0': CMAKE_PREFIX_PATH=/opt/ros/galactic:${CMAKE_PREFIX_PATH} /usr/bin/cmake --build /home/robojackets/urc_ws/colcon-urc/src/urc-software/build/urc_perception -- -j2 -l2
[0.221s] Invoking command in '/home/robojackets/urc_ws/colcon-urc/src/urc-software/build/urc_perception': CMAKE_PREFIX_PATH=/opt/ros/galactic:${CMAKE_PREFIX_PATH} /usr/bin/cmake --install /home/robojackets/urc_ws/colcon-urc/src/urc-software/build/urc_perception
[0.250s] -- Install configuration: ""
[0.251s] -- Execute custom install script
[0.253s] -- Up-to-date symlink: /home/robojackets/urc_ws/colcon-urc/src/urc-software/install/urc_perception/share/ament_index/resource_index/package_run_dependencies/urc_perception
[0.254s] -- Up-to-date symlink: /home/robojackets/urc_ws/colcon-urc/src/urc-software/install/urc_perception/share/ament_index/resource_index/parent_prefix_path/urc_perception
[0.255s] -- Up-to-date symlink: /home/robojackets/urc_ws/colcon-urc/src/urc-software/install/urc_perception/share/urc_perception/environment/ament_prefix_path.sh
[0.256s] -- Up-to-date symlink: /home/robojackets/urc_ws/colcon-urc/src/urc-software/install/urc_perception/share/urc_perception/environment/ament_prefix_path.dsv
[0.257s] -- Up-to-date symlink: /home/robojackets/urc_ws/colcon-urc/src/urc-software/install/urc_perception/share/urc_perception/environment/path.sh
[0.259s] -- Up-to-date symlink: /home/robojackets/urc_ws/colcon-urc/src/urc-software/install/urc_perception/share/urc_perception/environment/path.dsv
[0.260s] -- Up-to-date symlink: /home/robojackets/urc_ws/colcon-urc/src/urc-software/install/urc_perception/share/urc_perception/local_setup.bash
[0.260s] -- Up-to-date symlink: /home/robojackets/urc_ws/colcon-urc/src/urc-software/install/urc_perception/share/urc_perception/local_setup.sh
[0.261s] -- Up-to-date symlink: /home/robojackets/urc_ws/colcon-urc/src/urc-software/install/urc_perception/share/urc_perception/local_setup.zsh
[0.263s] -- Up-to-date symlink: /home/robojackets/urc_ws/colcon-urc/src/urc-software/install/urc_perception/share/urc_perception/local_setup.dsv
[0.264s] -- Symlinking: /home/robojackets/urc_ws/colcon-urc/src/urc-software/install/urc_perception/share/urc_perception/package.dsv
[0.280s] -- Up-to-date symlink: /home/robojackets/urc_ws/colcon-urc/src/urc-software/install/urc_perception/share/ament_index/resource_index/packages/urc_perception
[0.280s] -- Up-to-date symlink: /home/robojackets/urc_ws/colcon-urc/src/urc-software/install/urc_perception/share/urc_perception/cmake/urc_perceptionConfig.cmake
[0.281s] -- Up-to-date symlink: /home/robojackets/urc_ws/colcon-urc/src/urc-software/install/urc_perception/share/urc_perception/cmake/urc_perceptionConfig-version.cmake
[0.282s] -- Up-to-date symlink: /home/robojackets/urc_ws/colcon-urc/src/urc-software/install/urc_perception/share/urc_perception/package.xml
[0.284s] -- Up-to-date symlink: /home/robojackets/urc_ws/colcon-urc/src/urc-software/install/urc_perception/share/urc_perception//launch/.gitkeep
[0.288s] Invoked command in '/home/robojackets/urc_ws/colcon-urc/src/urc-software/build/urc_perception' returned '0': CMAKE_PREFIX_PATH=/opt/ros/galactic:${CMAKE_PREFIX_PATH} /usr/bin/cmake --install /home/robojackets/urc_ws/colcon-urc/src/urc-software/build/urc_perception
