[0.049s] Invoking command in '/home/robojackets/urc_ws/colcon-urc/src/urc-software/build/urc_perception': CMAKE_PREFIX_PATH=/opt/ros/galactic:${CMAKE_PREFIX_PATH} /usr/bin/cmake --build /home/robojackets/urc_ws/colcon-urc/src/urc-software/build/urc_perception -- -j2 -l2
[0.107s] Invoked command in '/home/robojackets/urc_ws/colcon-urc/src/urc-software/build/urc_perception' returned '0': CMAKE_PREFIX_PATH=/opt/ros/galactic:${CMAKE_PREFIX_PATH} /usr/bin/cmake --build /home/robojackets/urc_ws/colcon-urc/src/urc-software/build/urc_perception -- -j2 -l2
[0.156s] Invoking command in '/home/robojackets/urc_ws/colcon-urc/src/urc-software/build/urc_perception': CMAKE_PREFIX_PATH=/opt/ros/galactic:${CMAKE_PREFIX_PATH} /usr/bin/cmake --install /home/robojackets/urc_ws/colcon-urc/src/urc-software/build/urc_perception
[0.165s] -- Install configuration: ""
[0.165s] -- Execute custom install script
[0.166s] -- Up-to-date symlink: /home/robojackets/urc_ws/colcon-urc/src/urc-software/install/urc_perception/share/ament_index/resource_index/package_run_dependencies/urc_perception
[0.166s] -- Up-to-date symlink: /home/robojackets/urc_ws/colcon-urc/src/urc-software/install/urc_perception/share/ament_index/resource_index/parent_prefix_path/urc_perception
[0.167s] -- Up-to-date symlink: /home/robojackets/urc_ws/colcon-urc/src/urc-software/install/urc_perception/share/urc_perception/environment/ament_prefix_path.sh
[0.167s] -- Up-to-date symlink: /home/robojackets/urc_ws/colcon-urc/src/urc-software/install/urc_perception/share/urc_perception/environment/ament_prefix_path.dsv
[0.167s] -- Up-to-date symlink: /home/robojackets/urc_ws/colcon-urc/src/urc-software/install/urc_perception/share/urc_perception/environment/path.sh
[0.168s] -- Up-to-date symlink: /home/robojackets/urc_ws/colcon-urc/src/urc-software/install/urc_perception/share/urc_perception/environment/path.dsv
[0.168s] -- Up-to-date symlink: /home/robojackets/urc_ws/colcon-urc/src/urc-software/install/urc_perception/share/urc_perception/local_setup.bash
[0.169s] -- Up-to-date symlink: /home/robojackets/urc_ws/colcon-urc/src/urc-software/install/urc_perception/share/urc_perception/local_setup.sh
[0.169s] -- Up-to-date symlink: /home/robojackets/urc_ws/colcon-urc/src/urc-software/install/urc_perception/share/urc_perception/local_setup.zsh
[0.169s] -- Up-to-date symlink: /home/robojackets/urc_ws/colcon-urc/src/urc-software/install/urc_perception/share/urc_perception/local_setup.dsv
[0.170s] -- Symlinking: /home/robojackets/urc_ws/colcon-urc/src/urc-software/install/urc_perception/share/urc_perception/package.dsv
[0.178s] -- Up-to-date symlink: /home/robojackets/urc_ws/colcon-urc/src/urc-software/install/urc_perception/share/ament_index/resource_index/packages/urc_perception
[0.179s] -- Up-to-date symlink: /home/robojackets/urc_ws/colcon-urc/src/urc-software/install/urc_perception/share/urc_perception/cmake/urc_perceptionConfig.cmake
[0.180s] -- Up-to-date symlink: /home/robojackets/urc_ws/colcon-urc/src/urc-software/install/urc_perception/share/urc_perception/cmake/urc_perceptionConfig-version.cmake
[0.181s] -- Up-to-date symlink: /home/robojackets/urc_ws/colcon-urc/src/urc-software/install/urc_perception/share/urc_perception/package.xml
[0.182s] -- Up-to-date symlink: /home/robojackets/urc_ws/colcon-urc/src/urc-software/install/urc_perception/share/urc_perception//launch/.gitkeep
[0.187s] Invoked command in '/home/robojackets/urc_ws/colcon-urc/src/urc-software/build/urc_perception' returned '0': CMAKE_PREFIX_PATH=/opt/ros/galactic:${CMAKE_PREFIX_PATH} /usr/bin/cmake --install /home/robojackets/urc_ws/colcon-urc/src/urc-software/build/urc_perception
