[0.047s] Invoking command in '/home/robojackets/urc_ws/colcon-urc/src/urc-software/build/velodyne_description': CMAKE_PREFIX_PATH=/opt/ros/galactic:${CMAKE_PREFIX_PATH} /usr/bin/cmake /home/robojackets/urc_ws/colcon-urc/src/urc-software/velodyne_description -DAMENT_CMAKE_SYMLINK_INSTALL=1 -DCMAKE_INSTALL_PREFIX=/home/robojackets/urc_ws/colcon-urc/src/urc-software/install/velodyne_description
[0.228s] -- The C compiler identification is GNU 9.4.0
[0.353s] -- The CXX compiler identification is GNU 9.4.0
[0.368s] -- Check for working C compiler: /usr/bin/cc
[0.546s] -- Check for working C compiler: /usr/bin/cc -- works
[0.547s] -- Detecting C compiler ABI info
[0.702s] -- Detecting C compiler ABI info - done
[0.723s] -- Detecting C compile features
[0.724s] -- Detecting C compile features - done
[0.729s] -- Check for working CXX compiler: /usr/bin/c++
[0.908s] -- Check for working CXX compiler: /usr/bin/c++ -- works
[0.913s] -- Detecting CXX compiler ABI info
[1.098s] -- Detecting CXX compiler ABI info - done
[1.130s] -- Detecting CXX compile features
[1.132s] -- Detecting CXX compile features - done
[1.137s] -- Found ament_cmake: 1.1.5 (/opt/ros/galactic/share/ament_cmake/cmake)
[1.189s] -- Found PythonInterp: /usr/bin/python3 (found suitable version "3.8.10", minimum required is "3") 
[1.190s] -- Using PYTHON_EXECUTABLE: /usr/bin/python3
[1.313s] -- Override CMake install command with custom implementation using symlinks instead of copying resources
[1.465s] -- Configuring done
[1.468s] -- Generating done
[1.470s] -- Build files have been written to: /home/robojackets/urc_ws/colcon-urc/src/urc-software/build/velodyne_description
[1.479s] Invoked command in '/home/robojackets/urc_ws/colcon-urc/src/urc-software/build/velodyne_description' returned '0': CMAKE_PREFIX_PATH=/opt/ros/galactic:${CMAKE_PREFIX_PATH} /usr/bin/cmake /home/robojackets/urc_ws/colcon-urc/src/urc-software/velodyne_description -DAMENT_CMAKE_SYMLINK_INSTALL=1 -DCMAKE_INSTALL_PREFIX=/home/robojackets/urc_ws/colcon-urc/src/urc-software/install/velodyne_description
[1.481s] Invoking command in '/home/robojackets/urc_ws/colcon-urc/src/urc-software/build/velodyne_description': CMAKE_PREFIX_PATH=/opt/ros/galactic:${CMAKE_PREFIX_PATH} /usr/bin/cmake --build /home/robojackets/urc_ws/colcon-urc/src/urc-software/build/velodyne_description -- -j2 -l2
[1.571s] Invoked command in '/home/robojackets/urc_ws/colcon-urc/src/urc-software/build/velodyne_description' returned '0': CMAKE_PREFIX_PATH=/opt/ros/galactic:${CMAKE_PREFIX_PATH} /usr/bin/cmake --build /home/robojackets/urc_ws/colcon-urc/src/urc-software/build/velodyne_description -- -j2 -l2
[1.648s] Invoking command in '/home/robojackets/urc_ws/colcon-urc/src/urc-software/build/velodyne_description': CMAKE_PREFIX_PATH=/opt/ros/galactic:${CMAKE_PREFIX_PATH} /usr/bin/cmake --install /home/robojackets/urc_ws/colcon-urc/src/urc-software/build/velodyne_description
[1.671s] -- Install configuration: ""
[1.673s] -- Execute custom install script
[1.675s] -- Symlinking: /home/robojackets/urc_ws/colcon-urc/src/urc-software/install/velodyne_description/share/ament_index/resource_index/package_run_dependencies/velodyne_description
[1.693s] -- Symlinking: /home/robojackets/urc_ws/colcon-urc/src/urc-software/install/velodyne_description/share/ament_index/resource_index/parent_prefix_path/velodyne_description
[1.714s] -- Symlinking: /home/robojackets/urc_ws/colcon-urc/src/urc-software/install/velodyne_description/share/velodyne_description/environment/ament_prefix_path.sh
[1.732s] -- Symlinking: /home/robojackets/urc_ws/colcon-urc/src/urc-software/install/velodyne_description/share/velodyne_description/environment/ament_prefix_path.dsv
[1.749s] -- Symlinking: /home/robojackets/urc_ws/colcon-urc/src/urc-software/install/velodyne_description/share/velodyne_description/environment/path.sh
[1.770s] -- Symlinking: /home/robojackets/urc_ws/colcon-urc/src/urc-software/install/velodyne_description/share/velodyne_description/environment/path.dsv
[1.792s] -- Symlinking: /home/robojackets/urc_ws/colcon-urc/src/urc-software/install/velodyne_description/share/velodyne_description/local_setup.bash
[1.823s] -- Symlinking: /home/robojackets/urc_ws/colcon-urc/src/urc-software/install/velodyne_description/share/velodyne_description/local_setup.sh
[1.843s] -- Symlinking: /home/robojackets/urc_ws/colcon-urc/src/urc-software/install/velodyne_description/share/velodyne_description/local_setup.zsh
[1.861s] -- Symlinking: /home/robojackets/urc_ws/colcon-urc/src/urc-software/install/velodyne_description/share/velodyne_description/local_setup.dsv
[1.878s] -- Symlinking: /home/robojackets/urc_ws/colcon-urc/src/urc-software/install/velodyne_description/share/velodyne_description/package.dsv
[1.899s] -- Symlinking: /home/robojackets/urc_ws/colcon-urc/src/urc-software/install/velodyne_description/share/ament_index/resource_index/packages/velodyne_description
[1.928s] -- Symlinking: /home/robojackets/urc_ws/colcon-urc/src/urc-software/install/velodyne_description/share/velodyne_description/cmake/velodyne_descriptionConfig.cmake
[1.953s] -- Symlinking: /home/robojackets/urc_ws/colcon-urc/src/urc-software/install/velodyne_description/share/velodyne_description/cmake/velodyne_descriptionConfig-version.cmake
[1.975s] -- Symlinking: /home/robojackets/urc_ws/colcon-urc/src/urc-software/install/velodyne_description/share/velodyne_description/package.xml
[1.996s] -- Symlinking: /home/robojackets/urc_ws/colcon-urc/src/urc-software/install/velodyne_description/share/velodyne_description/launch/example-launch.py
[2.017s] -- Symlinking: /home/robojackets/urc_ws/colcon-urc/src/urc-software/install/velodyne_description/share/velodyne_description/meshes/HDL32E_base.dae
[2.035s] -- Symlinking: /home/robojackets/urc_ws/colcon-urc/src/urc-software/install/velodyne_description/share/velodyne_description/meshes/HDL32E_base.stl
[2.051s] -- Symlinking: /home/robojackets/urc_ws/colcon-urc/src/urc-software/install/velodyne_description/share/velodyne_description/meshes/HDL32E_scan.dae
[2.066s] -- Symlinking: /home/robojackets/urc_ws/colcon-urc/src/urc-software/install/velodyne_description/share/velodyne_description/meshes/HDL32E_scan.stl
[2.120s] -- Symlinking: /home/robojackets/urc_ws/colcon-urc/src/urc-software/install/velodyne_description/share/velodyne_description/meshes/VLP16_base_1.dae
[2.167s] -- Symlinking: /home/robojackets/urc_ws/colcon-urc/src/urc-software/install/velodyne_description/share/velodyne_description/meshes/VLP16_base_1.stl
[2.201s] -- Symlinking: /home/robojackets/urc_ws/colcon-urc/src/urc-software/install/velodyne_description/share/velodyne_description/meshes/VLP16_base_2.dae
[2.233s] -- Symlinking: /home/robojackets/urc_ws/colcon-urc/src/urc-software/install/velodyne_description/share/velodyne_description/meshes/VLP16_base_2.stl
[2.249s] -- Symlinking: /home/robojackets/urc_ws/colcon-urc/src/urc-software/install/velodyne_description/share/velodyne_description/meshes/VLP16_scan.dae
[2.266s] -- Symlinking: /home/robojackets/urc_ws/colcon-urc/src/urc-software/install/velodyne_description/share/velodyne_description/meshes/VLP16_scan.stl
[2.283s] -- Symlinking: /home/robojackets/urc_ws/colcon-urc/src/urc-software/install/velodyne_description/share/velodyne_description/rviz/example.rviz
[2.302s] -- Symlinking: /home/robojackets/urc_ws/colcon-urc/src/urc-software/install/velodyne_description/share/velodyne_description/urdf/HDL-32E.urdf.xacro
[2.318s] -- Symlinking: /home/robojackets/urc_ws/colcon-urc/src/urc-software/install/velodyne_description/share/velodyne_description/urdf/VLP-16.urdf.xacro
[2.332s] -- Symlinking: /home/robojackets/urc_ws/colcon-urc/src/urc-software/install/velodyne_description/share/velodyne_description/urdf/VLP-32C.urdf.xacro
[2.346s] -- Symlinking: /home/robojackets/urc_ws/colcon-urc/src/urc-software/install/velodyne_description/share/velodyne_description/urdf/example.urdf.xacro
[2.361s] -- Symlinking: /home/robojackets/urc_ws/colcon-urc/src/urc-software/install/velodyne_description/share/velodyne_description/world/example.world
[2.382s] Invoked command in '/home/robojackets/urc_ws/colcon-urc/src/urc-software/build/velodyne_description' returned '0': CMAKE_PREFIX_PATH=/opt/ros/galactic:${CMAKE_PREFIX_PATH} /usr/bin/cmake --install /home/robojackets/urc_ws/colcon-urc/src/urc-software/build/velodyne_description
