[0.021s] Invoking command in '/home/robojackets/urc_ws/colcon-urc/src/urc-software/build/urc_manipulation': CMAKE_PREFIX_PATH=/home/robojackets/urc_ws/colcon-urc/install/urc_util:/home/robojackets/urc_ws/colcon-urc/install/urc_platform:/home/robojackets/urc_ws/colcon-urc/install/urc_perception:/home/robojackets/urc_ws/colcon-urc/install/urc_navigation:/home/robojackets/urc_ws/colcon-urc/install/urc_gazebo:/home/robojackets/urc_ws/colcon-urc/install/urc_msgs:/home/robojackets/urc_ws/colcon-urc/install/urc_manipulation:/home/robojackets/urc_ws/colcon-urc/install/urc_analysis:/home/robojackets/urc_ws/colcon-urc/install/nanopb:/opt/ros/galactic:/home/robojackets/robojackets_ws/catkin_ws/devel:/opt/ros/noetic /usr/bin/cmake /home/robojackets/urc_ws/colcon-urc/src/urc-software/urc_manipulation -DAMENT_CMAKE_SYMLINK_INSTALL=1 -DCMAKE_INSTALL_PREFIX=/home/robojackets/urc_ws/colcon-urc/src/urc-software/install/urc_manipulation
[0.124s] -- The C compiler identification is GNU 9.4.0
[0.202s] -- The CXX compiler identification is GNU 9.4.0
[0.208s] -- Check for working C compiler: /usr/bin/cc
[0.301s] -- Check for working C compiler: /usr/bin/cc -- works
[0.303s] -- Detecting C compiler ABI info
[0.386s] -- Detecting C compiler ABI info - done
[0.401s] -- Detecting C compile features
[0.402s] -- Detecting C compile features - done
[0.405s] -- Check for working CXX compiler: /usr/bin/c++
[0.512s] -- Check for working CXX compiler: /usr/bin/c++ -- works
[0.512s] -- Detecting CXX compiler ABI info
[0.620s] -- Detecting CXX compiler ABI info - done
[0.634s] -- Detecting CXX compile features
[0.635s] -- Detecting CXX compile features - done
[0.642s] -- Found ament_cmake: 1.1.5 (/opt/ros/galactic/share/ament_cmake/cmake)
[0.668s] -- Found PythonInterp: /usr/bin/python3 (found suitable version "3.8.10", minimum required is "3") 
[0.668s] -- Using PYTHON_EXECUTABLE: /usr/bin/python3
[0.736s] -- Override CMake install command with custom implementation using symlinks instead of copying resources
[0.770s] -- Found ament_lint_auto: 0.10.7 (/opt/ros/galactic/share/ament_lint_auto/cmake)
[0.867s] -- Added test 'lint_cmake' to check CMake code style
[0.868s] -- Added test 'xmllint' to check XML markup files
[0.875s] -- Configuring done
[0.881s] -- Generating done
[0.884s] -- Build files have been written to: /home/robojackets/urc_ws/colcon-urc/src/urc-software/build/urc_manipulation
[0.891s] Invoked command in '/home/robojackets/urc_ws/colcon-urc/src/urc-software/build/urc_manipulation' returned '0': CMAKE_PREFIX_PATH=/home/robojackets/urc_ws/colcon-urc/install/urc_util:/home/robojackets/urc_ws/colcon-urc/install/urc_platform:/home/robojackets/urc_ws/colcon-urc/install/urc_perception:/home/robojackets/urc_ws/colcon-urc/install/urc_navigation:/home/robojackets/urc_ws/colcon-urc/install/urc_gazebo:/home/robojackets/urc_ws/colcon-urc/install/urc_msgs:/home/robojackets/urc_ws/colcon-urc/install/urc_manipulation:/home/robojackets/urc_ws/colcon-urc/install/urc_analysis:/home/robojackets/urc_ws/colcon-urc/install/nanopb:/opt/ros/galactic:/home/robojackets/robojackets_ws/catkin_ws/devel:/opt/ros/noetic /usr/bin/cmake /home/robojackets/urc_ws/colcon-urc/src/urc-software/urc_manipulation -DAMENT_CMAKE_SYMLINK_INSTALL=1 -DCMAKE_INSTALL_PREFIX=/home/robojackets/urc_ws/colcon-urc/src/urc-software/install/urc_manipulation
[0.892s] Invoking command in '/home/robojackets/urc_ws/colcon-urc/src/urc-software/build/urc_manipulation': CMAKE_PREFIX_PATH=/home/robojackets/urc_ws/colcon-urc/install/urc_util:/home/robojackets/urc_ws/colcon-urc/install/urc_platform:/home/robojackets/urc_ws/colcon-urc/install/urc_perception:/home/robojackets/urc_ws/colcon-urc/install/urc_navigation:/home/robojackets/urc_ws/colcon-urc/install/urc_gazebo:/home/robojackets/urc_ws/colcon-urc/install/urc_msgs:/home/robojackets/urc_ws/colcon-urc/install/urc_manipulation:/home/robojackets/urc_ws/colcon-urc/install/urc_analysis:/home/robojackets/urc_ws/colcon-urc/install/nanopb:/opt/ros/galactic:/home/robojackets/robojackets_ws/catkin_ws/devel:/opt/ros/noetic /usr/bin/cmake --build /home/robojackets/urc_ws/colcon-urc/src/urc-software/build/urc_manipulation -- -j2 -l2
[0.959s] Invoked command in '/home/robojackets/urc_ws/colcon-urc/src/urc-software/build/urc_manipulation' returned '0': CMAKE_PREFIX_PATH=/home/robojackets/urc_ws/colcon-urc/install/urc_util:/home/robojackets/urc_ws/colcon-urc/install/urc_platform:/home/robojackets/urc_ws/colcon-urc/install/urc_perception:/home/robojackets/urc_ws/colcon-urc/install/urc_navigation:/home/robojackets/urc_ws/colcon-urc/install/urc_gazebo:/home/robojackets/urc_ws/colcon-urc/install/urc_msgs:/home/robojackets/urc_ws/colcon-urc/install/urc_manipulation:/home/robojackets/urc_ws/colcon-urc/install/urc_analysis:/home/robojackets/urc_ws/colcon-urc/install/nanopb:/opt/ros/galactic:/home/robojackets/robojackets_ws/catkin_ws/devel:/opt/ros/noetic /usr/bin/cmake --build /home/robojackets/urc_ws/colcon-urc/src/urc-software/build/urc_manipulation -- -j2 -l2
[0.995s] Invoking command in '/home/robojackets/urc_ws/colcon-urc/src/urc-software/build/urc_manipulation': CMAKE_PREFIX_PATH=/home/robojackets/urc_ws/colcon-urc/install/urc_util:/home/robojackets/urc_ws/colcon-urc/install/urc_platform:/home/robojackets/urc_ws/colcon-urc/install/urc_perception:/home/robojackets/urc_ws/colcon-urc/install/urc_navigation:/home/robojackets/urc_ws/colcon-urc/install/urc_gazebo:/home/robojackets/urc_ws/colcon-urc/install/urc_msgs:/home/robojackets/urc_ws/colcon-urc/install/urc_manipulation:/home/robojackets/urc_ws/colcon-urc/install/urc_analysis:/home/robojackets/urc_ws/colcon-urc/install/nanopb:/opt/ros/galactic:/home/robojackets/robojackets_ws/catkin_ws/devel:/opt/ros/noetic /usr/bin/cmake --install /home/robojackets/urc_ws/colcon-urc/src/urc-software/build/urc_manipulation
[1.006s] -- Install configuration: ""
[1.007s] -- Execute custom install script
[1.008s] -- Symlinking: /home/robojackets/urc_ws/colcon-urc/src/urc-software/install/urc_manipulation/share/ament_index/resource_index/package_run_dependencies/urc_manipulation
[1.018s] -- Symlinking: /home/robojackets/urc_ws/colcon-urc/src/urc-software/install/urc_manipulation/share/ament_index/resource_index/parent_prefix_path/urc_manipulation
[1.031s] -- Symlinking: /home/robojackets/urc_ws/colcon-urc/src/urc-software/install/urc_manipulation/share/urc_manipulation/environment/ament_prefix_path.sh
[1.040s] -- Symlinking: /home/robojackets/urc_ws/colcon-urc/src/urc-software/install/urc_manipulation/share/urc_manipulation/environment/ament_prefix_path.dsv
[1.049s] -- Symlinking: /home/robojackets/urc_ws/colcon-urc/src/urc-software/install/urc_manipulation/share/urc_manipulation/environment/path.sh
[1.059s] -- Symlinking: /home/robojackets/urc_ws/colcon-urc/src/urc-software/install/urc_manipulation/share/urc_manipulation/environment/path.dsv
[1.069s] -- Symlinking: /home/robojackets/urc_ws/colcon-urc/src/urc-software/install/urc_manipulation/share/urc_manipulation/local_setup.bash
[1.078s] -- Symlinking: /home/robojackets/urc_ws/colcon-urc/src/urc-software/install/urc_manipulation/share/urc_manipulation/local_setup.sh
[1.087s] -- Symlinking: /home/robojackets/urc_ws/colcon-urc/src/urc-software/install/urc_manipulation/share/urc_manipulation/local_setup.zsh
[1.097s] -- Symlinking: /home/robojackets/urc_ws/colcon-urc/src/urc-software/install/urc_manipulation/share/urc_manipulation/local_setup.dsv
[1.111s] -- Symlinking: /home/robojackets/urc_ws/colcon-urc/src/urc-software/install/urc_manipulation/share/urc_manipulation/package.dsv
[1.121s] -- Symlinking: /home/robojackets/urc_ws/colcon-urc/src/urc-software/install/urc_manipulation/share/ament_index/resource_index/packages/urc_manipulation
[1.130s] -- Symlinking: /home/robojackets/urc_ws/colcon-urc/src/urc-software/install/urc_manipulation/share/urc_manipulation/cmake/urc_manipulationConfig.cmake
[1.139s] -- Symlinking: /home/robojackets/urc_ws/colcon-urc/src/urc-software/install/urc_manipulation/share/urc_manipulation/cmake/urc_manipulationConfig-version.cmake
[1.149s] -- Symlinking: /home/robojackets/urc_ws/colcon-urc/src/urc-software/install/urc_manipulation/share/urc_manipulation/package.xml
[1.159s] -- Symlinking: /home/robojackets/urc_ws/colcon-urc/src/urc-software/install/urc_manipulation/share/urc_manipulation//launch/.gitkeep
[1.169s] Invoked command in '/home/robojackets/urc_ws/colcon-urc/src/urc-software/build/urc_manipulation' returned '0': CMAKE_PREFIX_PATH=/home/robojackets/urc_ws/colcon-urc/install/urc_util:/home/robojackets/urc_ws/colcon-urc/install/urc_platform:/home/robojackets/urc_ws/colcon-urc/install/urc_perception:/home/robojackets/urc_ws/colcon-urc/install/urc_navigation:/home/robojackets/urc_ws/colcon-urc/install/urc_gazebo:/home/robojackets/urc_ws/colcon-urc/install/urc_msgs:/home/robojackets/urc_ws/colcon-urc/install/urc_manipulation:/home/robojackets/urc_ws/colcon-urc/install/urc_analysis:/home/robojackets/urc_ws/colcon-urc/install/nanopb:/opt/ros/galactic:/home/robojackets/robojackets_ws/catkin_ws/devel:/opt/ros/noetic /usr/bin/cmake --install /home/robojackets/urc_ws/colcon-urc/src/urc-software/build/urc_manipulation
