[0.075s] Invoking command in '/home/robojackets/urc_ws/colcon-urc/src/urc-software/build/urc_navigation': CMAKE_PREFIX_PATH=/opt/ros/galactic:${CMAKE_PREFIX_PATH} /usr/bin/cmake --build /home/robojackets/urc_ws/colcon-urc/src/urc-software/build/urc_navigation -- -j2 -l2
[0.185s] Invoked command in '/home/robojackets/urc_ws/colcon-urc/src/urc-software/build/urc_navigation' returned '0': CMAKE_PREFIX_PATH=/opt/ros/galactic:${CMAKE_PREFIX_PATH} /usr/bin/cmake --build /home/robojackets/urc_ws/colcon-urc/src/urc-software/build/urc_navigation -- -j2 -l2
[0.231s] Invoking command in '/home/robojackets/urc_ws/colcon-urc/src/urc-software/build/urc_navigation': CMAKE_PREFIX_PATH=/opt/ros/galactic:${CMAKE_PREFIX_PATH} /usr/bin/cmake --install /home/robojackets/urc_ws/colcon-urc/src/urc-software/build/urc_navigation
[0.252s] -- Install configuration: ""
[0.254s] -- Execute custom install script
[0.261s] -- Up-to-date symlink: /home/robojackets/urc_ws/colcon-urc/src/urc-software/install/urc_navigation/share/ament_index/resource_index/package_run_dependencies/urc_navigation
[0.266s] -- Up-to-date symlink: /home/robojackets/urc_ws/colcon-urc/src/urc-software/install/urc_navigation/share/ament_index/resource_index/parent_prefix_path/urc_navigation
[0.267s] -- Up-to-date symlink: /home/robojackets/urc_ws/colcon-urc/src/urc-software/install/urc_navigation/share/urc_navigation/environment/ament_prefix_path.sh
[0.267s] -- Up-to-date symlink: /home/robojackets/urc_ws/colcon-urc/src/urc-software/install/urc_navigation/share/urc_navigation/environment/ament_prefix_path.dsv
[0.268s] -- Up-to-date symlink: /home/robojackets/urc_ws/colcon-urc/src/urc-software/install/urc_navigation/share/urc_navigation/environment/path.sh
[0.268s] -- Up-to-date symlink: /home/robojackets/urc_ws/colcon-urc/src/urc-software/install/urc_navigation/share/urc_navigation/environment/path.dsv
[0.269s] -- Up-to-date symlink: /home/robojackets/urc_ws/colcon-urc/src/urc-software/install/urc_navigation/share/urc_navigation/local_setup.bash
[0.269s] -- Up-to-date symlink: /home/robojackets/urc_ws/colcon-urc/src/urc-software/install/urc_navigation/share/urc_navigation/local_setup.sh
[0.270s] -- Up-to-date symlink: /home/robojackets/urc_ws/colcon-urc/src/urc-software/install/urc_navigation/share/urc_navigation/local_setup.zsh
[0.270s] -- Up-to-date symlink: /home/robojackets/urc_ws/colcon-urc/src/urc-software/install/urc_navigation/share/urc_navigation/local_setup.dsv
[0.271s] -- Symlinking: /home/robojackets/urc_ws/colcon-urc/src/urc-software/install/urc_navigation/share/urc_navigation/package.dsv
[0.283s] -- Up-to-date symlink: /home/robojackets/urc_ws/colcon-urc/src/urc-software/install/urc_navigation/share/ament_index/resource_index/packages/urc_navigation
[0.284s] -- Up-to-date symlink: /home/robojackets/urc_ws/colcon-urc/src/urc-software/install/urc_navigation/share/urc_navigation/cmake/urc_navigationConfig.cmake
[0.284s] -- Up-to-date symlink: /home/robojackets/urc_ws/colcon-urc/src/urc-software/install/urc_navigation/share/urc_navigation/cmake/urc_navigationConfig-version.cmake
[0.285s] -- Up-to-date symlink: /home/robojackets/urc_ws/colcon-urc/src/urc-software/install/urc_navigation/share/urc_navigation/package.xml
[0.285s] -- Up-to-date symlink: /home/robojackets/urc_ws/colcon-urc/src/urc-software/install/urc_navigation/share/urc_navigation//launch/.gitkeep
[0.292s] Invoked command in '/home/robojackets/urc_ws/colcon-urc/src/urc-software/build/urc_navigation' returned '0': CMAKE_PREFIX_PATH=/opt/ros/galactic:${CMAKE_PREFIX_PATH} /usr/bin/cmake --install /home/robojackets/urc_ws/colcon-urc/src/urc-software/build/urc_navigation
