[0.055s] Invoking command in '/home/robojackets/urc_ws/colcon-urc/src/urc-software/build/nanopb': /usr/bin/cmake --build /home/robojackets/urc_ws/colcon-urc/src/urc-software/build/nanopb -- -j2 -l2
[0.177s] [ 80%] Built target protobuf-nanopb-static
[0.193s] [100%] Built target generate_nanopb_pb2.py
[0.226s] Invoked command in '/home/robojackets/urc_ws/colcon-urc/src/urc-software/build/nanopb' returned '0': /usr/bin/cmake --build /home/robojackets/urc_ws/colcon-urc/src/urc-software/build/nanopb -- -j2 -l2
[0.301s] Invoking command in '/home/robojackets/urc_ws/colcon-urc/src/urc-software/build/nanopb': /usr/bin/cmake --install /home/robojackets/urc_ws/colcon-urc/src/urc-software/build/nanopb
[0.317s] -- Install configuration: ""
[0.318s] -- Up-to-date: /home/robojackets/urc_ws/colcon-urc/src/urc-software/install/nanopb/lib/python3.8/site-packages/proto/nanopb_pb2.py
[0.319s] -- Up-to-date: /home/robojackets/urc_ws/colcon-urc/src/urc-software/install/nanopb/lib/python3.8/site-packages/proto/nanopb.proto
[0.320s] -- Up-to-date: /home/robojackets/urc_ws/colcon-urc/src/urc-software/install/nanopb/lib/python3.8/site-packages/proto/_utils.py
[0.321s] -- Up-to-date: /home/robojackets/urc_ws/colcon-urc/src/urc-software/install/nanopb/bin/nanopb_generator.py
[0.322s] -- Up-to-date: /home/robojackets/urc_ws/colcon-urc/src/urc-software/install/nanopb/bin/protoc-gen-nanopb
[0.323s] -- Up-to-date: /home/robojackets/urc_ws/colcon-urc/src/urc-software/install/nanopb/lib/libprotobuf-nanopb.a
[0.324s] -- Up-to-date: /home/robojackets/urc_ws/colcon-urc/src/urc-software/install/nanopb/lib/cmake/nanopb/nanopb-targets.cmake
[0.325s] -- Up-to-date: /home/robojackets/urc_ws/colcon-urc/src/urc-software/install/nanopb/lib/cmake/nanopb/nanopb-targets-noconfig.cmake
[0.326s] -- Up-to-date: /home/robojackets/urc_ws/colcon-urc/src/urc-software/install/nanopb/lib/cmake/nanopb/nanopb-config.cmake
[0.327s] -- Up-to-date: /home/robojackets/urc_ws/colcon-urc/src/urc-software/install/nanopb/lib/cmake/nanopb/nanopb-config-version.cmake
[0.328s] -- Up-to-date: /home/robojackets/urc_ws/colcon-urc/src/urc-software/install/nanopb/include/pb.h
[0.329s] -- Up-to-date: /home/robojackets/urc_ws/colcon-urc/src/urc-software/install/nanopb/include/pb_common.h
[0.329s] -- Up-to-date: /home/robojackets/urc_ws/colcon-urc/src/urc-software/install/nanopb/include/pb_encode.h
[0.330s] -- Up-to-date: /home/robojackets/urc_ws/colcon-urc/src/urc-software/install/nanopb/include/pb_decode.h
[0.334s] Invoked command in '/home/robojackets/urc_ws/colcon-urc/src/urc-software/build/nanopb' returned '0': /usr/bin/cmake --install /home/robojackets/urc_ws/colcon-urc/src/urc-software/build/nanopb
