[0.045s] Invoking command in '/home/robojackets/urc_ws/colcon-urc/src/urc-software/build/urc_msgs': CMAKE_PREFIX_PATH=/opt/ros/galactic:${CMAKE_PREFIX_PATH} /usr/bin/cmake --build /home/robojackets/urc_ws/colcon-urc/src/urc-software/build/urc_msgs -- -j2 -l2
[0.163s] Invoked command in '/home/robojackets/urc_ws/colcon-urc/src/urc-software/build/urc_msgs' returned '0': CMAKE_PREFIX_PATH=/opt/ros/galactic:${CMAKE_PREFIX_PATH} /usr/bin/cmake --build /home/robojackets/urc_ws/colcon-urc/src/urc-software/build/urc_msgs -- -j2 -l2
[0.232s] Invoking command in '/home/robojackets/urc_ws/colcon-urc/src/urc-software/build/urc_msgs': CMAKE_PREFIX_PATH=/opt/ros/galactic:${CMAKE_PREFIX_PATH} /usr/bin/cmake --install /home/robojackets/urc_ws/colcon-urc/src/urc-software/build/urc_msgs
[0.251s] -- Install configuration: ""
[0.252s] -- Execute custom install script
[0.253s] -- Up-to-date symlink: /home/robojackets/urc_ws/colcon-urc/src/urc-software/install/urc_msgs/share/ament_index/resource_index/package_run_dependencies/urc_msgs
[0.255s] -- Up-to-date symlink: /home/robojackets/urc_ws/colcon-urc/src/urc-software/install/urc_msgs/share/ament_index/resource_index/parent_prefix_path/urc_msgs
[0.256s] -- Up-to-date symlink: /home/robojackets/urc_ws/colcon-urc/src/urc-software/install/urc_msgs/share/urc_msgs/environment/ament_prefix_path.sh
[0.257s] -- Up-to-date symlink: /home/robojackets/urc_ws/colcon-urc/src/urc-software/install/urc_msgs/share/urc_msgs/environment/ament_prefix_path.dsv
[0.257s] -- Up-to-date symlink: /home/robojackets/urc_ws/colcon-urc/src/urc-software/install/urc_msgs/share/urc_msgs/environment/path.sh
[0.258s] -- Up-to-date symlink: /home/robojackets/urc_ws/colcon-urc/src/urc-software/install/urc_msgs/share/urc_msgs/environment/path.dsv
[0.258s] -- Up-to-date symlink: /home/robojackets/urc_ws/colcon-urc/src/urc-software/install/urc_msgs/share/urc_msgs/local_setup.bash
[0.259s] -- Up-to-date symlink: /home/robojackets/urc_ws/colcon-urc/src/urc-software/install/urc_msgs/share/urc_msgs/local_setup.sh
[0.259s] -- Up-to-date symlink: /home/robojackets/urc_ws/colcon-urc/src/urc-software/install/urc_msgs/share/urc_msgs/local_setup.zsh
[0.260s] -- Up-to-date symlink: /home/robojackets/urc_ws/colcon-urc/src/urc-software/install/urc_msgs/share/urc_msgs/local_setup.dsv
[0.261s] -- Symlinking: /home/robojackets/urc_ws/colcon-urc/src/urc-software/install/urc_msgs/share/urc_msgs/package.dsv
[0.273s] -- Up-to-date symlink: /home/robojackets/urc_ws/colcon-urc/src/urc-software/install/urc_msgs/share/ament_index/resource_index/packages/urc_msgs
[0.274s] -- Up-to-date symlink: /home/robojackets/urc_ws/colcon-urc/src/urc-software/install/urc_msgs/share/urc_msgs/cmake/urc_msgsConfig.cmake
[0.275s] -- Up-to-date symlink: /home/robojackets/urc_ws/colcon-urc/src/urc-software/install/urc_msgs/share/urc_msgs/cmake/urc_msgsConfig-version.cmake
[0.276s] -- Up-to-date symlink: /home/robojackets/urc_ws/colcon-urc/src/urc-software/install/urc_msgs/share/urc_msgs/package.xml
[0.277s] -- Up-to-date symlink: /home/robojackets/urc_ws/colcon-urc/src/urc-software/install/urc_msgs/share/urc_msgs//launch/.gitkeep
[0.280s] Invoked command in '/home/robojackets/urc_ws/colcon-urc/src/urc-software/build/urc_msgs' returned '0': CMAKE_PREFIX_PATH=/opt/ros/galactic:${CMAKE_PREFIX_PATH} /usr/bin/cmake --install /home/robojackets/urc_ws/colcon-urc/src/urc-software/build/urc_msgs
