[0.020s] Invoking command in '/home/robojackets/urc_ws/colcon-urc/src/urc-software/build/urc_manipulation': CMAKE_PREFIX_PATH=/opt/ros/galactic:${CMAKE_PREFIX_PATH} /usr/bin/cmake --build /home/robojackets/urc_ws/colcon-urc/src/urc-software/build/urc_manipulation -- -j2 -l2
[0.082s] Invoked command in '/home/robojackets/urc_ws/colcon-urc/src/urc-software/build/urc_manipulation' returned '0': CMAKE_PREFIX_PATH=/opt/ros/galactic:${CMAKE_PREFIX_PATH} /usr/bin/cmake --build /home/robojackets/urc_ws/colcon-urc/src/urc-software/build/urc_manipulation -- -j2 -l2
[0.113s] Invoking command in '/home/robojackets/urc_ws/colcon-urc/src/urc-software/build/urc_manipulation': CMAKE_PREFIX_PATH=/opt/ros/galactic:${CMAKE_PREFIX_PATH} /usr/bin/cmake --install /home/robojackets/urc_ws/colcon-urc/src/urc-software/build/urc_manipulation
[0.126s] -- Install configuration: ""
[0.130s] -- Execute custom install script
[0.130s] -- Up-to-date symlink: /home/robojackets/urc_ws/colcon-urc/src/urc-software/install/urc_manipulation/share/ament_index/resource_index/package_run_dependencies/urc_manipulation
[0.130s] -- Up-to-date symlink: /home/robojackets/urc_ws/colcon-urc/src/urc-software/install/urc_manipulation/share/ament_index/resource_index/parent_prefix_path/urc_manipulation
[0.130s] -- Up-to-date symlink: /home/robojackets/urc_ws/colcon-urc/src/urc-software/install/urc_manipulation/share/urc_manipulation/environment/ament_prefix_path.sh
[0.131s] -- Up-to-date symlink: /home/robojackets/urc_ws/colcon-urc/src/urc-software/install/urc_manipulation/share/urc_manipulation/environment/ament_prefix_path.dsv
[0.131s] -- Up-to-date symlink: /home/robojackets/urc_ws/colcon-urc/src/urc-software/install/urc_manipulation/share/urc_manipulation/environment/path.sh
[0.131s] -- Up-to-date symlink: /home/robojackets/urc_ws/colcon-urc/src/urc-software/install/urc_manipulation/share/urc_manipulation/environment/path.dsv
[0.131s] -- Up-to-date symlink: /home/robojackets/urc_ws/colcon-urc/src/urc-software/install/urc_manipulation/share/urc_manipulation/local_setup.bash
[0.131s] -- Up-to-date symlink: /home/robojackets/urc_ws/colcon-urc/src/urc-software/install/urc_manipulation/share/urc_manipulation/local_setup.sh
[0.131s] -- Up-to-date symlink: /home/robojackets/urc_ws/colcon-urc/src/urc-software/install/urc_manipulation/share/urc_manipulation/local_setup.zsh
[0.131s] -- Up-to-date symlink: /home/robojackets/urc_ws/colcon-urc/src/urc-software/install/urc_manipulation/share/urc_manipulation/local_setup.dsv
[0.131s] -- Symlinking: /home/robojackets/urc_ws/colcon-urc/src/urc-software/install/urc_manipulation/share/urc_manipulation/package.dsv
[0.152s] -- Up-to-date symlink: /home/robojackets/urc_ws/colcon-urc/src/urc-software/install/urc_manipulation/share/ament_index/resource_index/packages/urc_manipulation
[0.152s] -- Up-to-date symlink: /home/robojackets/urc_ws/colcon-urc/src/urc-software/install/urc_manipulation/share/urc_manipulation/cmake/urc_manipulationConfig.cmake
[0.152s] -- Up-to-date symlink: /home/robojackets/urc_ws/colcon-urc/src/urc-software/install/urc_manipulation/share/urc_manipulation/cmake/urc_manipulationConfig-version.cmake
[0.163s] -- Up-to-date symlink: /home/robojackets/urc_ws/colcon-urc/src/urc-software/install/urc_manipulation/share/urc_manipulation/package.xml
[0.164s] -- Up-to-date symlink: /home/robojackets/urc_ws/colcon-urc/src/urc-software/install/urc_manipulation/share/urc_manipulation//launch/.gitkeep
[0.165s] Invoked command in '/home/robojackets/urc_ws/colcon-urc/src/urc-software/build/urc_manipulation' returned '0': CMAKE_PREFIX_PATH=/opt/ros/galactic:${CMAKE_PREFIX_PATH} /usr/bin/cmake --install /home/robojackets/urc_ws/colcon-urc/src/urc-software/build/urc_manipulation
