[0.038s] Invoking command in '/home/robojackets/urc_ws/colcon-urc/src/urc-software/build/urc_msgs': CMAKE_PREFIX_PATH=/home/robojackets/urc_ws/colcon-urc/install/urc_util:/home/robojackets/urc_ws/colcon-urc/install/urc_platform:/home/robojackets/urc_ws/colcon-urc/install/urc_perception:/home/robojackets/urc_ws/colcon-urc/install/urc_navigation:/home/robojackets/urc_ws/colcon-urc/install/urc_gazebo:/home/robojackets/urc_ws/colcon-urc/install/urc_msgs:/home/robojackets/urc_ws/colcon-urc/install/urc_manipulation:/home/robojackets/urc_ws/colcon-urc/install/urc_analysis:/home/robojackets/urc_ws/colcon-urc/install/nanopb:/opt/ros/galactic:/home/robojackets/robojackets_ws/catkin_ws/devel:/opt/ros/noetic /usr/bin/cmake --build /home/robojackets/urc_ws/colcon-urc/src/urc-software/build/urc_msgs -- -j2 -l2
[0.093s] Invoked command in '/home/robojackets/urc_ws/colcon-urc/src/urc-software/build/urc_msgs' returned '0': CMAKE_PREFIX_PATH=/home/robojackets/urc_ws/colcon-urc/install/urc_util:/home/robojackets/urc_ws/colcon-urc/install/urc_platform:/home/robojackets/urc_ws/colcon-urc/install/urc_perception:/home/robojackets/urc_ws/colcon-urc/install/urc_navigation:/home/robojackets/urc_ws/colcon-urc/install/urc_gazebo:/home/robojackets/urc_ws/colcon-urc/install/urc_msgs:/home/robojackets/urc_ws/colcon-urc/install/urc_manipulation:/home/robojackets/urc_ws/colcon-urc/install/urc_analysis:/home/robojackets/urc_ws/colcon-urc/install/nanopb:/opt/ros/galactic:/home/robojackets/robojackets_ws/catkin_ws/devel:/opt/ros/noetic /usr/bin/cmake --build /home/robojackets/urc_ws/colcon-urc/src/urc-software/build/urc_msgs -- -j2 -l2
[0.137s] Invoking command in '/home/robojackets/urc_ws/colcon-urc/src/urc-software/build/urc_msgs': CMAKE_PREFIX_PATH=/home/robojackets/urc_ws/colcon-urc/install/urc_util:/home/robojackets/urc_ws/colcon-urc/install/urc_platform:/home/robojackets/urc_ws/colcon-urc/install/urc_perception:/home/robojackets/urc_ws/colcon-urc/install/urc_navigation:/home/robojackets/urc_ws/colcon-urc/install/urc_gazebo:/home/robojackets/urc_ws/colcon-urc/install/urc_msgs:/home/robojackets/urc_ws/colcon-urc/install/urc_manipulation:/home/robojackets/urc_ws/colcon-urc/install/urc_analysis:/home/robojackets/urc_ws/colcon-urc/install/nanopb:/opt/ros/galactic:/home/robojackets/robojackets_ws/catkin_ws/devel:/opt/ros/noetic /usr/bin/cmake --install /home/robojackets/urc_ws/colcon-urc/src/urc-software/build/urc_msgs
[0.148s] -- Install configuration: ""
[0.149s] -- Execute custom install script
[0.150s] -- Up-to-date symlink: /home/robojackets/urc_ws/colcon-urc/src/urc-software/install/urc_msgs/share/ament_index/resource_index/package_run_dependencies/urc_msgs
[0.157s] -- Up-to-date symlink: /home/robojackets/urc_ws/colcon-urc/src/urc-software/install/urc_msgs/share/ament_index/resource_index/parent_prefix_path/urc_msgs
[0.158s] -- Up-to-date symlink: /home/robojackets/urc_ws/colcon-urc/src/urc-software/install/urc_msgs/share/urc_msgs/environment/ament_prefix_path.sh
[0.158s] -- Up-to-date symlink: /home/robojackets/urc_ws/colcon-urc/src/urc-software/install/urc_msgs/share/urc_msgs/environment/ament_prefix_path.dsv
[0.158s] -- Up-to-date symlink: /home/robojackets/urc_ws/colcon-urc/src/urc-software/install/urc_msgs/share/urc_msgs/environment/path.sh
[0.158s] -- Up-to-date symlink: /home/robojackets/urc_ws/colcon-urc/src/urc-software/install/urc_msgs/share/urc_msgs/environment/path.dsv
[0.158s] -- Up-to-date symlink: /home/robojackets/urc_ws/colcon-urc/src/urc-software/install/urc_msgs/share/urc_msgs/local_setup.bash
[0.158s] -- Up-to-date symlink: /home/robojackets/urc_ws/colcon-urc/src/urc-software/install/urc_msgs/share/urc_msgs/local_setup.sh
[0.159s] -- Up-to-date symlink: /home/robojackets/urc_ws/colcon-urc/src/urc-software/install/urc_msgs/share/urc_msgs/local_setup.zsh
[0.159s] -- Up-to-date symlink: /home/robojackets/urc_ws/colcon-urc/src/urc-software/install/urc_msgs/share/urc_msgs/local_setup.dsv
[0.159s] -- Symlinking: /home/robojackets/urc_ws/colcon-urc/src/urc-software/install/urc_msgs/share/urc_msgs/package.dsv
[0.167s] -- Up-to-date symlink: /home/robojackets/urc_ws/colcon-urc/src/urc-software/install/urc_msgs/share/ament_index/resource_index/packages/urc_msgs
[0.167s] -- Up-to-date symlink: /home/robojackets/urc_ws/colcon-urc/src/urc-software/install/urc_msgs/share/urc_msgs/cmake/urc_msgsConfig.cmake
[0.168s] -- Up-to-date symlink: /home/robojackets/urc_ws/colcon-urc/src/urc-software/install/urc_msgs/share/urc_msgs/cmake/urc_msgsConfig-version.cmake
[0.169s] -- Up-to-date symlink: /home/robojackets/urc_ws/colcon-urc/src/urc-software/install/urc_msgs/share/urc_msgs/package.xml
[0.170s] -- Up-to-date symlink: /home/robojackets/urc_ws/colcon-urc/src/urc-software/install/urc_msgs/share/urc_msgs//launch/.gitkeep
[0.176s] Invoked command in '/home/robojackets/urc_ws/colcon-urc/src/urc-software/build/urc_msgs' returned '0': CMAKE_PREFIX_PATH=/home/robojackets/urc_ws/colcon-urc/install/urc_util:/home/robojackets/urc_ws/colcon-urc/install/urc_platform:/home/robojackets/urc_ws/colcon-urc/install/urc_perception:/home/robojackets/urc_ws/colcon-urc/install/urc_navigation:/home/robojackets/urc_ws/colcon-urc/install/urc_gazebo:/home/robojackets/urc_ws/colcon-urc/install/urc_msgs:/home/robojackets/urc_ws/colcon-urc/install/urc_manipulation:/home/robojackets/urc_ws/colcon-urc/install/urc_analysis:/home/robojackets/urc_ws/colcon-urc/install/nanopb:/opt/ros/galactic:/home/robojackets/robojackets_ws/catkin_ws/devel:/opt/ros/noetic /usr/bin/cmake --install /home/robojackets/urc_ws/colcon-urc/src/urc-software/build/urc_msgs
