[0.045s] Invoking command in '/home/robojackets/urc_ws/colcon-urc/src/urc-software/build/nanopb': /usr/bin/cmake --build /home/robojackets/urc_ws/colcon-urc/src/urc-software/build/nanopb -- -j2 -l2
[0.124s] [ 80%] Built target protobuf-nanopb-static
[0.127s] [100%] Built target generate_nanopb_pb2.py
[0.148s] Invoked command in '/home/robojackets/urc_ws/colcon-urc/src/urc-software/build/nanopb' returned '0': /usr/bin/cmake --build /home/robojackets/urc_ws/colcon-urc/src/urc-software/build/nanopb -- -j2 -l2
[0.186s] Invoking command in '/home/robojackets/urc_ws/colcon-urc/src/urc-software/build/nanopb': /usr/bin/cmake --install /home/robojackets/urc_ws/colcon-urc/src/urc-software/build/nanopb
[0.200s] -- Install configuration: ""
[0.201s] -- Up-to-date: /home/robojackets/urc_ws/colcon-urc/src/urc-software/install/nanopb/lib/python3.8/site-packages/proto/nanopb_pb2.py
[0.201s] -- Up-to-date: /home/robojackets/urc_ws/colcon-urc/src/urc-software/install/nanopb/lib/python3.8/site-packages/proto/nanopb.proto
[0.202s] -- Up-to-date: /home/robojackets/urc_ws/colcon-urc/src/urc-software/install/nanopb/lib/python3.8/site-packages/proto/_utils.py
[0.202s] -- Up-to-date: /home/robojackets/urc_ws/colcon-urc/src/urc-software/install/nanopb/bin/nanopb_generator.py
[0.203s] -- Up-to-date: /home/robojackets/urc_ws/colcon-urc/src/urc-software/install/nanopb/bin/protoc-gen-nanopb
[0.203s] -- Up-to-date: /home/robojackets/urc_ws/colcon-urc/src/urc-software/install/nanopb/lib/libprotobuf-nanopb.a
[0.203s] -- Up-to-date: /home/robojackets/urc_ws/colcon-urc/src/urc-software/install/nanopb/lib/cmake/nanopb/nanopb-targets.cmake
[0.203s] -- Up-to-date: /home/robojackets/urc_ws/colcon-urc/src/urc-software/install/nanopb/lib/cmake/nanopb/nanopb-targets-noconfig.cmake
[0.203s] -- Up-to-date: /home/robojackets/urc_ws/colcon-urc/src/urc-software/install/nanopb/lib/cmake/nanopb/nanopb-config.cmake
[0.203s] -- Up-to-date: /home/robojackets/urc_ws/colcon-urc/src/urc-software/install/nanopb/lib/cmake/nanopb/nanopb-config-version.cmake
[0.203s] -- Up-to-date: /home/robojackets/urc_ws/colcon-urc/src/urc-software/install/nanopb/include/pb.h
[0.204s] -- Up-to-date: /home/robojackets/urc_ws/colcon-urc/src/urc-software/install/nanopb/include/pb_common.h
[0.204s] -- Up-to-date: /home/robojackets/urc_ws/colcon-urc/src/urc-software/install/nanopb/include/pb_encode.h
[0.204s] -- Up-to-date: /home/robojackets/urc_ws/colcon-urc/src/urc-software/install/nanopb/include/pb_decode.h
[0.225s] Invoked command in '/home/robojackets/urc_ws/colcon-urc/src/urc-software/build/nanopb' returned '0': /usr/bin/cmake --install /home/robojackets/urc_ws/colcon-urc/src/urc-software/build/nanopb
