[0.018s] Invoking command in '/home/robojackets/urc_ws/colcon-urc/src/urc-software/build/urc_platform': AMENT_PREFIX_PATH=/home/robojackets/urc_ws/colcon-urc/src/urc-software/install/urc_msgs:${AMENT_PREFIX_PATH} CMAKE_PREFIX_PATH=/home/robojackets/urc_ws/colcon-urc/src/urc-software/install/urc_msgs:/opt/ros/galactic:${CMAKE_PREFIX_PATH} /usr/bin/cmake --build /home/robojackets/urc_ws/colcon-urc/src/urc-software/build/urc_platform -- -j2 -l2
[0.103s] [ 33%] Built target gtest
[0.111s] [ 66%] Built target gtest_main
[0.149s] [100%] Built target test_scan_to_pointcloud
[0.169s] Invoked command in '/home/robojackets/urc_ws/colcon-urc/src/urc-software/build/urc_platform' returned '0': AMENT_PREFIX_PATH=/home/robojackets/urc_ws/colcon-urc/src/urc-software/install/urc_msgs:${AMENT_PREFIX_PATH} CMAKE_PREFIX_PATH=/home/robojackets/urc_ws/colcon-urc/src/urc-software/install/urc_msgs:/opt/ros/galactic:${CMAKE_PREFIX_PATH} /usr/bin/cmake --build /home/robojackets/urc_ws/colcon-urc/src/urc-software/build/urc_platform -- -j2 -l2
[0.198s] Invoking command in '/home/robojackets/urc_ws/colcon-urc/src/urc-software/build/urc_platform': AMENT_PREFIX_PATH=/home/robojackets/urc_ws/colcon-urc/src/urc-software/install/urc_msgs:${AMENT_PREFIX_PATH} CMAKE_PREFIX_PATH=/home/robojackets/urc_ws/colcon-urc/src/urc-software/install/urc_msgs:/opt/ros/galactic:${CMAKE_PREFIX_PATH} /usr/bin/cmake --install /home/robojackets/urc_ws/colcon-urc/src/urc-software/build/urc_platform
[0.210s] -- Install configuration: ""
[0.210s] -- Execute custom install script
[0.211s] -- Up-to-date symlink: /home/robojackets/urc_ws/colcon-urc/src/urc-software/install/urc_platform/share/urc_platform//launch/.gitkeep
[0.213s] -- Up-to-date symlink: /home/robojackets/urc_ws/colcon-urc/src/urc-software/install/urc_platform/share/urc_platform/environment/library_path.sh
[0.213s] -- Up-to-date symlink: /home/robojackets/urc_ws/colcon-urc/src/urc-software/install/urc_platform/share/urc_platform/environment/library_path.dsv
[0.214s] -- Up-to-date symlink: /home/robojackets/urc_ws/colcon-urc/src/urc-software/install/urc_platform/share/ament_index/resource_index/package_run_dependencies/urc_platform
[0.215s] -- Up-to-date symlink: /home/robojackets/urc_ws/colcon-urc/src/urc-software/install/urc_platform/share/ament_index/resource_index/parent_prefix_path/urc_platform
[0.216s] -- Up-to-date symlink: /home/robojackets/urc_ws/colcon-urc/src/urc-software/install/urc_platform/share/urc_platform/environment/ament_prefix_path.sh
[0.216s] -- Up-to-date symlink: /home/robojackets/urc_ws/colcon-urc/src/urc-software/install/urc_platform/share/urc_platform/environment/ament_prefix_path.dsv
[0.217s] -- Up-to-date symlink: /home/robojackets/urc_ws/colcon-urc/src/urc-software/install/urc_platform/share/urc_platform/environment/path.sh
[0.218s] -- Up-to-date symlink: /home/robojackets/urc_ws/colcon-urc/src/urc-software/install/urc_platform/share/urc_platform/environment/path.dsv
[0.218s] -- Up-to-date symlink: /home/robojackets/urc_ws/colcon-urc/src/urc-software/install/urc_platform/share/urc_platform/local_setup.bash
[0.219s] -- Up-to-date symlink: /home/robojackets/urc_ws/colcon-urc/src/urc-software/install/urc_platform/share/urc_platform/local_setup.sh
[0.220s] -- Up-to-date symlink: /home/robojackets/urc_ws/colcon-urc/src/urc-software/install/urc_platform/share/urc_platform/local_setup.zsh
[0.220s] -- Up-to-date symlink: /home/robojackets/urc_ws/colcon-urc/src/urc-software/install/urc_platform/share/urc_platform/local_setup.dsv
[0.221s] -- Symlinking: /home/robojackets/urc_ws/colcon-urc/src/urc-software/install/urc_platform/share/urc_platform/package.dsv
[0.232s] -- Up-to-date symlink: /home/robojackets/urc_ws/colcon-urc/src/urc-software/install/urc_platform/share/ament_index/resource_index/packages/urc_platform
[0.233s] -- Up-to-date symlink: /home/robojackets/urc_ws/colcon-urc/src/urc-software/install/urc_platform/share/urc_platform/cmake/ament_cmake_export_include_directories-extras.cmake
[0.234s] -- Up-to-date symlink: /home/robojackets/urc_ws/colcon-urc/src/urc-software/install/urc_platform/share/urc_platform/cmake/ament_cmake_export_libraries-extras.cmake
[0.234s] -- Up-to-date symlink: /home/robojackets/urc_ws/colcon-urc/src/urc-software/install/urc_platform/share/urc_platform/cmake/urc_platformConfig.cmake
[0.235s] -- Up-to-date symlink: /home/robojackets/urc_ws/colcon-urc/src/urc-software/install/urc_platform/share/urc_platform/cmake/urc_platformConfig-version.cmake
[0.236s] -- Up-to-date symlink: /home/robojackets/urc_ws/colcon-urc/src/urc-software/install/urc_platform/share/urc_platform/package.xml
[0.240s] Invoked command in '/home/robojackets/urc_ws/colcon-urc/src/urc-software/build/urc_platform' returned '0': AMENT_PREFIX_PATH=/home/robojackets/urc_ws/colcon-urc/src/urc-software/install/urc_msgs:${AMENT_PREFIX_PATH} CMAKE_PREFIX_PATH=/home/robojackets/urc_ws/colcon-urc/src/urc-software/install/urc_msgs:/opt/ros/galactic:${CMAKE_PREFIX_PATH} /usr/bin/cmake --install /home/robojackets/urc_ws/colcon-urc/src/urc-software/build/urc_platform
