[0.047s] Invoking command in '/home/robojackets/urc_ws/colcon-urc/src/urc-software/build/urc_util': CMAKE_PREFIX_PATH=/opt/ros/galactic:${CMAKE_PREFIX_PATH} /usr/bin/cmake --build /home/robojackets/urc_ws/colcon-urc/src/urc-software/build/urc_util -- -j2 -l2
[0.136s] Invoked command in '/home/robojackets/urc_ws/colcon-urc/src/urc-software/build/urc_util' returned '0': CMAKE_PREFIX_PATH=/opt/ros/galactic:${CMAKE_PREFIX_PATH} /usr/bin/cmake --build /home/robojackets/urc_ws/colcon-urc/src/urc-software/build/urc_util -- -j2 -l2
[0.178s] Invoking command in '/home/robojackets/urc_ws/colcon-urc/src/urc-software/build/urc_util': CMAKE_PREFIX_PATH=/opt/ros/galactic:${CMAKE_PREFIX_PATH} /usr/bin/cmake --install /home/robojackets/urc_ws/colcon-urc/src/urc-software/build/urc_util
[0.190s] -- Install configuration: ""
[0.192s] -- Execute custom install script
[0.193s] -- Up-to-date symlink: /home/robojackets/urc_ws/colcon-urc/src/urc-software/install/urc_util/share/urc_util//launch/.gitkeep
[0.194s] -- Up-to-date symlink: /home/robojackets/urc_ws/colcon-urc/src/urc-software/install/urc_util/share/ament_index/resource_index/package_run_dependencies/urc_util
[0.195s] -- Up-to-date symlink: /home/robojackets/urc_ws/colcon-urc/src/urc-software/install/urc_util/share/ament_index/resource_index/parent_prefix_path/urc_util
[0.196s] -- Up-to-date symlink: /home/robojackets/urc_ws/colcon-urc/src/urc-software/install/urc_util/share/urc_util/environment/ament_prefix_path.sh
[0.197s] -- Up-to-date symlink: /home/robojackets/urc_ws/colcon-urc/src/urc-software/install/urc_util/share/urc_util/environment/ament_prefix_path.dsv
[0.198s] -- Up-to-date symlink: /home/robojackets/urc_ws/colcon-urc/src/urc-software/install/urc_util/share/urc_util/environment/path.sh
[0.200s] -- Up-to-date symlink: /home/robojackets/urc_ws/colcon-urc/src/urc-software/install/urc_util/share/urc_util/environment/path.dsv
[0.200s] -- Up-to-date symlink: /home/robojackets/urc_ws/colcon-urc/src/urc-software/install/urc_util/share/urc_util/local_setup.bash
[0.201s] -- Up-to-date symlink: /home/robojackets/urc_ws/colcon-urc/src/urc-software/install/urc_util/share/urc_util/local_setup.sh
[0.202s] -- Up-to-date symlink: /home/robojackets/urc_ws/colcon-urc/src/urc-software/install/urc_util/share/urc_util/local_setup.zsh
[0.203s] -- Up-to-date symlink: /home/robojackets/urc_ws/colcon-urc/src/urc-software/install/urc_util/share/urc_util/local_setup.dsv
[0.204s] -- Symlinking: /home/robojackets/urc_ws/colcon-urc/src/urc-software/install/urc_util/share/urc_util/package.dsv
[0.216s] -- Up-to-date symlink: /home/robojackets/urc_ws/colcon-urc/src/urc-software/install/urc_util/share/ament_index/resource_index/packages/urc_util
[0.217s] -- Up-to-date symlink: /home/robojackets/urc_ws/colcon-urc/src/urc-software/install/urc_util/share/urc_util/cmake/urc_utilConfig.cmake
[0.218s] -- Up-to-date symlink: /home/robojackets/urc_ws/colcon-urc/src/urc-software/install/urc_util/share/urc_util/cmake/urc_utilConfig-version.cmake
[0.218s] -- Up-to-date symlink: /home/robojackets/urc_ws/colcon-urc/src/urc-software/install/urc_util/share/urc_util/package.xml
[0.228s] Invoked command in '/home/robojackets/urc_ws/colcon-urc/src/urc-software/build/urc_util' returned '0': CMAKE_PREFIX_PATH=/opt/ros/galactic:${CMAKE_PREFIX_PATH} /usr/bin/cmake --install /home/robojackets/urc_ws/colcon-urc/src/urc-software/build/urc_util
