[0.017s] Invoking command in '/home/robojackets/urc_ws/colcon-urc/src/urc-software/build/urc_navigation': CMAKE_PREFIX_PATH=/opt/ros/galactic:${CMAKE_PREFIX_PATH} /usr/bin/cmake --build /home/robojackets/urc_ws/colcon-urc/src/urc-software/build/urc_navigation -- -j2 -l2
[0.086s] Invoked command in '/home/robojackets/urc_ws/colcon-urc/src/urc-software/build/urc_navigation' returned '0': CMAKE_PREFIX_PATH=/opt/ros/galactic:${CMAKE_PREFIX_PATH} /usr/bin/cmake --build /home/robojackets/urc_ws/colcon-urc/src/urc-software/build/urc_navigation -- -j2 -l2
[0.117s] Invoking command in '/home/robojackets/urc_ws/colcon-urc/src/urc-software/build/urc_navigation': CMAKE_PREFIX_PATH=/opt/ros/galactic:${CMAKE_PREFIX_PATH} /usr/bin/cmake --install /home/robojackets/urc_ws/colcon-urc/src/urc-software/build/urc_navigation
[0.127s] -- Install configuration: ""
[0.128s] -- Execute custom install script
[0.130s] -- Up-to-date symlink: /home/robojackets/urc_ws/colcon-urc/src/urc-software/install/urc_navigation/share/ament_index/resource_index/package_run_dependencies/urc_navigation
[0.130s] -- Up-to-date symlink: /home/robojackets/urc_ws/colcon-urc/src/urc-software/install/urc_navigation/share/ament_index/resource_index/parent_prefix_path/urc_navigation
[0.130s] -- Up-to-date symlink: /home/robojackets/urc_ws/colcon-urc/src/urc-software/install/urc_navigation/share/urc_navigation/environment/ament_prefix_path.sh
[0.132s] -- Up-to-date symlink: /home/robojackets/urc_ws/colcon-urc/src/urc-software/install/urc_navigation/share/urc_navigation/environment/ament_prefix_path.dsv
[0.132s] -- Up-to-date symlink: /home/robojackets/urc_ws/colcon-urc/src/urc-software/install/urc_navigation/share/urc_navigation/environment/path.sh
[0.132s] -- Up-to-date symlink: /home/robojackets/urc_ws/colcon-urc/src/urc-software/install/urc_navigation/share/urc_navigation/environment/path.dsv
[0.132s] -- Up-to-date symlink: /home/robojackets/urc_ws/colcon-urc/src/urc-software/install/urc_navigation/share/urc_navigation/local_setup.bash
[0.132s] -- Up-to-date symlink: /home/robojackets/urc_ws/colcon-urc/src/urc-software/install/urc_navigation/share/urc_navigation/local_setup.sh
[0.136s] -- Up-to-date symlink: /home/robojackets/urc_ws/colcon-urc/src/urc-software/install/urc_navigation/share/urc_navigation/local_setup.zsh
[0.136s] -- Up-to-date symlink: /home/robojackets/urc_ws/colcon-urc/src/urc-software/install/urc_navigation/share/urc_navigation/local_setup.dsv
[0.136s] -- Symlinking: /home/robojackets/urc_ws/colcon-urc/src/urc-software/install/urc_navigation/share/urc_navigation/package.dsv
[0.149s] -- Up-to-date symlink: /home/robojackets/urc_ws/colcon-urc/src/urc-software/install/urc_navigation/share/ament_index/resource_index/packages/urc_navigation
[0.149s] -- Up-to-date symlink: /home/robojackets/urc_ws/colcon-urc/src/urc-software/install/urc_navigation/share/urc_navigation/cmake/urc_navigationConfig.cmake
[0.149s] -- Up-to-date symlink: /home/robojackets/urc_ws/colcon-urc/src/urc-software/install/urc_navigation/share/urc_navigation/cmake/urc_navigationConfig-version.cmake
[0.150s] -- Up-to-date symlink: /home/robojackets/urc_ws/colcon-urc/src/urc-software/install/urc_navigation/share/urc_navigation/package.xml
[0.150s] -- Up-to-date symlink: /home/robojackets/urc_ws/colcon-urc/src/urc-software/install/urc_navigation/share/urc_navigation//launch/.gitkeep
[0.172s] Invoked command in '/home/robojackets/urc_ws/colcon-urc/src/urc-software/build/urc_navigation' returned '0': CMAKE_PREFIX_PATH=/opt/ros/galactic:${CMAKE_PREFIX_PATH} /usr/bin/cmake --install /home/robojackets/urc_ws/colcon-urc/src/urc-software/build/urc_navigation
