[0.059s] Invoking command in '/home/robojackets/urc_ws/colcon-urc/src/urc-software/build/velodyne_gazebo_plugins': CMAKE_PREFIX_PATH=/opt/ros/galactic:${CMAKE_PREFIX_PATH} /usr/bin/cmake /home/robojackets/urc_ws/colcon-urc/src/urc-software/velodyne_gazebo_plugins -DAMENT_CMAKE_SYMLINK_INSTALL=1 -DCMAKE_INSTALL_PREFIX=/home/robojackets/urc_ws/colcon-urc/src/urc-software/install/velodyne_gazebo_plugins
[0.223s] -- The C compiler identification is GNU 9.4.0
[0.356s] -- The CXX compiler identification is GNU 9.4.0
[0.367s] -- Check for working C compiler: /usr/bin/cc
[0.557s] -- Check for working C compiler: /usr/bin/cc -- works
[0.560s] -- Detecting C compiler ABI info
[0.759s] -- Detecting C compiler ABI info - done
[0.787s] -- Detecting C compile features
[0.789s] -- Detecting C compile features - done
[0.799s] -- Check for working CXX compiler: /usr/bin/c++
[0.968s] -- Check for working CXX compiler: /usr/bin/c++ -- works
[0.971s] -- Detecting CXX compiler ABI info
[1.167s] -- Detecting CXX compiler ABI info - done
[1.201s] -- Detecting CXX compile features
[1.203s] -- Detecting CXX compile features - done
[1.212s] -- Found ament_cmake: 1.1.5 (/opt/ros/galactic/share/ament_cmake/cmake)
[1.260s] -- Found PythonInterp: /usr/bin/python3 (found suitable version "3.8.10", minimum required is "3") 
[1.261s] -- Using PYTHON_EXECUTABLE: /usr/bin/python3
[1.380s] -- Override CMake install command with custom implementation using symlinks instead of copying resources
[1.423s] -- Found gazebo_dev: 3.5.2 (/opt/ros/galactic/share/gazebo_dev/cmake)
[1.434s] -- Found PkgConfig: /usr/bin/pkg-config (found version "0.29.1") 
[1.443s] -- Checking for module 'bullet>=2.82'
[1.485s] --   Found bullet, version 2.88
[1.845s] -- Found ccd: /usr/include (found suitable version "2.0", minimum required is "2.0") 
[1.987s] -- Found fcl: /usr/include (found suitable version "0.5.0", minimum required is "0.3.2") 
[2.186s] -- Found assimp: /usr/include (found version "5.0.0") 
[2.231s] -- Found DART: /usr/include (Required is at least version "6.6") found components: dart 
[3.080s] -- Found Boost: /usr/lib/x86_64-linux-gnu/cmake/Boost-1.71.0/BoostConfig.cmake (found suitable version "1.71.0", minimum required is "1.40.0") found components: thread system filesystem program_options regex iostreams date_time 
[3.134s] -- Found Protobuf: /usr/lib/x86_64-linux-gnu/libprotobuf.so;-lpthread (found version "3.6.1") 
[3.150s] -- Looking for ignition-math6 -- found version 6.10.0
[3.157s] -- Searching for dependencies of ignition-math6
[3.161s] -- Looking for OGRE...
[3.163s] -- OGRE_PREFIX_WATCH changed.
[3.172s] -- Checking for module 'OGRE'
[3.210s] --   Found OGRE, version 1.9.0
[3.313s] -- Found Ogre Ghadamon (1.9.0)
[3.338s] -- Found OGRE: optimized;/usr/lib/x86_64-linux-gnu/libOgreMain.so;debug;/usr/lib/x86_64-linux-gnu/libOgreMain.so
[3.357s] -- Looking for OGRE_Paging...
[3.374s] -- Found OGRE_Paging: optimized;/usr/lib/x86_64-linux-gnu/libOgrePaging.so;debug;/usr/lib/x86_64-linux-gnu/libOgrePaging.so
[3.375s] -- Looking for OGRE_Terrain...
[3.390s] -- Found OGRE_Terrain: optimized;/usr/lib/x86_64-linux-gnu/libOgreTerrain.so;debug;/usr/lib/x86_64-linux-gnu/libOgreTerrain.so
[3.391s] -- Looking for OGRE_Property...
[3.407s] -- Found OGRE_Property: optimized;/usr/lib/x86_64-linux-gnu/libOgreProperty.so;debug;/usr/lib/x86_64-linux-gnu/libOgreProperty.so
[3.407s] -- Looking for OGRE_RTShaderSystem...
[3.426s] -- Found OGRE_RTShaderSystem: optimized;/usr/lib/x86_64-linux-gnu/libOgreRTShaderSystem.so;debug;/usr/lib/x86_64-linux-gnu/libOgreRTShaderSystem.so
[3.426s] -- Looking for OGRE_Volume...
[3.441s] -- Found OGRE_Volume: optimized;/usr/lib/x86_64-linux-gnu/libOgreVolume.so;debug;/usr/lib/x86_64-linux-gnu/libOgreVolume.so
[3.442s] -- Looking for OGRE_Overlay...
[3.457s] -- Found OGRE_Overlay: optimized;/usr/lib/x86_64-linux-gnu/libOgreOverlay.so;debug;/usr/lib/x86_64-linux-gnu/libOgreOverlay.so
[3.805s] -- Looking for ignition-math6 -- found version 6.10.0
[3.809s] -- Looking for ignition-transport8 -- found version 8.2.1
[3.809s] -- Searching for dependencies of ignition-transport8
[3.839s] -- Found Protobuf: /usr/lib/x86_64-linux-gnu/libprotobuf.so;-lpthread (found suitable version "3.6.1", minimum required is "3") 
[3.855s] -- Config-file not installed for ZeroMQ -- checking for pkg-config
[3.863s] -- Checking for module 'libzmq >= 4'
[3.901s] --   Found libzmq , version 4.3.2
[3.995s] -- Found ZeroMQ: TRUE (Required is at least version "4") 
[4.005s] -- Checking for module 'uuid'
[4.043s] --   Found uuid, version 2.34.0
[4.136s] -- Found UUID: TRUE  
[4.140s] -- Looking for ignition-msgs5 -- found version 5.9.0
[4.141s] -- Searching for dependencies of ignition-msgs5
[4.174s] -- Looking for ignition-math6 -- found version 6.10.0
[4.183s] -- Checking for module 'tinyxml2'
[4.227s] --   Found tinyxml2, version 6.2.0
[4.322s] -- Looking for ignition-msgs5 -- found version 5.9.0
[4.326s] -- Looking for ignition-common3 -- found version 3.14.0
[4.327s] -- Searching for dependencies of ignition-common3
[4.328s] -- Looking for dlfcn.h - found
[4.331s] -- Looking for libdl - found
[4.334s] -- Found DL: TRUE  
[4.346s] -- Searching for <ignition-common3> component [graphics]
[4.350s] -- Looking for ignition-common3-graphics -- found version 3.14.0
[4.351s] -- Searching for dependencies of ignition-common3-graphics
[4.352s] -- Looking for ignition-math6 -- found version 6.10.0
[4.357s] -- Looking for ignition-fuel_tools4 -- found version 4.4.0
[4.358s] -- Searching for dependencies of ignition-fuel_tools4
[4.541s] -- Found CURL: /usr/lib/x86_64-linux-gnu/libcurl.so (found version "7.68.0")  
[4.557s] -- Checking for module 'jsoncpp'
[4.591s] --   Found jsoncpp, version 1.7.4
[4.685s] -- Found JSONCPP: TRUE  
[4.696s] -- Checking for module 'libzip'
[4.740s] --   Found libzip, version 1.5.1
[4.835s] -- Found ZIP: TRUE  
[4.836s] -- Looking for ignition-common3 -- found version 3.14.0
[4.837s] -- Looking for ignition-math6 -- found version 6.10.0
[4.838s] -- Looking for ignition-msgs5 -- found version 5.9.0
[4.840s] -- Gazebo version: 11.10
[4.842s] -- Found gazebo_ros: 3.5.2 (/opt/ros/galactic/share/gazebo_ros/cmake)
[4.925s] -- Using all available rosidl_typesupport_c: rosidl_typesupport_fastrtps_c;rosidl_typesupport_introspection_c
[4.936s] -- Found rosidl_adapter: 2.2.2 (/opt/ros/galactic/share/rosidl_adapter/cmake)
[5.105s] -- Found OpenSSL: /usr/lib/x86_64-linux-gnu/libcrypto.so (found version "1.1.1f")  
[5.157s] -- Found FastRTPS: /opt/ros/galactic/include  
[5.304s] -- Using all available rosidl_typesupport_cpp: rosidl_typesupport_fastrtps_cpp;rosidl_typesupport_introspection_cpp
[5.428s] -- Found rmw_implementation_cmake: 3.3.1 (/opt/ros/galactic/share/rmw_implementation_cmake/cmake)
[5.433s] -- Found rmw_cyclonedds_cpp: 0.22.5 (/opt/ros/galactic/share/rmw_cyclonedds_cpp/cmake)
[5.474s] -- Using RMW implementation 'rmw_cyclonedds_cpp' as default
[5.478s] -- Found Threads: TRUE  
[5.802s] -- Found gazebo_msgs: 3.5.2 (/opt/ros/galactic/share/gazebo_msgs/cmake)
[6.298s] -- Found sensor_msgs: 2.2.4 (/opt/ros/galactic/share/sensor_msgs/cmake)
[6.449s] -- Found tf2: 0.17.3 (/opt/ros/galactic/share/tf2/cmake)
[6.642s] -- Configuring done
[6.716s] -- Generating done
[6.722s] -- Build files have been written to: /home/robojackets/urc_ws/colcon-urc/src/urc-software/build/velodyne_gazebo_plugins
[6.745s] Invoked command in '/home/robojackets/urc_ws/colcon-urc/src/urc-software/build/velodyne_gazebo_plugins' returned '0': CMAKE_PREFIX_PATH=/opt/ros/galactic:${CMAKE_PREFIX_PATH} /usr/bin/cmake /home/robojackets/urc_ws/colcon-urc/src/urc-software/velodyne_gazebo_plugins -DAMENT_CMAKE_SYMLINK_INSTALL=1 -DCMAKE_INSTALL_PREFIX=/home/robojackets/urc_ws/colcon-urc/src/urc-software/install/velodyne_gazebo_plugins
[6.751s] Invoking command in '/home/robojackets/urc_ws/colcon-urc/src/urc-software/build/velodyne_gazebo_plugins': CMAKE_PREFIX_PATH=/opt/ros/galactic:${CMAKE_PREFIX_PATH} /usr/bin/cmake --build /home/robojackets/urc_ws/colcon-urc/src/urc-software/build/velodyne_gazebo_plugins -- -j2 -l2
[6.828s] [35m[1mScanning dependencies of target gazebo_ros_velodyne_laser[0m
[7.106s] [ 50%] [32mBuilding CXX object CMakeFiles/gazebo_ros_velodyne_laser.dir/src/GazeboRosVelodyneLaser.cpp.o[0m
[16.356s] In file included from [01m[K/opt/ros/galactic/include/rclcpp/client.hpp:40[m[K,
[16.356s]                  from [01m[K/opt/ros/galactic/include/rclcpp/callback_group.hpp:23[m[K,
[16.357s]                  from [01m[K/opt/ros/galactic/include/rclcpp/any_executable.hpp:20[m[K,
[16.357s]                  from [01m[K/opt/ros/galactic/include/rclcpp/memory_strategy.hpp:25[m[K,
[16.358s]                  from [01m[K/opt/ros/galactic/include/rclcpp/memory_strategies.hpp:18[m[K,
[16.358s]                  from [01m[K/opt/ros/galactic/include/rclcpp/executor_options.hpp:20[m[K,
[16.358s]                  from [01m[K/opt/ros/galactic/include/rclcpp/executor.hpp:36[m[K,
[16.358s]                  from [01m[K/opt/ros/galactic/include/rclcpp/executors/multi_threaded_executor.hpp:26[m[K,
[16.358s]                  from [01m[K/opt/ros/galactic/include/rclcpp/executors.hpp:21[m[K,
[16.358s]                  from [01m[K/opt/ros/galactic/include/rclcpp/rclcpp.hpp:156[m[K,
[16.358s]                  from [01m[K/opt/ros/galactic/include/gazebo_ros/node.hpp:18[m[K,
[16.358s]                  from [01m[K/home/robojackets/urc_ws/colcon-urc/src/urc-software/velodyne_gazebo_plugins/include/velodyne_gazebo_plugins/GazeboRosVelodyneLaser.h:53[m[K,
[16.358s]                  from [01m[K/home/robojackets/urc_ws/colcon-urc/src/urc-software/velodyne_gazebo_plugins/src/GazeboRosVelodyneLaser.cpp:35[m[K:
[16.359s] [01m[K/home/robojackets/urc_ws/colcon-urc/src/urc-software/velodyne_gazebo_plugins/src/GazeboRosVelodyneLaser.cpp:[m[K In member function ‘[01m[Kvirtual void gazebo::GazeboRosVelodyneLaser::Load(gazebo::sensors::SensorPtr, sdf::v9::ElementPtr)[m[K’:
[16.359s] [01m[K/home/robojackets/urc_ws/colcon-urc/src/urc-software/velodyne_gazebo_plugins/src/GazeboRosVelodyneLaser.cpp:295:40:[m[K [01;35m[Kwarning: [m[Kformat ‘[01m[K%s[m[K’ expects a matching ‘[01m[Kchar*[m[K’ argument [[01;35m[K-Wformat=[m[K]
[16.359s]   295 |   RCLCPP_INFO(ros_node_->get_logger(), [01;35m[K"Velodyne %slaser plugin ready"[m[K);
[16.359s]       |                                        [01;35m[K^~~~~~~~~~~~~~~~~~~~~~~~~~~~~~~[m[K
[16.359s] [01m[K/home/robojackets/urc_ws/colcon-urc/src/urc-software/velodyne_gazebo_plugins/src/GazeboRosVelodyneLaser.cpp:295:51:[m[K [01;36m[Knote: [m[Kformat string is defined here
[16.359s]   295 |   RCLCPP_INFO(ros_node_->get_logger(), "Velodyne [01;36m[K%s[m[Klaser plugin ready");
[16.359s]       |                                                  [01;36m[K~^[m[K
[16.359s]       |                                                   [01;36m[K|[m[K
[16.359s]       |                                                   [01;36m[Kchar*[m[K
[23.322s] [100%] [32m[1mLinking CXX shared library libgazebo_ros_velodyne_laser.so[0m
[24.424s] [100%] Built target gazebo_ros_velodyne_laser
[24.446s] Invoked command in '/home/robojackets/urc_ws/colcon-urc/src/urc-software/build/velodyne_gazebo_plugins' returned '0': CMAKE_PREFIX_PATH=/opt/ros/galactic:${CMAKE_PREFIX_PATH} /usr/bin/cmake --build /home/robojackets/urc_ws/colcon-urc/src/urc-software/build/velodyne_gazebo_plugins -- -j2 -l2
[24.491s] Invoking command in '/home/robojackets/urc_ws/colcon-urc/src/urc-software/build/velodyne_gazebo_plugins': CMAKE_PREFIX_PATH=/opt/ros/galactic:${CMAKE_PREFIX_PATH} /usr/bin/cmake --install /home/robojackets/urc_ws/colcon-urc/src/urc-software/build/velodyne_gazebo_plugins
[24.502s] -- Install configuration: ""
[24.503s] -- Execute custom install script
[24.503s] -- Symlinking: /home/robojackets/urc_ws/colcon-urc/src/urc-software/install/velodyne_gazebo_plugins/share/velodyne_gazebo_plugins/environment/library_path.sh
[24.515s] -- Symlinking: /home/robojackets/urc_ws/colcon-urc/src/urc-software/install/velodyne_gazebo_plugins/share/velodyne_gazebo_plugins/environment/library_path.dsv
[24.528s] -- Symlinking: /home/robojackets/urc_ws/colcon-urc/src/urc-software/install/velodyne_gazebo_plugins/share/ament_index/resource_index/package_run_dependencies/velodyne_gazebo_plugins
[24.541s] -- Symlinking: /home/robojackets/urc_ws/colcon-urc/src/urc-software/install/velodyne_gazebo_plugins/share/ament_index/resource_index/parent_prefix_path/velodyne_gazebo_plugins
[24.553s] -- Symlinking: /home/robojackets/urc_ws/colcon-urc/src/urc-software/install/velodyne_gazebo_plugins/share/velodyne_gazebo_plugins/environment/ament_prefix_path.sh
[24.564s] -- Symlinking: /home/robojackets/urc_ws/colcon-urc/src/urc-software/install/velodyne_gazebo_plugins/share/velodyne_gazebo_plugins/environment/ament_prefix_path.dsv
[24.575s] -- Symlinking: /home/robojackets/urc_ws/colcon-urc/src/urc-software/install/velodyne_gazebo_plugins/share/velodyne_gazebo_plugins/environment/path.sh
[24.586s] -- Symlinking: /home/robojackets/urc_ws/colcon-urc/src/urc-software/install/velodyne_gazebo_plugins/share/velodyne_gazebo_plugins/environment/path.dsv
[24.598s] -- Symlinking: /home/robojackets/urc_ws/colcon-urc/src/urc-software/install/velodyne_gazebo_plugins/share/velodyne_gazebo_plugins/local_setup.bash
[24.610s] -- Symlinking: /home/robojackets/urc_ws/colcon-urc/src/urc-software/install/velodyne_gazebo_plugins/share/velodyne_gazebo_plugins/local_setup.sh
[24.622s] -- Symlinking: /home/robojackets/urc_ws/colcon-urc/src/urc-software/install/velodyne_gazebo_plugins/share/velodyne_gazebo_plugins/local_setup.zsh
[24.635s] -- Symlinking: /home/robojackets/urc_ws/colcon-urc/src/urc-software/install/velodyne_gazebo_plugins/share/velodyne_gazebo_plugins/local_setup.dsv
[24.647s] -- Symlinking: /home/robojackets/urc_ws/colcon-urc/src/urc-software/install/velodyne_gazebo_plugins/share/velodyne_gazebo_plugins/package.dsv
[24.659s] -- Symlinking: /home/robojackets/urc_ws/colcon-urc/src/urc-software/install/velodyne_gazebo_plugins/share/ament_index/resource_index/packages/velodyne_gazebo_plugins
[24.670s] -- Symlinking: /home/robojackets/urc_ws/colcon-urc/src/urc-software/install/velodyne_gazebo_plugins/share/velodyne_gazebo_plugins/cmake/ament_cmake_export_libraries-extras.cmake
[24.681s] -- Symlinking: /home/robojackets/urc_ws/colcon-urc/src/urc-software/install/velodyne_gazebo_plugins/share/velodyne_gazebo_plugins/cmake/ament_cmake_export_include_directories-extras.cmake
[24.692s] -- Symlinking: /home/robojackets/urc_ws/colcon-urc/src/urc-software/install/velodyne_gazebo_plugins/share/velodyne_gazebo_plugins/cmake/ament_cmake_export_dependencies-extras.cmake
[24.708s] -- Symlinking: /home/robojackets/urc_ws/colcon-urc/src/urc-software/install/velodyne_gazebo_plugins/share/velodyne_gazebo_plugins/cmake/velodyne_gazebo_pluginsConfig.cmake
[24.720s] -- Symlinking: /home/robojackets/urc_ws/colcon-urc/src/urc-software/install/velodyne_gazebo_plugins/share/velodyne_gazebo_plugins/cmake/velodyne_gazebo_pluginsConfig-version.cmake
[24.732s] -- Symlinking: /home/robojackets/urc_ws/colcon-urc/src/urc-software/install/velodyne_gazebo_plugins/share/velodyne_gazebo_plugins/package.xml
[24.746s] -- Symlinking: /home/robojackets/urc_ws/colcon-urc/src/urc-software/install/velodyne_gazebo_plugins/include/velodyne_gazebo_plugins/GazeboRosVelodyneLaser.h
[24.758s] -- Symlinking: /home/robojackets/urc_ws/colcon-urc/src/urc-software/install/velodyne_gazebo_plugins/lib/libgazebo_ros_velodyne_laser.so
[24.774s] Invoked command in '/home/robojackets/urc_ws/colcon-urc/src/urc-software/build/velodyne_gazebo_plugins' returned '0': CMAKE_PREFIX_PATH=/opt/ros/galactic:${CMAKE_PREFIX_PATH} /usr/bin/cmake --install /home/robojackets/urc_ws/colcon-urc/src/urc-software/build/velodyne_gazebo_plugins
