[0.055s] Invoking command in '/home/robojackets/urc_ws/colcon-urc/src/urc-software/build/urc_analysis': CMAKE_PREFIX_PATH=/opt/ros/galactic:${CMAKE_PREFIX_PATH} /usr/bin/cmake --build /home/robojackets/urc_ws/colcon-urc/src/urc-software/build/urc_analysis -- -j2 -l2
[0.241s] Invoked command in '/home/robojackets/urc_ws/colcon-urc/src/urc-software/build/urc_analysis' returned '0': CMAKE_PREFIX_PATH=/opt/ros/galactic:${CMAKE_PREFIX_PATH} /usr/bin/cmake --build /home/robojackets/urc_ws/colcon-urc/src/urc-software/build/urc_analysis -- -j2 -l2
[0.302s] Invoking command in '/home/robojackets/urc_ws/colcon-urc/src/urc-software/build/urc_analysis': CMAKE_PREFIX_PATH=/opt/ros/galactic:${CMAKE_PREFIX_PATH} /usr/bin/cmake --install /home/robojackets/urc_ws/colcon-urc/src/urc-software/build/urc_analysis
[0.321s] -- Install configuration: ""
[0.322s] -- Execute custom install script
[0.323s] -- Up-to-date symlink: /home/robojackets/urc_ws/colcon-urc/src/urc-software/install/urc_analysis/share/ament_index/resource_index/package_run_dependencies/urc_analysis
[0.324s] -- Up-to-date symlink: /home/robojackets/urc_ws/colcon-urc/src/urc-software/install/urc_analysis/share/ament_index/resource_index/parent_prefix_path/urc_analysis
[0.325s] -- Up-to-date symlink: /home/robojackets/urc_ws/colcon-urc/src/urc-software/install/urc_analysis/share/urc_analysis/environment/ament_prefix_path.sh
[0.325s] -- Up-to-date symlink: /home/robojackets/urc_ws/colcon-urc/src/urc-software/install/urc_analysis/share/urc_analysis/environment/ament_prefix_path.dsv
[0.326s] -- Up-to-date symlink: /home/robojackets/urc_ws/colcon-urc/src/urc-software/install/urc_analysis/share/urc_analysis/environment/path.sh
[0.327s] -- Up-to-date symlink: /home/robojackets/urc_ws/colcon-urc/src/urc-software/install/urc_analysis/share/urc_analysis/environment/path.dsv
[0.328s] -- Up-to-date symlink: /home/robojackets/urc_ws/colcon-urc/src/urc-software/install/urc_analysis/share/urc_analysis/local_setup.bash
[0.329s] -- Up-to-date symlink: /home/robojackets/urc_ws/colcon-urc/src/urc-software/install/urc_analysis/share/urc_analysis/local_setup.sh
[0.330s] -- Up-to-date symlink: /home/robojackets/urc_ws/colcon-urc/src/urc-software/install/urc_analysis/share/urc_analysis/local_setup.zsh
[0.331s] -- Up-to-date symlink: /home/robojackets/urc_ws/colcon-urc/src/urc-software/install/urc_analysis/share/urc_analysis/local_setup.dsv
[0.331s] -- Symlinking: /home/robojackets/urc_ws/colcon-urc/src/urc-software/install/urc_analysis/share/urc_analysis/package.dsv
[0.347s] -- Up-to-date symlink: /home/robojackets/urc_ws/colcon-urc/src/urc-software/install/urc_analysis/share/ament_index/resource_index/packages/urc_analysis
[0.348s] -- Up-to-date symlink: /home/robojackets/urc_ws/colcon-urc/src/urc-software/install/urc_analysis/share/urc_analysis/cmake/urc_analysisConfig.cmake
[0.350s] -- Up-to-date symlink: /home/robojackets/urc_ws/colcon-urc/src/urc-software/install/urc_analysis/share/urc_analysis/cmake/urc_analysisConfig-version.cmake
[0.351s] -- Up-to-date symlink: /home/robojackets/urc_ws/colcon-urc/src/urc-software/install/urc_analysis/share/urc_analysis/package.xml
[0.357s] -- Up-to-date symlink: /home/robojackets/urc_ws/colcon-urc/src/urc-software/install/urc_analysis/share/urc_analysis//launch/.gitkeep
[0.364s] Invoked command in '/home/robojackets/urc_ws/colcon-urc/src/urc-software/build/urc_analysis' returned '0': CMAKE_PREFIX_PATH=/opt/ros/galactic:${CMAKE_PREFIX_PATH} /usr/bin/cmake --install /home/robojackets/urc_ws/colcon-urc/src/urc-software/build/urc_analysis
