[0.018s] Invoking command in '/home/robojackets/urc_ws/colcon-urc/src/urc-software/build/urc_analysis': CMAKE_PREFIX_PATH=/home/robojackets/urc_ws/colcon-urc/install/urc_util:/home/robojackets/urc_ws/colcon-urc/install/urc_platform:/home/robojackets/urc_ws/colcon-urc/install/urc_perception:/home/robojackets/urc_ws/colcon-urc/install/urc_navigation:/home/robojackets/urc_ws/colcon-urc/install/urc_gazebo:/home/robojackets/urc_ws/colcon-urc/install/urc_msgs:/home/robojackets/urc_ws/colcon-urc/install/urc_manipulation:/home/robojackets/urc_ws/colcon-urc/install/urc_analysis:/home/robojackets/urc_ws/colcon-urc/install/nanopb:/opt/ros/galactic:/home/robojackets/robojackets_ws/catkin_ws/devel:/opt/ros/noetic /usr/bin/cmake /home/robojackets/urc_ws/colcon-urc/src/urc-software/urc_analysis -DAMENT_CMAKE_SYMLINK_INSTALL=1 -DCMAKE_INSTALL_PREFIX=/home/robojackets/urc_ws/colcon-urc/src/urc-software/install/urc_analysis
[0.112s] -- The C compiler identification is GNU 9.4.0
[0.181s] -- The CXX compiler identification is GNU 9.4.0
[0.192s] -- Check for working C compiler: /usr/bin/cc
[0.283s] -- Check for working C compiler: /usr/bin/cc -- works
[0.284s] -- Detecting C compiler ABI info
[0.382s] -- Detecting C compiler ABI info - done
[0.394s] -- Detecting C compile features
[0.394s] -- Detecting C compile features - done
[0.396s] -- Check for working CXX compiler: /usr/bin/c++
[0.499s] -- Check for working CXX compiler: /usr/bin/c++ -- works
[0.500s] -- Detecting CXX compiler ABI info
[0.604s] -- Detecting CXX compiler ABI info - done
[0.620s] -- Detecting CXX compile features
[0.621s] -- Detecting CXX compile features - done
[0.625s] -- Found ament_cmake: 1.1.5 (/opt/ros/galactic/share/ament_cmake/cmake)
[0.654s] -- Found PythonInterp: /usr/bin/python3 (found suitable version "3.8.10", minimum required is "3") 
[0.654s] -- Using PYTHON_EXECUTABLE: /usr/bin/python3
[0.728s] -- Override CMake install command with custom implementation using symlinks instead of copying resources
[0.762s] -- Found ament_lint_auto: 0.10.7 (/opt/ros/galactic/share/ament_lint_auto/cmake)
[0.859s] -- Added test 'lint_cmake' to check CMake code style
[0.861s] -- Added test 'xmllint' to check XML markup files
[0.866s] -- Configuring done
[0.874s] -- Generating done
[0.877s] -- Build files have been written to: /home/robojackets/urc_ws/colcon-urc/src/urc-software/build/urc_analysis
[0.882s] Invoked command in '/home/robojackets/urc_ws/colcon-urc/src/urc-software/build/urc_analysis' returned '0': CMAKE_PREFIX_PATH=/home/robojackets/urc_ws/colcon-urc/install/urc_util:/home/robojackets/urc_ws/colcon-urc/install/urc_platform:/home/robojackets/urc_ws/colcon-urc/install/urc_perception:/home/robojackets/urc_ws/colcon-urc/install/urc_navigation:/home/robojackets/urc_ws/colcon-urc/install/urc_gazebo:/home/robojackets/urc_ws/colcon-urc/install/urc_msgs:/home/robojackets/urc_ws/colcon-urc/install/urc_manipulation:/home/robojackets/urc_ws/colcon-urc/install/urc_analysis:/home/robojackets/urc_ws/colcon-urc/install/nanopb:/opt/ros/galactic:/home/robojackets/robojackets_ws/catkin_ws/devel:/opt/ros/noetic /usr/bin/cmake /home/robojackets/urc_ws/colcon-urc/src/urc-software/urc_analysis -DAMENT_CMAKE_SYMLINK_INSTALL=1 -DCMAKE_INSTALL_PREFIX=/home/robojackets/urc_ws/colcon-urc/src/urc-software/install/urc_analysis
[0.886s] Invoking command in '/home/robojackets/urc_ws/colcon-urc/src/urc-software/build/urc_analysis': CMAKE_PREFIX_PATH=/home/robojackets/urc_ws/colcon-urc/install/urc_util:/home/robojackets/urc_ws/colcon-urc/install/urc_platform:/home/robojackets/urc_ws/colcon-urc/install/urc_perception:/home/robojackets/urc_ws/colcon-urc/install/urc_navigation:/home/robojackets/urc_ws/colcon-urc/install/urc_gazebo:/home/robojackets/urc_ws/colcon-urc/install/urc_msgs:/home/robojackets/urc_ws/colcon-urc/install/urc_manipulation:/home/robojackets/urc_ws/colcon-urc/install/urc_analysis:/home/robojackets/urc_ws/colcon-urc/install/nanopb:/opt/ros/galactic:/home/robojackets/robojackets_ws/catkin_ws/devel:/opt/ros/noetic /usr/bin/cmake --build /home/robojackets/urc_ws/colcon-urc/src/urc-software/build/urc_analysis -- -j2 -l2
[0.939s] Invoked command in '/home/robojackets/urc_ws/colcon-urc/src/urc-software/build/urc_analysis' returned '0': CMAKE_PREFIX_PATH=/home/robojackets/urc_ws/colcon-urc/install/urc_util:/home/robojackets/urc_ws/colcon-urc/install/urc_platform:/home/robojackets/urc_ws/colcon-urc/install/urc_perception:/home/robojackets/urc_ws/colcon-urc/install/urc_navigation:/home/robojackets/urc_ws/colcon-urc/install/urc_gazebo:/home/robojackets/urc_ws/colcon-urc/install/urc_msgs:/home/robojackets/urc_ws/colcon-urc/install/urc_manipulation:/home/robojackets/urc_ws/colcon-urc/install/urc_analysis:/home/robojackets/urc_ws/colcon-urc/install/nanopb:/opt/ros/galactic:/home/robojackets/robojackets_ws/catkin_ws/devel:/opt/ros/noetic /usr/bin/cmake --build /home/robojackets/urc_ws/colcon-urc/src/urc-software/build/urc_analysis -- -j2 -l2
[0.972s] Invoking command in '/home/robojackets/urc_ws/colcon-urc/src/urc-software/build/urc_analysis': CMAKE_PREFIX_PATH=/home/robojackets/urc_ws/colcon-urc/install/urc_util:/home/robojackets/urc_ws/colcon-urc/install/urc_platform:/home/robojackets/urc_ws/colcon-urc/install/urc_perception:/home/robojackets/urc_ws/colcon-urc/install/urc_navigation:/home/robojackets/urc_ws/colcon-urc/install/urc_gazebo:/home/robojackets/urc_ws/colcon-urc/install/urc_msgs:/home/robojackets/urc_ws/colcon-urc/install/urc_manipulation:/home/robojackets/urc_ws/colcon-urc/install/urc_analysis:/home/robojackets/urc_ws/colcon-urc/install/nanopb:/opt/ros/galactic:/home/robojackets/robojackets_ws/catkin_ws/devel:/opt/ros/noetic /usr/bin/cmake --install /home/robojackets/urc_ws/colcon-urc/src/urc-software/build/urc_analysis
[0.982s] -- Install configuration: ""
[0.983s] -- Execute custom install script
[0.984s] -- Symlinking: /home/robojackets/urc_ws/colcon-urc/src/urc-software/install/urc_analysis/share/ament_index/resource_index/package_run_dependencies/urc_analysis
[0.998s] -- Symlinking: /home/robojackets/urc_ws/colcon-urc/src/urc-software/install/urc_analysis/share/ament_index/resource_index/parent_prefix_path/urc_analysis
[1.007s] -- Symlinking: /home/robojackets/urc_ws/colcon-urc/src/urc-software/install/urc_analysis/share/urc_analysis/environment/ament_prefix_path.sh
[1.017s] -- Symlinking: /home/robojackets/urc_ws/colcon-urc/src/urc-software/install/urc_analysis/share/urc_analysis/environment/ament_prefix_path.dsv
[1.026s] -- Symlinking: /home/robojackets/urc_ws/colcon-urc/src/urc-software/install/urc_analysis/share/urc_analysis/environment/path.sh
[1.037s] -- Symlinking: /home/robojackets/urc_ws/colcon-urc/src/urc-software/install/urc_analysis/share/urc_analysis/environment/path.dsv
[1.046s] -- Symlinking: /home/robojackets/urc_ws/colcon-urc/src/urc-software/install/urc_analysis/share/urc_analysis/local_setup.bash
[1.055s] -- Symlinking: /home/robojackets/urc_ws/colcon-urc/src/urc-software/install/urc_analysis/share/urc_analysis/local_setup.sh
[1.065s] -- Symlinking: /home/robojackets/urc_ws/colcon-urc/src/urc-software/install/urc_analysis/share/urc_analysis/local_setup.zsh
[1.074s] -- Symlinking: /home/robojackets/urc_ws/colcon-urc/src/urc-software/install/urc_analysis/share/urc_analysis/local_setup.dsv
[1.083s] -- Symlinking: /home/robojackets/urc_ws/colcon-urc/src/urc-software/install/urc_analysis/share/urc_analysis/package.dsv
[1.097s] -- Symlinking: /home/robojackets/urc_ws/colcon-urc/src/urc-software/install/urc_analysis/share/ament_index/resource_index/packages/urc_analysis
[1.109s] -- Symlinking: /home/robojackets/urc_ws/colcon-urc/src/urc-software/install/urc_analysis/share/urc_analysis/cmake/urc_analysisConfig.cmake
[1.119s] -- Symlinking: /home/robojackets/urc_ws/colcon-urc/src/urc-software/install/urc_analysis/share/urc_analysis/cmake/urc_analysisConfig-version.cmake
[1.129s] -- Symlinking: /home/robojackets/urc_ws/colcon-urc/src/urc-software/install/urc_analysis/share/urc_analysis/package.xml
[1.139s] -- Symlinking: /home/robojackets/urc_ws/colcon-urc/src/urc-software/install/urc_analysis/share/urc_analysis//launch/.gitkeep
[1.153s] Invoked command in '/home/robojackets/urc_ws/colcon-urc/src/urc-software/build/urc_analysis' returned '0': CMAKE_PREFIX_PATH=/home/robojackets/urc_ws/colcon-urc/install/urc_util:/home/robojackets/urc_ws/colcon-urc/install/urc_platform:/home/robojackets/urc_ws/colcon-urc/install/urc_perception:/home/robojackets/urc_ws/colcon-urc/install/urc_navigation:/home/robojackets/urc_ws/colcon-urc/install/urc_gazebo:/home/robojackets/urc_ws/colcon-urc/install/urc_msgs:/home/robojackets/urc_ws/colcon-urc/install/urc_manipulation:/home/robojackets/urc_ws/colcon-urc/install/urc_analysis:/home/robojackets/urc_ws/colcon-urc/install/nanopb:/opt/ros/galactic:/home/robojackets/robojackets_ws/catkin_ws/devel:/opt/ros/noetic /usr/bin/cmake --install /home/robojackets/urc_ws/colcon-urc/src/urc-software/build/urc_analysis
