[0.019s] Invoking command in '/home/robojackets/urc_ws/colcon-urc/src/urc-software/build/urc_util': CMAKE_PREFIX_PATH=/opt/ros/galactic:${CMAKE_PREFIX_PATH} /usr/bin/cmake --build /home/robojackets/urc_ws/colcon-urc/src/urc-software/build/urc_util -- -j2 -l2
[0.104s] Invoked command in '/home/robojackets/urc_ws/colcon-urc/src/urc-software/build/urc_util' returned '0': CMAKE_PREFIX_PATH=/opt/ros/galactic:${CMAKE_PREFIX_PATH} /usr/bin/cmake --build /home/robojackets/urc_ws/colcon-urc/src/urc-software/build/urc_util -- -j2 -l2
[0.147s] Invoking command in '/home/robojackets/urc_ws/colcon-urc/src/urc-software/build/urc_util': CMAKE_PREFIX_PATH=/opt/ros/galactic:${CMAKE_PREFIX_PATH} /usr/bin/cmake --install /home/robojackets/urc_ws/colcon-urc/src/urc-software/build/urc_util
[0.166s] -- Install configuration: ""
[0.167s] -- Execute custom install script
[0.171s] -- Up-to-date symlink: /home/robojackets/urc_ws/colcon-urc/src/urc-software/install/urc_util/share/urc_util//launch/.gitkeep
[0.172s] -- Up-to-date symlink: /home/robojackets/urc_ws/colcon-urc/src/urc-software/install/urc_util/share/ament_index/resource_index/package_run_dependencies/urc_util
[0.172s] -- Up-to-date symlink: /home/robojackets/urc_ws/colcon-urc/src/urc-software/install/urc_util/share/ament_index/resource_index/parent_prefix_path/urc_util
[0.173s] -- Up-to-date symlink: /home/robojackets/urc_ws/colcon-urc/src/urc-software/install/urc_util/share/urc_util/environment/ament_prefix_path.sh
[0.177s] -- Up-to-date symlink: /home/robojackets/urc_ws/colcon-urc/src/urc-software/install/urc_util/share/urc_util/environment/ament_prefix_path.dsv
[0.178s] -- Up-to-date symlink: /home/robojackets/urc_ws/colcon-urc/src/urc-software/install/urc_util/share/urc_util/environment/path.sh
[0.179s] -- Up-to-date symlink: /home/robojackets/urc_ws/colcon-urc/src/urc-software/install/urc_util/share/urc_util/environment/path.dsv
[0.180s] -- Up-to-date symlink: /home/robojackets/urc_ws/colcon-urc/src/urc-software/install/urc_util/share/urc_util/local_setup.bash
[0.181s] -- Up-to-date symlink: /home/robojackets/urc_ws/colcon-urc/src/urc-software/install/urc_util/share/urc_util/local_setup.sh
[0.182s] -- Up-to-date symlink: /home/robojackets/urc_ws/colcon-urc/src/urc-software/install/urc_util/share/urc_util/local_setup.zsh
[0.182s] -- Up-to-date symlink: /home/robojackets/urc_ws/colcon-urc/src/urc-software/install/urc_util/share/urc_util/local_setup.dsv
[0.183s] -- Symlinking: /home/robojackets/urc_ws/colcon-urc/src/urc-software/install/urc_util/share/urc_util/package.dsv
[0.197s] -- Up-to-date symlink: /home/robojackets/urc_ws/colcon-urc/src/urc-software/install/urc_util/share/ament_index/resource_index/packages/urc_util
[0.197s] -- Up-to-date symlink: /home/robojackets/urc_ws/colcon-urc/src/urc-software/install/urc_util/share/urc_util/cmake/urc_utilConfig.cmake
[0.198s] -- Up-to-date symlink: /home/robojackets/urc_ws/colcon-urc/src/urc-software/install/urc_util/share/urc_util/cmake/urc_utilConfig-version.cmake
[0.199s] -- Up-to-date symlink: /home/robojackets/urc_ws/colcon-urc/src/urc-software/install/urc_util/share/urc_util/package.xml
[0.203s] Invoked command in '/home/robojackets/urc_ws/colcon-urc/src/urc-software/build/urc_util' returned '0': CMAKE_PREFIX_PATH=/opt/ros/galactic:${CMAKE_PREFIX_PATH} /usr/bin/cmake --install /home/robojackets/urc_ws/colcon-urc/src/urc-software/build/urc_util
