[0.047s] Invoking command in '/home/robojackets/urc_ws/colcon-urc/src/urc-software/build/urc_gazebo': AMENT_PREFIX_PATH=/home/robojackets/urc_ws/colcon-urc/src/urc-software/install/urc_msgs:${AMENT_PREFIX_PATH} CMAKE_PREFIX_PATH=/home/robojackets/urc_ws/colcon-urc/src/urc-software/install/urc_msgs:/opt/ros/galactic:${CMAKE_PREFIX_PATH} /usr/bin/cmake --build /home/robojackets/urc_ws/colcon-urc/src/urc-software/build/urc_gazebo -- -j2 -l2
[0.212s] [ 50%] Built target urc_gazebo_ScanToPointCloud
[0.259s] [100%] Built target urc_gazebo
[0.286s] Invoked command in '/home/robojackets/urc_ws/colcon-urc/src/urc-software/build/urc_gazebo' returned '0': AMENT_PREFIX_PATH=/home/robojackets/urc_ws/colcon-urc/src/urc-software/install/urc_msgs:${AMENT_PREFIX_PATH} CMAKE_PREFIX_PATH=/home/robojackets/urc_ws/colcon-urc/src/urc-software/install/urc_msgs:/opt/ros/galactic:${CMAKE_PREFIX_PATH} /usr/bin/cmake --build /home/robojackets/urc_ws/colcon-urc/src/urc-software/build/urc_gazebo -- -j2 -l2
[0.348s] Invoking command in '/home/robojackets/urc_ws/colcon-urc/src/urc-software/build/urc_gazebo': AMENT_PREFIX_PATH=/home/robojackets/urc_ws/colcon-urc/src/urc-software/install/urc_msgs:${AMENT_PREFIX_PATH} CMAKE_PREFIX_PATH=/home/robojackets/urc_ws/colcon-urc/src/urc-software/install/urc_msgs:/opt/ros/galactic:${CMAKE_PREFIX_PATH} /usr/bin/cmake --install /home/robojackets/urc_ws/colcon-urc/src/urc-software/build/urc_gazebo
[0.371s] -- Install configuration: ""
[0.373s] -- Execute custom install script
[0.375s] -- Up-to-date symlink: /home/robojackets/urc_ws/colcon-urc/src/urc-software/install/urc_gazebo/lib/urc_gazebo/urc_gazebo_ScanToPointCloud
[0.376s] -- Up-to-date symlink: /home/robojackets/urc_ws/colcon-urc/src/urc-software/install/urc_gazebo/lib/urc_gazebo/spawn_wallii.py
[0.378s] -- Up-to-date symlink: /home/robojackets/urc_ws/colcon-urc/src/urc-software/install/urc_gazebo/share/urc_gazebo//launch/__pycache__/simulation.launch.cpython-38.pyc
[0.379s] -- Up-to-date symlink: /home/robojackets/urc_ws/colcon-urc/src/urc-software/install/urc_gazebo/share/urc_gazebo//launch/simulation.launch.py
[0.380s] -- Up-to-date symlink: /home/robojackets/urc_ws/colcon-urc/src/urc-software/install/urc_gazebo/share/urc_gazebo//launch/spawn_wallii.py
[0.382s] -- Up-to-date symlink: /home/robojackets/urc_ws/colcon-urc/src/urc-software/install/urc_gazebo/share/urc_gazebo//urdf/gazebo.material
[0.382s] -- Up-to-date symlink: /home/robojackets/urc_ws/colcon-urc/src/urc-software/install/urc_gazebo/share/urc_gazebo//urdf/meshes/l_finger.dae
[0.384s] -- Up-to-date symlink: /home/robojackets/urc_ws/colcon-urc/src/urc-software/install/urc_gazebo/share/urc_gazebo//urdf/meshes/l_finger_color.png
[0.385s] -- Up-to-date symlink: /home/robojackets/urc_ws/colcon-urc/src/urc-software/install/urc_gazebo/share/urc_gazebo//urdf/meshes/l_finger_tip.dae
[0.386s] -- Up-to-date symlink: /home/robojackets/urc_ws/colcon-urc/src/urc-software/install/urc_gazebo/share/urc_gazebo//urdf/meshes/l_finger_tip_color.png
[0.387s] -- Up-to-date symlink: /home/robojackets/urc_ws/colcon-urc/src/urc-software/install/urc_gazebo/share/urc_gazebo//urdf/models/barrel/meshes/Barrel.png
[0.388s] -- Up-to-date symlink: /home/robojackets/urc_ws/colcon-urc/src/urc-software/install/urc_gazebo/share/urc_gazebo//urdf/models/barrel/meshes/barrel.dae
[0.389s] -- Up-to-date symlink: /home/robojackets/urc_ws/colcon-urc/src/urc-software/install/urc_gazebo/share/urc_gazebo//urdf/models/barrel/model.config
[0.390s] -- Up-to-date symlink: /home/robojackets/urc_ws/colcon-urc/src/urc-software/install/urc_gazebo/share/urc_gazebo//urdf/models/barrel/model.sdf
[0.391s] -- Up-to-date symlink: /home/robojackets/urc_ws/colcon-urc/src/urc-software/install/urc_gazebo/share/urc_gazebo//urdf/models/desert_surface/materials/scripts/desert.material
[0.392s] -- Up-to-date symlink: /home/robojackets/urc_ws/colcon-urc/src/urc-software/install/urc_gazebo/share/urc_gazebo//urdf/models/desert_surface/materials/textures/desert_sand.jpg
[0.393s] -- Up-to-date symlink: /home/robojackets/urc_ws/colcon-urc/src/urc-software/install/urc_gazebo/share/urc_gazebo//urdf/models/desert_surface/model.config
[0.394s] -- Up-to-date symlink: /home/robojackets/urc_ws/colcon-urc/src/urc-software/install/urc_gazebo/share/urc_gazebo//urdf/models/desert_surface/model.sdf
[0.395s] -- Up-to-date symlink: /home/robojackets/urc_ws/colcon-urc/src/urc-software/install/urc_gazebo/share/urc_gazebo//urdf/models/sun/model.config
[0.396s] -- Up-to-date symlink: /home/robojackets/urc_ws/colcon-urc/src/urc-software/install/urc_gazebo/share/urc_gazebo//urdf/models/sun/model.sdf
[0.397s] -- Up-to-date symlink: /home/robojackets/urc_ws/colcon-urc/src/urc-software/install/urc_gazebo/share/urc_gazebo//urdf/walli_inertials.xacro
[0.398s] -- Up-to-date symlink: /home/robojackets/urc_ws/colcon-urc/src/urc-software/install/urc_gazebo/share/urc_gazebo//urdf/walli_prop.xacro
[0.399s] -- Up-to-date symlink: /home/robojackets/urc_ws/colcon-urc/src/urc-software/install/urc_gazebo/share/urc_gazebo//urdf/wallii.xacro
[0.400s] -- Up-to-date symlink: /home/robojackets/urc_ws/colcon-urc/src/urc-software/install/urc_gazebo/share/urc_gazebo//urdf/worlds/flat_world.world
[0.401s] -- Up-to-date symlink: /home/robojackets/urc_ws/colcon-urc/src/urc-software/install/urc_gazebo/lib/liburc_gazebo.so
[0.403s] -- Up-to-date symlink: /home/robojackets/urc_ws/colcon-urc/src/urc-software/install/urc_gazebo/share/urc_gazebo/environment/library_path.sh
[0.404s] -- Up-to-date symlink: /home/robojackets/urc_ws/colcon-urc/src/urc-software/install/urc_gazebo/share/urc_gazebo/environment/library_path.dsv
[0.406s] -- Up-to-date symlink: /home/robojackets/urc_ws/colcon-urc/src/urc-software/install/urc_gazebo/share/ament_index/resource_index/package_run_dependencies/urc_gazebo
[0.407s] -- Up-to-date symlink: /home/robojackets/urc_ws/colcon-urc/src/urc-software/install/urc_gazebo/share/ament_index/resource_index/parent_prefix_path/urc_gazebo
[0.409s] -- Up-to-date symlink: /home/robojackets/urc_ws/colcon-urc/src/urc-software/install/urc_gazebo/share/urc_gazebo/environment/ament_prefix_path.sh
[0.410s] -- Up-to-date symlink: /home/robojackets/urc_ws/colcon-urc/src/urc-software/install/urc_gazebo/share/urc_gazebo/environment/ament_prefix_path.dsv
[0.411s] -- Up-to-date symlink: /home/robojackets/urc_ws/colcon-urc/src/urc-software/install/urc_gazebo/share/urc_gazebo/environment/path.sh
[0.413s] -- Up-to-date symlink: /home/robojackets/urc_ws/colcon-urc/src/urc-software/install/urc_gazebo/share/urc_gazebo/environment/path.dsv
[0.415s] -- Up-to-date symlink: /home/robojackets/urc_ws/colcon-urc/src/urc-software/install/urc_gazebo/share/urc_gazebo/local_setup.bash
[0.416s] -- Up-to-date symlink: /home/robojackets/urc_ws/colcon-urc/src/urc-software/install/urc_gazebo/share/urc_gazebo/local_setup.sh
[0.418s] -- Up-to-date symlink: /home/robojackets/urc_ws/colcon-urc/src/urc-software/install/urc_gazebo/share/urc_gazebo/local_setup.zsh
[0.418s] -- Up-to-date symlink: /home/robojackets/urc_ws/colcon-urc/src/urc-software/install/urc_gazebo/share/urc_gazebo/local_setup.dsv
[0.419s] -- Symlinking: /home/robojackets/urc_ws/colcon-urc/src/urc-software/install/urc_gazebo/share/urc_gazebo/package.dsv
[0.441s] -- Up-to-date symlink: /home/robojackets/urc_ws/colcon-urc/src/urc-software/install/urc_gazebo/share/ament_index/resource_index/packages/urc_gazebo
[0.442s] -- Up-to-date symlink: /home/robojackets/urc_ws/colcon-urc/src/urc-software/install/urc_gazebo/share/ament_index/resource_index/rclcpp_components/urc_gazebo
[0.443s] -- Up-to-date symlink: /home/robojackets/urc_ws/colcon-urc/src/urc-software/install/urc_gazebo/share/urc_gazebo/cmake/ament_cmake_export_include_directories-extras.cmake
[0.444s] -- Up-to-date symlink: /home/robojackets/urc_ws/colcon-urc/src/urc-software/install/urc_gazebo/share/urc_gazebo/cmake/ament_cmake_export_libraries-extras.cmake
[0.445s] -- Up-to-date symlink: /home/robojackets/urc_ws/colcon-urc/src/urc-software/install/urc_gazebo/share/urc_gazebo/cmake/ament_cmake_export_dependencies-extras.cmake
[0.445s] -- Up-to-date symlink: /home/robojackets/urc_ws/colcon-urc/src/urc-software/install/urc_gazebo/share/urc_gazebo/cmake/urc_gazeboConfig.cmake
[0.446s] -- Up-to-date symlink: /home/robojackets/urc_ws/colcon-urc/src/urc-software/install/urc_gazebo/share/urc_gazebo/cmake/urc_gazeboConfig-version.cmake
[0.447s] -- Up-to-date symlink: /home/robojackets/urc_ws/colcon-urc/src/urc-software/install/urc_gazebo/share/urc_gazebo/package.xml
[0.454s] Invoked command in '/home/robojackets/urc_ws/colcon-urc/src/urc-software/build/urc_gazebo' returned '0': AMENT_PREFIX_PATH=/home/robojackets/urc_ws/colcon-urc/src/urc-software/install/urc_msgs:${AMENT_PREFIX_PATH} CMAKE_PREFIX_PATH=/home/robojackets/urc_ws/colcon-urc/src/urc-software/install/urc_msgs:/opt/ros/galactic:${CMAKE_PREFIX_PATH} /usr/bin/cmake --install /home/robojackets/urc_ws/colcon-urc/src/urc-software/build/urc_gazebo
