[0.030s] Invoking command in '/home/robojackets/urc_ws/colcon-urc/src/urc-software/build/urc_perception': CMAKE_PREFIX_PATH=/opt/ros/galactic:${CMAKE_PREFIX_PATH} /usr/bin/cmake --build /home/robojackets/urc_ws/colcon-urc/src/urc-software/build/urc_perception -- -j2 -l2
[0.107s] Invoked command in '/home/robojackets/urc_ws/colcon-urc/src/urc-software/build/urc_perception' returned '0': CMAKE_PREFIX_PATH=/opt/ros/galactic:${CMAKE_PREFIX_PATH} /usr/bin/cmake --build /home/robojackets/urc_ws/colcon-urc/src/urc-software/build/urc_perception -- -j2 -l2
[0.141s] Invoking command in '/home/robojackets/urc_ws/colcon-urc/src/urc-software/build/urc_perception': CMAKE_PREFIX_PATH=/opt/ros/galactic:${CMAKE_PREFIX_PATH} /usr/bin/cmake --install /home/robojackets/urc_ws/colcon-urc/src/urc-software/build/urc_perception
[0.154s] -- Install configuration: ""
[0.155s] -- Execute custom install script
[0.156s] -- Up-to-date symlink: /home/robojackets/urc_ws/colcon-urc/src/urc-software/install/urc_perception/share/ament_index/resource_index/package_run_dependencies/urc_perception
[0.156s] -- Up-to-date symlink: /home/robojackets/urc_ws/colcon-urc/src/urc-software/install/urc_perception/share/ament_index/resource_index/parent_prefix_path/urc_perception
[0.157s] -- Up-to-date symlink: /home/robojackets/urc_ws/colcon-urc/src/urc-software/install/urc_perception/share/urc_perception/environment/ament_prefix_path.sh
[0.157s] -- Up-to-date symlink: /home/robojackets/urc_ws/colcon-urc/src/urc-software/install/urc_perception/share/urc_perception/environment/ament_prefix_path.dsv
[0.158s] -- Up-to-date symlink: /home/robojackets/urc_ws/colcon-urc/src/urc-software/install/urc_perception/share/urc_perception/environment/path.sh
[0.158s] -- Up-to-date symlink: /home/robojackets/urc_ws/colcon-urc/src/urc-software/install/urc_perception/share/urc_perception/environment/path.dsv
[0.159s] -- Up-to-date symlink: /home/robojackets/urc_ws/colcon-urc/src/urc-software/install/urc_perception/share/urc_perception/local_setup.bash
[0.159s] -- Up-to-date symlink: /home/robojackets/urc_ws/colcon-urc/src/urc-software/install/urc_perception/share/urc_perception/local_setup.sh
[0.160s] -- Up-to-date symlink: /home/robojackets/urc_ws/colcon-urc/src/urc-software/install/urc_perception/share/urc_perception/local_setup.zsh
[0.160s] -- Up-to-date symlink: /home/robojackets/urc_ws/colcon-urc/src/urc-software/install/urc_perception/share/urc_perception/local_setup.dsv
[0.161s] -- Symlinking: /home/robojackets/urc_ws/colcon-urc/src/urc-software/install/urc_perception/share/urc_perception/package.dsv
[0.171s] -- Up-to-date symlink: /home/robojackets/urc_ws/colcon-urc/src/urc-software/install/urc_perception/share/ament_index/resource_index/packages/urc_perception
[0.171s] -- Up-to-date symlink: /home/robojackets/urc_ws/colcon-urc/src/urc-software/install/urc_perception/share/urc_perception/cmake/urc_perceptionConfig.cmake
[0.172s] -- Up-to-date symlink: /home/robojackets/urc_ws/colcon-urc/src/urc-software/install/urc_perception/share/urc_perception/cmake/urc_perceptionConfig-version.cmake
[0.172s] -- Up-to-date symlink: /home/robojackets/urc_ws/colcon-urc/src/urc-software/install/urc_perception/share/urc_perception/package.xml
[0.172s] -- Up-to-date symlink: /home/robojackets/urc_ws/colcon-urc/src/urc-software/install/urc_perception/share/urc_perception//launch/.gitkeep
[0.189s] Invoked command in '/home/robojackets/urc_ws/colcon-urc/src/urc-software/build/urc_perception' returned '0': CMAKE_PREFIX_PATH=/opt/ros/galactic:${CMAKE_PREFIX_PATH} /usr/bin/cmake --install /home/robojackets/urc_ws/colcon-urc/src/urc-software/build/urc_perception
