-- The C compiler identification is GNU 9.4.0
-- Check for working C compiler: /usr/bin/cc
-- Check for working C compiler: /usr/bin/cc -- works
-- Detecting C compiler ABI info
-- Detecting C compiler ABI info - done
-- Detecting C compile features
-- Detecting C compile features - done
-- Found Python: /usr/bin/python3.8 (found version "3.8.10") found components: Interpreter 
-- Configuring done
-- Generating done
-- Build files have been written to: /home/robojackets/urc_ws/colcon-urc/src/urc-software/build/nanopb
[35m[1mScanning dependencies of target protobuf-nanopb-static[0m
[35m[1mScanning dependencies of target generate_nanopb_pb2.py[0m
[ 20%] [32mBuilding C object CMakeFiles/protobuf-nanopb-static.dir/pb_common.c.o[0m
[ 40%] [34m[1mGenerating nanopb_pb2.py[0m
[ 40%] Built target generate_nanopb_pb2.py
[ 60%] [32mBuilding C object CMakeFiles/protobuf-nanopb-static.dir/pb_encode.c.o[0m
[ 80%] [32mBuilding C object CMakeFiles/protobuf-nanopb-static.dir/pb_decode.c.o[0m
[100%] [32m[1mLinking C static library libprotobuf-nanopb.a[0m
[100%] Built target protobuf-nanopb-static
-- Install configuration: ""
-- Installing: /home/robojackets/urc_ws/colcon-urc/src/urc-software/install/nanopb/lib/python3.8/site-packages/proto/nanopb_pb2.py
-- Installing: /home/robojackets/urc_ws/colcon-urc/src/urc-software/install/nanopb/lib/python3.8/site-packages/proto/nanopb.proto
-- Installing: /home/robojackets/urc_ws/colcon-urc/src/urc-software/install/nanopb/lib/python3.8/site-packages/proto/_utils.py
-- Installing: /home/robojackets/urc_ws/colcon-urc/src/urc-software/install/nanopb/bin/nanopb_generator.py
-- Installing: /home/robojackets/urc_ws/colcon-urc/src/urc-software/install/nanopb/bin/protoc-gen-nanopb
-- Installing: /home/robojackets/urc_ws/colcon-urc/src/urc-software/install/nanopb/lib/libprotobuf-nanopb.a
-- Installing: /home/robojackets/urc_ws/colcon-urc/src/urc-software/install/nanopb/lib/cmake/nanopb/nanopb-targets.cmake
-- Installing: /home/robojackets/urc_ws/colcon-urc/src/urc-software/install/nanopb/lib/cmake/nanopb/nanopb-targets-noconfig.cmake
-- Installing: /home/robojackets/urc_ws/colcon-urc/src/urc-software/install/nanopb/lib/cmake/nanopb/nanopb-config.cmake
-- Installing: /home/robojackets/urc_ws/colcon-urc/src/urc-software/install/nanopb/lib/cmake/nanopb/nanopb-config-version.cmake
-- Installing: /home/robojackets/urc_ws/colcon-urc/src/urc-software/install/nanopb/include/pb.h
-- Installing: /home/robojackets/urc_ws/colcon-urc/src/urc-software/install/nanopb/include/pb_common.h
-- Installing: /home/robojackets/urc_ws/colcon-urc/src/urc-software/install/nanopb/include/pb_encode.h
-- Installing: /home/robojackets/urc_ws/colcon-urc/src/urc-software/install/nanopb/include/pb_decode.h
