[0.037s] Invoking command in '/home/robojackets/urc_ws/colcon-urc/src/urc-software/build/nanopb': /usr/bin/cmake /home/robojackets/urc_ws/colcon-urc/src/urc-software/external/nanopb -DCMAKE_INSTALL_PREFIX=/home/robojackets/urc_ws/colcon-urc/src/urc-software/install/nanopb
[0.117s] -- The C compiler identification is GNU 9.4.0
[0.129s] -- Check for working C compiler: /usr/bin/cc
[0.226s] -- Check for working C compiler: /usr/bin/cc -- works
[0.227s] -- Detecting C compiler ABI info
[0.321s] -- Detecting C compiler ABI info - done
[0.336s] -- Detecting C compile features
[0.337s] -- Detecting C compile features - done
[0.572s] -- Found Python: /usr/bin/python3.8 (found version "3.8.10") found components: Interpreter 
[0.597s] -- Configuring done
[0.600s] -- Generating done
[0.601s] -- Build files have been written to: /home/robojackets/urc_ws/colcon-urc/src/urc-software/build/nanopb
[0.606s] Invoked command in '/home/robojackets/urc_ws/colcon-urc/src/urc-software/build/nanopb' returned '0': /usr/bin/cmake /home/robojackets/urc_ws/colcon-urc/src/urc-software/external/nanopb -DCMAKE_INSTALL_PREFIX=/home/robojackets/urc_ws/colcon-urc/src/urc-software/install/nanopb
[0.607s] Invoking command in '/home/robojackets/urc_ws/colcon-urc/src/urc-software/build/nanopb': /usr/bin/cmake --build /home/robojackets/urc_ws/colcon-urc/src/urc-software/build/nanopb -- -j2 -l2
[0.655s] [35m[1mScanning dependencies of target protobuf-nanopb-static[0m
[0.664s] [35m[1mScanning dependencies of target generate_nanopb_pb2.py[0m
[0.677s] [ 20%] [32mBuilding C object CMakeFiles/protobuf-nanopb-static.dir/pb_common.c.o[0m
[0.687s] [ 40%] [34m[1mGenerating nanopb_pb2.py[0m
[0.727s] [ 40%] Built target generate_nanopb_pb2.py
[0.746s] [ 60%] [32mBuilding C object CMakeFiles/protobuf-nanopb-static.dir/pb_encode.c.o[0m
[0.756s] [ 80%] [32mBuilding C object CMakeFiles/protobuf-nanopb-static.dir/pb_decode.c.o[0m
[0.857s] [100%] [32m[1mLinking C static library libprotobuf-nanopb.a[0m
[0.894s] [100%] Built target protobuf-nanopb-static
[0.917s] Invoked command in '/home/robojackets/urc_ws/colcon-urc/src/urc-software/build/nanopb' returned '0': /usr/bin/cmake --build /home/robojackets/urc_ws/colcon-urc/src/urc-software/build/nanopb -- -j2 -l2
[0.972s] Invoking command in '/home/robojackets/urc_ws/colcon-urc/src/urc-software/build/nanopb': /usr/bin/cmake --install /home/robojackets/urc_ws/colcon-urc/src/urc-software/build/nanopb
[0.982s] -- Install configuration: ""
[0.983s] -- Installing: /home/robojackets/urc_ws/colcon-urc/src/urc-software/install/nanopb/lib/python3.8/site-packages/proto/nanopb_pb2.py
[0.984s] -- Installing: /home/robojackets/urc_ws/colcon-urc/src/urc-software/install/nanopb/lib/python3.8/site-packages/proto/nanopb.proto
[0.984s] -- Installing: /home/robojackets/urc_ws/colcon-urc/src/urc-software/install/nanopb/lib/python3.8/site-packages/proto/_utils.py
[0.985s] -- Installing: /home/robojackets/urc_ws/colcon-urc/src/urc-software/install/nanopb/bin/nanopb_generator.py
[0.987s] -- Installing: /home/robojackets/urc_ws/colcon-urc/src/urc-software/install/nanopb/bin/protoc-gen-nanopb
[0.988s] -- Installing: /home/robojackets/urc_ws/colcon-urc/src/urc-software/install/nanopb/lib/libprotobuf-nanopb.a
[0.989s] -- Installing: /home/robojackets/urc_ws/colcon-urc/src/urc-software/install/nanopb/lib/cmake/nanopb/nanopb-targets.cmake
[0.990s] -- Installing: /home/robojackets/urc_ws/colcon-urc/src/urc-software/install/nanopb/lib/cmake/nanopb/nanopb-targets-noconfig.cmake
[0.990s] -- Installing: /home/robojackets/urc_ws/colcon-urc/src/urc-software/install/nanopb/lib/cmake/nanopb/nanopb-config.cmake
[0.991s] -- Installing: /home/robojackets/urc_ws/colcon-urc/src/urc-software/install/nanopb/lib/cmake/nanopb/nanopb-config-version.cmake
[0.992s] -- Installing: /home/robojackets/urc_ws/colcon-urc/src/urc-software/install/nanopb/include/pb.h
[0.994s] -- Installing: /home/robojackets/urc_ws/colcon-urc/src/urc-software/install/nanopb/include/pb_common.h
[0.994s] -- Installing: /home/robojackets/urc_ws/colcon-urc/src/urc-software/install/nanopb/include/pb_encode.h
[0.995s] -- Installing: /home/robojackets/urc_ws/colcon-urc/src/urc-software/install/nanopb/include/pb_decode.h
[0.998s] Invoked command in '/home/robojackets/urc_ws/colcon-urc/src/urc-software/build/nanopb' returned '0': /usr/bin/cmake --install /home/robojackets/urc_ws/colcon-urc/src/urc-software/build/nanopb
