[0.217s] DEBUG:colcon:Command line arguments: ['/usr/bin/colcon', 'build', '--symlink-install']
[0.217s] DEBUG:colcon:Parsed command line arguments: Namespace(allow_overriding=[], ament_cmake_args=None, base_paths=['.'], build_base='build', catkin_cmake_args=None, catkin_skip_building_tests=False, cmake_args=None, cmake_clean_cache=False, cmake_clean_first=False, cmake_force_configure=False, cmake_target=None, cmake_target_skip_unavailable=False, continue_on_error=False, event_handlers=None, executor='parallel', ignore_user_meta=False, install_base='install', log_base=None, log_level=None, main=<bound method BuildVerb.main of <colcon_core.verb.build.BuildVerb object at 0x7fedd676ac40>>, merge_install=False, metas=['./colcon.meta'], packages_above=None, packages_above_and_dependencies=None, packages_above_depth=None, packages_end=None, packages_ignore=None, packages_ignore_regex=None, packages_select=None, packages_select_build_failed=False, packages_select_by_dep=None, packages_select_regex=None, packages_select_test_failures=False, packages_skip=None, packages_skip_build_finished=False, packages_skip_by_dep=None, packages_skip_regex=None, packages_skip_test_passed=False, packages_skip_up_to=None, packages_start=None, packages_up_to=None, packages_up_to_regex=None, parallel_workers=2, paths=None, symlink_install=True, test_result_base=None, verb_extension=<colcon_core.verb.build.BuildVerb object at 0x7fedd676ac40>, verb_name='build', verb_parser=<colcon_defaults.argument_parser.defaults.DefaultArgumentsDecorator object at 0x7fedd67741f0>)
[0.224s] Level 1:colcon.colcon_core.package_discovery:discover_packages(colcon_meta) check parameters
[0.224s] Level 1:colcon.colcon_core.package_discovery:discover_packages(recursive) check parameters
[0.224s] Level 1:colcon.colcon_core.package_discovery:discover_packages(ignore) check parameters
[0.224s] Level 1:colcon.colcon_core.package_discovery:discover_packages(path) check parameters
[0.225s] Level 1:colcon.colcon_core.package_discovery:discover_packages(colcon_meta) discover
[0.225s] Level 1:colcon.colcon_core.package_discovery:discover_packages(recursive) discover
[0.225s] INFO:colcon.colcon_core.package_discovery:Crawling recursively for packages in '/home/robojackets/urc_ws/colcon-urc/src/urc-software'
[0.226s] Level 1:colcon.colcon_core.package_identification:_identify(.) by extensions ['ignore', 'ignore_ament_install']
[0.226s] Level 1:colcon.colcon_core.package_identification:_identify(.) by extension 'ignore'
[0.226s] Level 1:colcon.colcon_core.package_identification:_identify(.) by extension 'ignore_ament_install'
[0.226s] Level 1:colcon.colcon_core.package_identification:_identify(.) by extensions ['colcon_pkg']
[0.226s] Level 1:colcon.colcon_core.package_identification:_identify(.) by extension 'colcon_pkg'
[0.226s] Level 1:colcon.colcon_core.package_identification:_identify(.) by extensions ['colcon_meta']
[0.227s] Level 1:colcon.colcon_core.package_identification:_identify(.) by extension 'colcon_meta'
[0.227s] Level 1:colcon.colcon_core.package_identification:_identify(.) by extensions ['ros']
[0.227s] Level 1:colcon.colcon_core.package_identification:_identify(.) by extension 'ros'
[0.242s] Level 1:colcon.colcon_core.package_identification:_identify(.) by extensions ['cmake', 'python']
[0.242s] Level 1:colcon.colcon_core.package_identification:_identify(.) by extension 'cmake'
[0.242s] Level 1:colcon.colcon_core.package_identification:_identify(.) by extension 'python'
[0.242s] Level 1:colcon.colcon_core.package_identification:_identify(.) by extensions ['python_setup_py']
[0.242s] Level 1:colcon.colcon_core.package_identification:_identify(.) by extension 'python_setup_py'
[0.242s] Level 1:colcon.colcon_core.package_identification:_identify(build) by extensions ['ignore', 'ignore_ament_install']
[0.242s] Level 1:colcon.colcon_core.package_identification:_identify(build) by extension 'ignore'
[0.243s] Level 1:colcon.colcon_core.package_identification:_identify(build) ignored
[0.243s] Level 1:colcon.colcon_core.package_identification:_identify(documents) by extensions ['ignore', 'ignore_ament_install']
[0.243s] Level 1:colcon.colcon_core.package_identification:_identify(documents) by extension 'ignore'
[0.243s] Level 1:colcon.colcon_core.package_identification:_identify(documents) by extension 'ignore_ament_install'
[0.243s] Level 1:colcon.colcon_core.package_identification:_identify(documents) by extensions ['colcon_pkg']
[0.243s] Level 1:colcon.colcon_core.package_identification:_identify(documents) by extension 'colcon_pkg'
[0.243s] Level 1:colcon.colcon_core.package_identification:_identify(documents) by extensions ['colcon_meta']
[0.243s] Level 1:colcon.colcon_core.package_identification:_identify(documents) by extension 'colcon_meta'
[0.244s] Level 1:colcon.colcon_core.package_identification:_identify(documents) by extensions ['ros']
[0.244s] Level 1:colcon.colcon_core.package_identification:_identify(documents) by extension 'ros'
[0.244s] Level 1:colcon.colcon_core.package_identification:_identify(documents) by extensions ['cmake', 'python']
[0.244s] Level 1:colcon.colcon_core.package_identification:_identify(documents) by extension 'cmake'
[0.244s] Level 1:colcon.colcon_core.package_identification:_identify(documents) by extension 'python'
[0.244s] Level 1:colcon.colcon_core.package_identification:_identify(documents) by extensions ['python_setup_py']
[0.244s] Level 1:colcon.colcon_core.package_identification:_identify(documents) by extension 'python_setup_py'
[0.244s] Level 1:colcon.colcon_core.package_identification:_identify(documents/design) by extensions ['ignore', 'ignore_ament_install']
[0.244s] Level 1:colcon.colcon_core.package_identification:_identify(documents/design) by extension 'ignore'
[0.245s] Level 1:colcon.colcon_core.package_identification:_identify(documents/design) by extension 'ignore_ament_install'
[0.245s] Level 1:colcon.colcon_core.package_identification:_identify(documents/design) by extensions ['colcon_pkg']
[0.245s] Level 1:colcon.colcon_core.package_identification:_identify(documents/design) by extension 'colcon_pkg'
[0.245s] Level 1:colcon.colcon_core.package_identification:_identify(documents/design) by extensions ['colcon_meta']
[0.245s] Level 1:colcon.colcon_core.package_identification:_identify(documents/design) by extension 'colcon_meta'
[0.245s] Level 1:colcon.colcon_core.package_identification:_identify(documents/design) by extensions ['ros']
[0.245s] Level 1:colcon.colcon_core.package_identification:_identify(documents/design) by extension 'ros'
[0.245s] Level 1:colcon.colcon_core.package_identification:_identify(documents/design) by extensions ['cmake', 'python']
[0.245s] Level 1:colcon.colcon_core.package_identification:_identify(documents/design) by extension 'cmake'
[0.246s] Level 1:colcon.colcon_core.package_identification:_identify(documents/design) by extension 'python'
[0.246s] Level 1:colcon.colcon_core.package_identification:_identify(documents/design) by extensions ['python_setup_py']
[0.246s] Level 1:colcon.colcon_core.package_identification:_identify(documents/design) by extension 'python_setup_py'
[0.246s] Level 1:colcon.colcon_core.package_identification:_identify(documents/research) by extensions ['ignore', 'ignore_ament_install']
[0.246s] Level 1:colcon.colcon_core.package_identification:_identify(documents/research) by extension 'ignore'
[0.246s] Level 1:colcon.colcon_core.package_identification:_identify(documents/research) by extension 'ignore_ament_install'
[0.246s] Level 1:colcon.colcon_core.package_identification:_identify(documents/research) by extensions ['colcon_pkg']
[0.246s] Level 1:colcon.colcon_core.package_identification:_identify(documents/research) by extension 'colcon_pkg'
[0.246s] Level 1:colcon.colcon_core.package_identification:_identify(documents/research) by extensions ['colcon_meta']
[0.247s] Level 1:colcon.colcon_core.package_identification:_identify(documents/research) by extension 'colcon_meta'
[0.247s] Level 1:colcon.colcon_core.package_identification:_identify(documents/research) by extensions ['ros']
[0.247s] Level 1:colcon.colcon_core.package_identification:_identify(documents/research) by extension 'ros'
[0.247s] Level 1:colcon.colcon_core.package_identification:_identify(documents/research) by extensions ['cmake', 'python']
[0.247s] Level 1:colcon.colcon_core.package_identification:_identify(documents/research) by extension 'cmake'
[0.247s] Level 1:colcon.colcon_core.package_identification:_identify(documents/research) by extension 'python'
[0.247s] Level 1:colcon.colcon_core.package_identification:_identify(documents/research) by extensions ['python_setup_py']
[0.247s] Level 1:colcon.colcon_core.package_identification:_identify(documents/research) by extension 'python_setup_py'
[0.248s] Level 1:colcon.colcon_core.package_identification:_identify(external) by extensions ['ignore', 'ignore_ament_install']
[0.248s] Level 1:colcon.colcon_core.package_identification:_identify(external) by extension 'ignore'
[0.248s] Level 1:colcon.colcon_core.package_identification:_identify(external) by extension 'ignore_ament_install'
[0.248s] Level 1:colcon.colcon_core.package_identification:_identify(external) by extensions ['colcon_pkg']
[0.248s] Level 1:colcon.colcon_core.package_identification:_identify(external) by extension 'colcon_pkg'
[0.248s] Level 1:colcon.colcon_core.package_identification:_identify(external) by extensions ['colcon_meta']
[0.248s] Level 1:colcon.colcon_core.package_identification:_identify(external) by extension 'colcon_meta'
[0.248s] Level 1:colcon.colcon_core.package_identification:_identify(external) by extensions ['ros']
[0.248s] Level 1:colcon.colcon_core.package_identification:_identify(external) by extension 'ros'
[0.249s] Level 1:colcon.colcon_core.package_identification:_identify(external) by extensions ['cmake', 'python']
[0.249s] Level 1:colcon.colcon_core.package_identification:_identify(external) by extension 'cmake'
[0.249s] Level 1:colcon.colcon_core.package_identification:_identify(external) by extension 'python'
[0.249s] Level 1:colcon.colcon_core.package_identification:_identify(external) by extensions ['python_setup_py']
[0.249s] Level 1:colcon.colcon_core.package_identification:_identify(external) by extension 'python_setup_py'
[0.249s] Level 1:colcon.colcon_core.package_identification:_identify(external/nanopb) by extensions ['ignore', 'ignore_ament_install']
[0.249s] Level 1:colcon.colcon_core.package_identification:_identify(external/nanopb) by extension 'ignore'
[0.249s] Level 1:colcon.colcon_core.package_identification:_identify(external/nanopb) by extension 'ignore_ament_install'
[0.250s] Level 1:colcon.colcon_core.package_identification:_identify(external/nanopb) by extensions ['colcon_pkg']
[0.250s] Level 1:colcon.colcon_core.package_identification:_identify(external/nanopb) by extension 'colcon_pkg'
[0.250s] Level 1:colcon.colcon_core.package_identification:_identify(external/nanopb) by extensions ['colcon_meta']
[0.250s] Level 1:colcon.colcon_core.package_identification:_identify(external/nanopb) by extension 'colcon_meta'
[0.250s] Level 1:colcon.colcon_core.package_identification:_identify(external/nanopb) by extensions ['ros']
[0.250s] Level 1:colcon.colcon_core.package_identification:_identify(external/nanopb) by extension 'ros'
[0.250s] Level 1:colcon.colcon_core.package_identification:_identify(external/nanopb) by extensions ['cmake', 'python']
[0.250s] Level 1:colcon.colcon_core.package_identification:_identify(external/nanopb) by extension 'cmake'
[0.258s] Level 1:colcon.colcon_core.package_identification:_identify(external/nanopb) by extension 'python'
[0.258s] DEBUG:colcon.colcon_core.package_identification:Package 'external/nanopb' with type 'cmake' and name 'nanopb'
[0.258s] Level 1:colcon.colcon_core.package_identification:_identify(install) by extensions ['ignore', 'ignore_ament_install']
[0.258s] Level 1:colcon.colcon_core.package_identification:_identify(install) by extension 'ignore'
[0.259s] Level 1:colcon.colcon_core.package_identification:_identify(install) ignored
[0.259s] Level 1:colcon.colcon_core.package_identification:_identify(log) by extensions ['ignore', 'ignore_ament_install']
[0.259s] Level 1:colcon.colcon_core.package_identification:_identify(log) by extension 'ignore'
[0.259s] Level 1:colcon.colcon_core.package_identification:_identify(log) ignored
[0.259s] Level 1:colcon.colcon_core.package_identification:_identify(urc_analysis) by extensions ['ignore', 'ignore_ament_install']
[0.259s] Level 1:colcon.colcon_core.package_identification:_identify(urc_analysis) by extension 'ignore'
[0.259s] Level 1:colcon.colcon_core.package_identification:_identify(urc_analysis) by extension 'ignore_ament_install'
[0.259s] Level 1:colcon.colcon_core.package_identification:_identify(urc_analysis) by extensions ['colcon_pkg']
[0.260s] Level 1:colcon.colcon_core.package_identification:_identify(urc_analysis) by extension 'colcon_pkg'
[0.260s] Level 1:colcon.colcon_core.package_identification:_identify(urc_analysis) by extensions ['colcon_meta']
[0.260s] Level 1:colcon.colcon_core.package_identification:_identify(urc_analysis) by extension 'colcon_meta'
[0.260s] Level 1:colcon.colcon_core.package_identification:_identify(urc_analysis) by extensions ['ros']
[0.260s] Level 1:colcon.colcon_core.package_identification:_identify(urc_analysis) by extension 'ros'
[0.262s] DEBUG:colcon.colcon_core.package_identification:Package 'urc_analysis' with type 'ros.ament_cmake' and name 'urc_analysis'
[0.263s] Level 1:colcon.colcon_core.package_identification:_identify(urc_gazebo) by extensions ['ignore', 'ignore_ament_install']
[0.263s] Level 1:colcon.colcon_core.package_identification:_identify(urc_gazebo) by extension 'ignore'
[0.263s] Level 1:colcon.colcon_core.package_identification:_identify(urc_gazebo) by extension 'ignore_ament_install'
[0.263s] Level 1:colcon.colcon_core.package_identification:_identify(urc_gazebo) by extensions ['colcon_pkg']
[0.263s] Level 1:colcon.colcon_core.package_identification:_identify(urc_gazebo) by extension 'colcon_pkg'
[0.263s] Level 1:colcon.colcon_core.package_identification:_identify(urc_gazebo) by extensions ['colcon_meta']
[0.263s] Level 1:colcon.colcon_core.package_identification:_identify(urc_gazebo) by extension 'colcon_meta'
[0.263s] Level 1:colcon.colcon_core.package_identification:_identify(urc_gazebo) by extensions ['ros']
[0.263s] Level 1:colcon.colcon_core.package_identification:_identify(urc_gazebo) by extension 'ros'
[0.266s] DEBUG:colcon.colcon_core.package_identification:Package 'urc_gazebo' with type 'ros.ament_cmake' and name 'urc_gazebo'
[0.266s] Level 1:colcon.colcon_core.package_identification:_identify(urc_manipulation) by extensions ['ignore', 'ignore_ament_install']
[0.266s] Level 1:colcon.colcon_core.package_identification:_identify(urc_manipulation) by extension 'ignore'
[0.267s] Level 1:colcon.colcon_core.package_identification:_identify(urc_manipulation) by extension 'ignore_ament_install'
[0.267s] Level 1:colcon.colcon_core.package_identification:_identify(urc_manipulation) by extensions ['colcon_pkg']
[0.267s] Level 1:colcon.colcon_core.package_identification:_identify(urc_manipulation) by extension 'colcon_pkg'
[0.267s] Level 1:colcon.colcon_core.package_identification:_identify(urc_manipulation) by extensions ['colcon_meta']
[0.267s] Level 1:colcon.colcon_core.package_identification:_identify(urc_manipulation) by extension 'colcon_meta'
[0.267s] Level 1:colcon.colcon_core.package_identification:_identify(urc_manipulation) by extensions ['ros']
[0.267s] Level 1:colcon.colcon_core.package_identification:_identify(urc_manipulation) by extension 'ros'
[0.268s] DEBUG:colcon.colcon_core.package_identification:Package 'urc_manipulation' with type 'ros.ament_cmake' and name 'urc_manipulation'
[0.268s] Level 1:colcon.colcon_core.package_identification:_identify(urc_msgs) by extensions ['ignore', 'ignore_ament_install']
[0.268s] Level 1:colcon.colcon_core.package_identification:_identify(urc_msgs) by extension 'ignore'
[0.268s] Level 1:colcon.colcon_core.package_identification:_identify(urc_msgs) by extension 'ignore_ament_install'
[0.268s] Level 1:colcon.colcon_core.package_identification:_identify(urc_msgs) by extensions ['colcon_pkg']
[0.268s] Level 1:colcon.colcon_core.package_identification:_identify(urc_msgs) by extension 'colcon_pkg'
[0.268s] Level 1:colcon.colcon_core.package_identification:_identify(urc_msgs) by extensions ['colcon_meta']
[0.268s] Level 1:colcon.colcon_core.package_identification:_identify(urc_msgs) by extension 'colcon_meta'
[0.269s] Level 1:colcon.colcon_core.package_identification:_identify(urc_msgs) by extensions ['ros']
[0.269s] Level 1:colcon.colcon_core.package_identification:_identify(urc_msgs) by extension 'ros'
[0.269s] DEBUG:colcon.colcon_core.package_identification:Package 'urc_msgs' with type 'ros.ament_cmake' and name 'urc_msgs'
[0.269s] Level 1:colcon.colcon_core.package_identification:_identify(urc_navigation) by extensions ['ignore', 'ignore_ament_install']
[0.270s] Level 1:colcon.colcon_core.package_identification:_identify(urc_navigation) by extension 'ignore'
[0.270s] Level 1:colcon.colcon_core.package_identification:_identify(urc_navigation) by extension 'ignore_ament_install'
[0.270s] Level 1:colcon.colcon_core.package_identification:_identify(urc_navigation) by extensions ['colcon_pkg']
[0.270s] Level 1:colcon.colcon_core.package_identification:_identify(urc_navigation) by extension 'colcon_pkg'
[0.270s] Level 1:colcon.colcon_core.package_identification:_identify(urc_navigation) by extensions ['colcon_meta']
[0.270s] Level 1:colcon.colcon_core.package_identification:_identify(urc_navigation) by extension 'colcon_meta'
[0.270s] Level 1:colcon.colcon_core.package_identification:_identify(urc_navigation) by extensions ['ros']
[0.270s] Level 1:colcon.colcon_core.package_identification:_identify(urc_navigation) by extension 'ros'
[0.271s] DEBUG:colcon.colcon_core.package_identification:Package 'urc_navigation' with type 'ros.ament_cmake' and name 'urc_navigation'
[0.271s] Level 1:colcon.colcon_core.package_identification:_identify(urc_perception) by extensions ['ignore', 'ignore_ament_install']
[0.271s] Level 1:colcon.colcon_core.package_identification:_identify(urc_perception) by extension 'ignore'
[0.271s] Level 1:colcon.colcon_core.package_identification:_identify(urc_perception) by extension 'ignore_ament_install'
[0.271s] Level 1:colcon.colcon_core.package_identification:_identify(urc_perception) by extensions ['colcon_pkg']
[0.271s] Level 1:colcon.colcon_core.package_identification:_identify(urc_perception) by extension 'colcon_pkg'
[0.272s] Level 1:colcon.colcon_core.package_identification:_identify(urc_perception) by extensions ['colcon_meta']
[0.272s] Level 1:colcon.colcon_core.package_identification:_identify(urc_perception) by extension 'colcon_meta'
[0.272s] Level 1:colcon.colcon_core.package_identification:_identify(urc_perception) by extensions ['ros']
[0.272s] Level 1:colcon.colcon_core.package_identification:_identify(urc_perception) by extension 'ros'
[0.272s] DEBUG:colcon.colcon_core.package_identification:Package 'urc_perception' with type 'ros.ament_cmake' and name 'urc_perception'
[0.272s] Level 1:colcon.colcon_core.package_identification:_identify(urc_platform) by extensions ['ignore', 'ignore_ament_install']
[0.273s] Level 1:colcon.colcon_core.package_identification:_identify(urc_platform) by extension 'ignore'
[0.273s] Level 1:colcon.colcon_core.package_identification:_identify(urc_platform) by extension 'ignore_ament_install'
[0.273s] Level 1:colcon.colcon_core.package_identification:_identify(urc_platform) by extensions ['colcon_pkg']
[0.273s] Level 1:colcon.colcon_core.package_identification:_identify(urc_platform) by extension 'colcon_pkg'
[0.273s] Level 1:colcon.colcon_core.package_identification:_identify(urc_platform) by extensions ['colcon_meta']
[0.273s] Level 1:colcon.colcon_core.package_identification:_identify(urc_platform) by extension 'colcon_meta'
[0.273s] Level 1:colcon.colcon_core.package_identification:_identify(urc_platform) by extensions ['ros']
[0.273s] Level 1:colcon.colcon_core.package_identification:_identify(urc_platform) by extension 'ros'
[0.274s] DEBUG:colcon.colcon_core.package_identification:Package 'urc_platform' with type 'ros.ament_cmake' and name 'urc_platform'
[0.274s] Level 1:colcon.colcon_core.package_identification:_identify(urc_util) by extensions ['ignore', 'ignore_ament_install']
[0.275s] Level 1:colcon.colcon_core.package_identification:_identify(urc_util) by extension 'ignore'
[0.275s] Level 1:colcon.colcon_core.package_identification:_identify(urc_util) by extension 'ignore_ament_install'
[0.275s] Level 1:colcon.colcon_core.package_identification:_identify(urc_util) by extensions ['colcon_pkg']
[0.275s] Level 1:colcon.colcon_core.package_identification:_identify(urc_util) by extension 'colcon_pkg'
[0.275s] Level 1:colcon.colcon_core.package_identification:_identify(urc_util) by extensions ['colcon_meta']
[0.275s] Level 1:colcon.colcon_core.package_identification:_identify(urc_util) by extension 'colcon_meta'
[0.275s] Level 1:colcon.colcon_core.package_identification:_identify(urc_util) by extensions ['ros']
[0.275s] Level 1:colcon.colcon_core.package_identification:_identify(urc_util) by extension 'ros'
[0.276s] DEBUG:colcon.colcon_core.package_identification:Package 'urc_util' with type 'ros.ament_cmake' and name 'urc_util'
[0.276s] Level 1:colcon.colcon_core.package_identification:_identify(velodyne_description) by extensions ['ignore', 'ignore_ament_install']
[0.276s] Level 1:colcon.colcon_core.package_identification:_identify(velodyne_description) by extension 'ignore'
[0.276s] Level 1:colcon.colcon_core.package_identification:_identify(velodyne_description) by extension 'ignore_ament_install'
[0.276s] Level 1:colcon.colcon_core.package_identification:_identify(velodyne_description) by extensions ['colcon_pkg']
[0.276s] Level 1:colcon.colcon_core.package_identification:_identify(velodyne_description) by extension 'colcon_pkg'
[0.277s] Level 1:colcon.colcon_core.package_identification:_identify(velodyne_description) by extensions ['colcon_meta']
[0.277s] Level 1:colcon.colcon_core.package_identification:_identify(velodyne_description) by extension 'colcon_meta'
[0.277s] Level 1:colcon.colcon_core.package_identification:_identify(velodyne_description) by extensions ['ros']
[0.277s] Level 1:colcon.colcon_core.package_identification:_identify(velodyne_description) by extension 'ros'
[0.277s] Level 1:colcon.colcon_core.package_identification:_identify(velodyne_description) by extensions ['cmake', 'python']
[0.277s] Level 1:colcon.colcon_core.package_identification:_identify(velodyne_description) by extension 'cmake'
[0.277s] Level 1:colcon.colcon_core.package_identification:_identify(velodyne_description) by extension 'python'
[0.277s] Level 1:colcon.colcon_core.package_identification:_identify(velodyne_description) by extensions ['python_setup_py']
[0.277s] Level 1:colcon.colcon_core.package_identification:_identify(velodyne_description) by extension 'python_setup_py'
[0.278s] Level 1:colcon.colcon_core.package_identification:_identify(velodyne_description/img) by extensions ['ignore', 'ignore_ament_install']
[0.278s] Level 1:colcon.colcon_core.package_identification:_identify(velodyne_description/img) by extension 'ignore'
[0.278s] Level 1:colcon.colcon_core.package_identification:_identify(velodyne_description/img) by extension 'ignore_ament_install'
[0.278s] Level 1:colcon.colcon_core.package_identification:_identify(velodyne_description/img) by extensions ['colcon_pkg']
[0.278s] Level 1:colcon.colcon_core.package_identification:_identify(velodyne_description/img) by extension 'colcon_pkg'
[0.278s] Level 1:colcon.colcon_core.package_identification:_identify(velodyne_description/img) by extensions ['colcon_meta']
[0.278s] Level 1:colcon.colcon_core.package_identification:_identify(velodyne_description/img) by extension 'colcon_meta'
[0.278s] Level 1:colcon.colcon_core.package_identification:_identify(velodyne_description/img) by extensions ['ros']
[0.278s] Level 1:colcon.colcon_core.package_identification:_identify(velodyne_description/img) by extension 'ros'
[0.278s] Level 1:colcon.colcon_core.package_identification:_identify(velodyne_description/img) by extensions ['cmake', 'python']
[0.279s] Level 1:colcon.colcon_core.package_identification:_identify(velodyne_description/img) by extension 'cmake'
[0.279s] Level 1:colcon.colcon_core.package_identification:_identify(velodyne_description/img) by extension 'python'
[0.279s] Level 1:colcon.colcon_core.package_identification:_identify(velodyne_description/img) by extensions ['python_setup_py']
[0.279s] Level 1:colcon.colcon_core.package_identification:_identify(velodyne_description/img) by extension 'python_setup_py'
[0.279s] Level 1:colcon.colcon_core.package_identification:_identify(velodyne_description/velodyne_description) by extensions ['ignore', 'ignore_ament_install']
[0.279s] Level 1:colcon.colcon_core.package_identification:_identify(velodyne_description/velodyne_description) by extension 'ignore'
[0.279s] Level 1:colcon.colcon_core.package_identification:_identify(velodyne_description/velodyne_description) by extension 'ignore_ament_install'
[0.279s] Level 1:colcon.colcon_core.package_identification:_identify(velodyne_description/velodyne_description) by extensions ['colcon_pkg']
[0.280s] Level 1:colcon.colcon_core.package_identification:_identify(velodyne_description/velodyne_description) by extension 'colcon_pkg'
[0.280s] Level 1:colcon.colcon_core.package_identification:_identify(velodyne_description/velodyne_description) by extensions ['colcon_meta']
[0.280s] Level 1:colcon.colcon_core.package_identification:_identify(velodyne_description/velodyne_description) by extension 'colcon_meta'
[0.280s] Level 1:colcon.colcon_core.package_identification:_identify(velodyne_description/velodyne_description) by extensions ['ros']
[0.280s] Level 1:colcon.colcon_core.package_identification:_identify(velodyne_description/velodyne_description) by extension 'ros'
[0.280s] DEBUG:colcon.colcon_core.package_identification:Package 'velodyne_description/velodyne_description' with type 'ros.catkin' and name 'velodyne_description'
[0.281s] Level 1:colcon.colcon_core.package_identification:_identify(velodyne_description/velodyne_gazebo_plugins) by extensions ['ignore', 'ignore_ament_install']
[0.281s] Level 1:colcon.colcon_core.package_identification:_identify(velodyne_description/velodyne_gazebo_plugins) by extension 'ignore'
[0.281s] Level 1:colcon.colcon_core.package_identification:_identify(velodyne_description/velodyne_gazebo_plugins) by extension 'ignore_ament_install'
[0.281s] Level 1:colcon.colcon_core.package_identification:_identify(velodyne_description/velodyne_gazebo_plugins) by extensions ['colcon_pkg']
[0.281s] Level 1:colcon.colcon_core.package_identification:_identify(velodyne_description/velodyne_gazebo_plugins) by extension 'colcon_pkg'
[0.281s] Level 1:colcon.colcon_core.package_identification:_identify(velodyne_description/velodyne_gazebo_plugins) by extensions ['colcon_meta']
[0.281s] Level 1:colcon.colcon_core.package_identification:_identify(velodyne_description/velodyne_gazebo_plugins) by extension 'colcon_meta'
[0.281s] Level 1:colcon.colcon_core.package_identification:_identify(velodyne_description/velodyne_gazebo_plugins) by extensions ['ros']
[0.282s] Level 1:colcon.colcon_core.package_identification:_identify(velodyne_description/velodyne_gazebo_plugins) by extension 'ros'
[0.282s] DEBUG:colcon.colcon_core.package_identification:Package 'velodyne_description/velodyne_gazebo_plugins' with type 'ros.catkin' and name 'velodyne_gazebo_plugins'
[0.283s] Level 1:colcon.colcon_core.package_identification:_identify(velodyne_description/velodyne_simulator) by extensions ['ignore', 'ignore_ament_install']
[0.283s] Level 1:colcon.colcon_core.package_identification:_identify(velodyne_description/velodyne_simulator) by extension 'ignore'
[0.283s] Level 1:colcon.colcon_core.package_identification:_identify(velodyne_description/velodyne_simulator) by extension 'ignore_ament_install'
[0.283s] Level 1:colcon.colcon_core.package_identification:_identify(velodyne_description/velodyne_simulator) by extensions ['colcon_pkg']
[0.283s] Level 1:colcon.colcon_core.package_identification:_identify(velodyne_description/velodyne_simulator) by extension 'colcon_pkg'
[0.283s] Level 1:colcon.colcon_core.package_identification:_identify(velodyne_description/velodyne_simulator) by extensions ['colcon_meta']
[0.283s] Level 1:colcon.colcon_core.package_identification:_identify(velodyne_description/velodyne_simulator) by extension 'colcon_meta'
[0.283s] Level 1:colcon.colcon_core.package_identification:_identify(velodyne_description/velodyne_simulator) by extensions ['ros']
[0.283s] Level 1:colcon.colcon_core.package_identification:_identify(velodyne_description/velodyne_simulator) by extension 'ros'
[0.284s] DEBUG:colcon.colcon_core.package_identification:Package 'velodyne_description/velodyne_simulator' with type 'ros.catkin' and name 'velodyne_simulator'
[0.284s] Level 1:colcon.colcon_core.package_identification:_identify(velodyne_gazebo_plugins) by extensions ['ignore', 'ignore_ament_install']
[0.284s] Level 1:colcon.colcon_core.package_identification:_identify(velodyne_gazebo_plugins) by extension 'ignore'
[0.284s] Level 1:colcon.colcon_core.package_identification:_identify(velodyne_gazebo_plugins) by extension 'ignore_ament_install'
[0.285s] Level 1:colcon.colcon_core.package_identification:_identify(velodyne_gazebo_plugins) by extensions ['colcon_pkg']
[0.285s] Level 1:colcon.colcon_core.package_identification:_identify(velodyne_gazebo_plugins) by extension 'colcon_pkg'
[0.285s] Level 1:colcon.colcon_core.package_identification:_identify(velodyne_gazebo_plugins) by extensions ['colcon_meta']
[0.285s] Level 1:colcon.colcon_core.package_identification:_identify(velodyne_gazebo_plugins) by extension 'colcon_meta'
[0.285s] Level 1:colcon.colcon_core.package_identification:_identify(velodyne_gazebo_plugins) by extensions ['ros']
[0.285s] Level 1:colcon.colcon_core.package_identification:_identify(velodyne_gazebo_plugins) by extension 'ros'
[0.285s] Level 1:colcon.colcon_core.package_identification:_identify(velodyne_gazebo_plugins) by extensions ['cmake', 'python']
[0.285s] Level 1:colcon.colcon_core.package_identification:_identify(velodyne_gazebo_plugins) by extension 'cmake'
[0.285s] Level 1:colcon.colcon_core.package_identification:_identify(velodyne_gazebo_plugins) by extension 'python'
[0.286s] Level 1:colcon.colcon_core.package_identification:_identify(velodyne_gazebo_plugins) by extensions ['python_setup_py']
[0.286s] Level 1:colcon.colcon_core.package_identification:_identify(velodyne_gazebo_plugins) by extension 'python_setup_py'
[0.286s] Level 1:colcon.colcon_core.package_identification:_identify(velodyne_gazebo_plugins/img) by extensions ['ignore', 'ignore_ament_install']
[0.286s] Level 1:colcon.colcon_core.package_identification:_identify(velodyne_gazebo_plugins/img) by extension 'ignore'
[0.286s] Level 1:colcon.colcon_core.package_identification:_identify(velodyne_gazebo_plugins/img) by extension 'ignore_ament_install'
[0.286s] Level 1:colcon.colcon_core.package_identification:_identify(velodyne_gazebo_plugins/img) by extensions ['colcon_pkg']
[0.286s] Level 1:colcon.colcon_core.package_identification:_identify(velodyne_gazebo_plugins/img) by extension 'colcon_pkg'
[0.286s] Level 1:colcon.colcon_core.package_identification:_identify(velodyne_gazebo_plugins/img) by extensions ['colcon_meta']
[0.286s] Level 1:colcon.colcon_core.package_identification:_identify(velodyne_gazebo_plugins/img) by extension 'colcon_meta'
[0.287s] Level 1:colcon.colcon_core.package_identification:_identify(velodyne_gazebo_plugins/img) by extensions ['ros']
[0.287s] Level 1:colcon.colcon_core.package_identification:_identify(velodyne_gazebo_plugins/img) by extension 'ros'
[0.287s] Level 1:colcon.colcon_core.package_identification:_identify(velodyne_gazebo_plugins/img) by extensions ['cmake', 'python']
[0.287s] Level 1:colcon.colcon_core.package_identification:_identify(velodyne_gazebo_plugins/img) by extension 'cmake'
[0.287s] Level 1:colcon.colcon_core.package_identification:_identify(velodyne_gazebo_plugins/img) by extension 'python'
[0.287s] Level 1:colcon.colcon_core.package_identification:_identify(velodyne_gazebo_plugins/img) by extensions ['python_setup_py']
[0.287s] Level 1:colcon.colcon_core.package_identification:_identify(velodyne_gazebo_plugins/img) by extension 'python_setup_py'
[0.287s] Level 1:colcon.colcon_core.package_identification:_identify(velodyne_gazebo_plugins/velodyne_description) by extensions ['ignore', 'ignore_ament_install']
[0.288s] Level 1:colcon.colcon_core.package_identification:_identify(velodyne_gazebo_plugins/velodyne_description) by extension 'ignore'
[0.288s] Level 1:colcon.colcon_core.package_identification:_identify(velodyne_gazebo_plugins/velodyne_description) by extension 'ignore_ament_install'
[0.288s] Level 1:colcon.colcon_core.package_identification:_identify(velodyne_gazebo_plugins/velodyne_description) by extensions ['colcon_pkg']
[0.288s] Level 1:colcon.colcon_core.package_identification:_identify(velodyne_gazebo_plugins/velodyne_description) by extension 'colcon_pkg'
[0.288s] Level 1:colcon.colcon_core.package_identification:_identify(velodyne_gazebo_plugins/velodyne_description) by extensions ['colcon_meta']
[0.288s] Level 1:colcon.colcon_core.package_identification:_identify(velodyne_gazebo_plugins/velodyne_description) by extension 'colcon_meta'
[0.288s] Level 1:colcon.colcon_core.package_identification:_identify(velodyne_gazebo_plugins/velodyne_description) by extensions ['ros']
[0.288s] Level 1:colcon.colcon_core.package_identification:_identify(velodyne_gazebo_plugins/velodyne_description) by extension 'ros'
[0.289s] DEBUG:colcon.colcon_core.package_identification:Package 'velodyne_gazebo_plugins/velodyne_description' with type 'ros.catkin' and name 'velodyne_description'
[0.289s] Level 1:colcon.colcon_core.package_identification:_identify(velodyne_gazebo_plugins/velodyne_gazebo_plugins) by extensions ['ignore', 'ignore_ament_install']
[0.289s] Level 1:colcon.colcon_core.package_identification:_identify(velodyne_gazebo_plugins/velodyne_gazebo_plugins) by extension 'ignore'
[0.289s] Level 1:colcon.colcon_core.package_identification:_identify(velodyne_gazebo_plugins/velodyne_gazebo_plugins) by extension 'ignore_ament_install'
[0.289s] Level 1:colcon.colcon_core.package_identification:_identify(velodyne_gazebo_plugins/velodyne_gazebo_plugins) by extensions ['colcon_pkg']
[0.290s] Level 1:colcon.colcon_core.package_identification:_identify(velodyne_gazebo_plugins/velodyne_gazebo_plugins) by extension 'colcon_pkg'
[0.290s] Level 1:colcon.colcon_core.package_identification:_identify(velodyne_gazebo_plugins/velodyne_gazebo_plugins) by extensions ['colcon_meta']
[0.290s] Level 1:colcon.colcon_core.package_identification:_identify(velodyne_gazebo_plugins/velodyne_gazebo_plugins) by extension 'colcon_meta'
[0.290s] Level 1:colcon.colcon_core.package_identification:_identify(velodyne_gazebo_plugins/velodyne_gazebo_plugins) by extensions ['ros']
[0.290s] Level 1:colcon.colcon_core.package_identification:_identify(velodyne_gazebo_plugins/velodyne_gazebo_plugins) by extension 'ros'
[0.291s] DEBUG:colcon.colcon_core.package_identification:Package 'velodyne_gazebo_plugins/velodyne_gazebo_plugins' with type 'ros.catkin' and name 'velodyne_gazebo_plugins'
[0.291s] Level 1:colcon.colcon_core.package_identification:_identify(velodyne_gazebo_plugins/velodyne_simulator) by extensions ['ignore', 'ignore_ament_install']
[0.291s] Level 1:colcon.colcon_core.package_identification:_identify(velodyne_gazebo_plugins/velodyne_simulator) by extension 'ignore'
[0.291s] Level 1:colcon.colcon_core.package_identification:_identify(velodyne_gazebo_plugins/velodyne_simulator) by extension 'ignore_ament_install'
[0.292s] Level 1:colcon.colcon_core.package_identification:_identify(velodyne_gazebo_plugins/velodyne_simulator) by extensions ['colcon_pkg']
[0.292s] Level 1:colcon.colcon_core.package_identification:_identify(velodyne_gazebo_plugins/velodyne_simulator) by extension 'colcon_pkg'
[0.292s] Level 1:colcon.colcon_core.package_identification:_identify(velodyne_gazebo_plugins/velodyne_simulator) by extensions ['colcon_meta']
[0.292s] Level 1:colcon.colcon_core.package_identification:_identify(velodyne_gazebo_plugins/velodyne_simulator) by extension 'colcon_meta'
[0.292s] Level 1:colcon.colcon_core.package_identification:_identify(velodyne_gazebo_plugins/velodyne_simulator) by extensions ['ros']
[0.292s] Level 1:colcon.colcon_core.package_identification:_identify(velodyne_gazebo_plugins/velodyne_simulator) by extension 'ros'
[0.293s] DEBUG:colcon.colcon_core.package_identification:Package 'velodyne_gazebo_plugins/velodyne_simulator' with type 'ros.catkin' and name 'velodyne_simulator'
[0.293s] Level 1:colcon.colcon_core.package_discovery:discover_packages(recursive) using defaults
[0.293s] Level 1:colcon.colcon_core.package_discovery:discover_packages(ignore) discover
[0.293s] Level 1:colcon.colcon_core.package_discovery:discover_packages(ignore) using defaults
[0.293s] Level 1:colcon.colcon_core.package_discovery:discover_packages(path) discover
[0.293s] Level 1:colcon.colcon_core.package_discovery:discover_packages(path) using defaults
[0.337s] Level 1:colcon.colcon_core.package_discovery:discover_packages(prefix_path) check parameters
[0.337s] Level 1:colcon.colcon_core.package_discovery:discover_packages(prefix_path) discover
[0.340s] DEBUG:colcon.colcon_installed_package_information.package_discovery:Found 12 installed packages in /home/robojackets/urc_ws/colcon-urc/install
[0.343s] DEBUG:colcon.colcon_installed_package_information.package_discovery:Found 282 installed packages in /opt/ros/galactic
[0.346s] DEBUG:colcon.colcon_installed_package_information.package_discovery:Found 1 installed packages in /opt/ros/noetic
[0.347s] Level 1:colcon.colcon_core.package_discovery:discover_packages(prefix_path) using defaults
[0.529s] ERROR:colcon:colcon build: Duplicate package names not supported:
- velodyne_description:
  - velodyne_description/velodyne_description
  - velodyne_gazebo_plugins/velodyne_description
- velodyne_gazebo_plugins:
  - velodyne_description/velodyne_gazebo_plugins
  - velodyne_gazebo_plugins/velodyne_gazebo_plugins
- velodyne_simulator:
  - velodyne_description/velodyne_simulator
  - velodyne_gazebo_plugins/velodyne_simulator
