[0.020s] Invoking command in '/home/robojackets/urc_ws/colcon-urc/src/urc-software/build/urc_navigation': CMAKE_PREFIX_PATH=/opt/ros/galactic:${CMAKE_PREFIX_PATH} /usr/bin/cmake --build /home/robojackets/urc_ws/colcon-urc/src/urc-software/build/urc_navigation -- -j2 -l2
[0.081s] Invoked command in '/home/robojackets/urc_ws/colcon-urc/src/urc-software/build/urc_navigation' returned '0': CMAKE_PREFIX_PATH=/opt/ros/galactic:${CMAKE_PREFIX_PATH} /usr/bin/cmake --build /home/robojackets/urc_ws/colcon-urc/src/urc-software/build/urc_navigation -- -j2 -l2
[0.146s] Invoking command in '/home/robojackets/urc_ws/colcon-urc/src/urc-software/build/urc_navigation': CMAKE_PREFIX_PATH=/opt/ros/galactic:${CMAKE_PREFIX_PATH} /usr/bin/cmake --install /home/robojackets/urc_ws/colcon-urc/src/urc-software/build/urc_navigation
[0.182s] -- Install configuration: ""
[0.182s] -- Execute custom install script
[0.182s] -- Up-to-date symlink: /home/robojackets/urc_ws/colcon-urc/src/urc-software/install/urc_navigation/share/ament_index/resource_index/package_run_dependencies/urc_navigation
[0.182s] -- Up-to-date symlink: /home/robojackets/urc_ws/colcon-urc/src/urc-software/install/urc_navigation/share/ament_index/resource_index/parent_prefix_path/urc_navigation
[0.182s] -- Up-to-date symlink: /home/robojackets/urc_ws/colcon-urc/src/urc-software/install/urc_navigation/share/urc_navigation/environment/ament_prefix_path.sh
[0.182s] -- Up-to-date symlink: /home/robojackets/urc_ws/colcon-urc/src/urc-software/install/urc_navigation/share/urc_navigation/environment/ament_prefix_path.dsv
[0.183s] -- Up-to-date symlink: /home/robojackets/urc_ws/colcon-urc/src/urc-software/install/urc_navigation/share/urc_navigation/environment/path.sh
[0.184s] -- Up-to-date symlink: /home/robojackets/urc_ws/colcon-urc/src/urc-software/install/urc_navigation/share/urc_navigation/environment/path.dsv
[0.184s] -- Up-to-date symlink: /home/robojackets/urc_ws/colcon-urc/src/urc-software/install/urc_navigation/share/urc_navigation/local_setup.bash
[0.185s] -- Up-to-date symlink: /home/robojackets/urc_ws/colcon-urc/src/urc-software/install/urc_navigation/share/urc_navigation/local_setup.sh
[0.186s] -- Up-to-date symlink: /home/robojackets/urc_ws/colcon-urc/src/urc-software/install/urc_navigation/share/urc_navigation/local_setup.zsh
[0.186s] -- Up-to-date symlink: /home/robojackets/urc_ws/colcon-urc/src/urc-software/install/urc_navigation/share/urc_navigation/local_setup.dsv
[0.187s] -- Symlinking: /home/robojackets/urc_ws/colcon-urc/src/urc-software/install/urc_navigation/share/urc_navigation/package.dsv
[0.199s] -- Up-to-date symlink: /home/robojackets/urc_ws/colcon-urc/src/urc-software/install/urc_navigation/share/ament_index/resource_index/packages/urc_navigation
[0.199s] -- Up-to-date symlink: /home/robojackets/urc_ws/colcon-urc/src/urc-software/install/urc_navigation/share/urc_navigation/cmake/urc_navigationConfig.cmake
[0.200s] -- Up-to-date symlink: /home/robojackets/urc_ws/colcon-urc/src/urc-software/install/urc_navigation/share/urc_navigation/cmake/urc_navigationConfig-version.cmake
[0.200s] -- Up-to-date symlink: /home/robojackets/urc_ws/colcon-urc/src/urc-software/install/urc_navigation/share/urc_navigation/package.xml
[0.200s] -- Up-to-date symlink: /home/robojackets/urc_ws/colcon-urc/src/urc-software/install/urc_navigation/share/urc_navigation//launch/.gitkeep
[0.207s] Invoked command in '/home/robojackets/urc_ws/colcon-urc/src/urc-software/build/urc_navigation' returned '0': CMAKE_PREFIX_PATH=/opt/ros/galactic:${CMAKE_PREFIX_PATH} /usr/bin/cmake --install /home/robojackets/urc_ws/colcon-urc/src/urc-software/build/urc_navigation
