[0.040s] Invoking command in '/home/robojackets/urc_ws/colcon-urc/src/urc-software/build/velodyne_description': /usr/bin/cmake /home/robojackets/urc_ws/colcon-urc/src/urc-software/velodyne_description -DCATKIN_INSTALL_INTO_PREFIX_ROOT=0 -DCATKIN_SYMLINK_INSTALL=ON -DCMAKE_INSTALL_PREFIX=/home/robojackets/urc_ws/colcon-urc/src/urc-software/install/velodyne_description
[0.059s] -- Found ament_cmake: 1.1.5 (/opt/ros/galactic/share/ament_cmake/cmake)
[0.085s] -- Using PYTHON_EXECUTABLE: /usr/bin/python3
[0.177s] -- Found rclcpp: 9.2.1 (/opt/ros/galactic/share/rclcpp/cmake)
[0.205s] CMake Warning (dev) at /opt/ros/galactic/share/ament_cmake_core/cmake/core/list_append_unique.cmake:30 (if):
[0.205s]   Policy CMP0057 is not set: Support new IN_LIST if() operator.  Run "cmake
[0.206s]   --help-policy CMP0057" for policy details.  Use the cmake_policy command to
[0.207s]   set the policy and suppress this warning.
[0.207s] 
[0.207s]   IN_LIST will be interpreted as an operator when the policy is set to NEW.
[0.207s]   Since the policy is not set the OLD behavior will be used.
[0.207s] Call Stack (most recent call first):
[0.207s]   /opt/ros/galactic/share/rclcpp/cmake/ament_cmake_export_dependencies-extras.cmake:34 (list_append_unique)
[0.208s]   /opt/ros/galactic/share/rclcpp/cmake/rclcppConfig.cmake:41 (include)
[0.208s]   CMakeLists.txt:5 (find_package)
[0.208s] This warning is for project developers.  Use -Wno-dev to suppress it.
[0.208s] 
[0.208s] CMake Error at /opt/ros/galactic/share/ament_cmake_core/cmake/core/list_append_unique.cmake:30 (if):
[0.209s]   if given arguments:
[0.209s] 
[0.210s]     "NOT" "element" "IN_LIST" "rclcpp_INCLUDE_DIRS"
[0.210s] 
[0.210s]   Unknown arguments specified
[0.210s] Call Stack (most recent call first):
[0.213s]   /opt/ros/galactic/share/rclcpp/cmake/ament_cmake_export_dependencies-extras.cmake:34 (list_append_unique)
[0.213s]   /opt/ros/galactic/share/rclcpp/cmake/rclcppConfig.cmake:41 (include)
[0.213s]   CMakeLists.txt:5 (find_package)
[0.214s] 
[0.214s] 
[0.214s] -- Configuring incomplete, errors occurred!
[0.214s] See also "/home/robojackets/urc_ws/colcon-urc/src/urc-software/build/velodyne_description/CMakeFiles/CMakeOutput.log".
[0.214s] See also "/home/robojackets/urc_ws/colcon-urc/src/urc-software/build/velodyne_description/CMakeFiles/CMakeError.log".
[0.236s] Invoked command in '/home/robojackets/urc_ws/colcon-urc/src/urc-software/build/velodyne_description' returned '1': /usr/bin/cmake /home/robojackets/urc_ws/colcon-urc/src/urc-software/velodyne_description -DCATKIN_INSTALL_INTO_PREFIX_ROOT=0 -DCATKIN_SYMLINK_INSTALL=ON -DCMAKE_INSTALL_PREFIX=/home/robojackets/urc_ws/colcon-urc/src/urc-software/install/velodyne_description
