[0.037s] Invoking command in '/home/robojackets/urc_ws/colcon-urc/src/urc-software/build/urc_util': CMAKE_PREFIX_PATH=/home/robojackets/urc_ws/colcon-urc/install/urc_util:/home/robojackets/urc_ws/colcon-urc/install/urc_platform:/home/robojackets/urc_ws/colcon-urc/install/urc_perception:/home/robojackets/urc_ws/colcon-urc/install/urc_navigation:/home/robojackets/urc_ws/colcon-urc/install/urc_gazebo:/home/robojackets/urc_ws/colcon-urc/install/urc_msgs:/home/robojackets/urc_ws/colcon-urc/install/urc_manipulation:/home/robojackets/urc_ws/colcon-urc/install/urc_analysis:/home/robojackets/urc_ws/colcon-urc/install/nanopb:/opt/ros/galactic:/home/robojackets/robojackets_ws/catkin_ws/devel:/opt/ros/noetic /usr/bin/cmake --build /home/robojackets/urc_ws/colcon-urc/src/urc-software/build/urc_util -- -j2 -l2
[0.103s] Invoked command in '/home/robojackets/urc_ws/colcon-urc/src/urc-software/build/urc_util' returned '0': CMAKE_PREFIX_PATH=/home/robojackets/urc_ws/colcon-urc/install/urc_util:/home/robojackets/urc_ws/colcon-urc/install/urc_platform:/home/robojackets/urc_ws/colcon-urc/install/urc_perception:/home/robojackets/urc_ws/colcon-urc/install/urc_navigation:/home/robojackets/urc_ws/colcon-urc/install/urc_gazebo:/home/robojackets/urc_ws/colcon-urc/install/urc_msgs:/home/robojackets/urc_ws/colcon-urc/install/urc_manipulation:/home/robojackets/urc_ws/colcon-urc/install/urc_analysis:/home/robojackets/urc_ws/colcon-urc/install/nanopb:/opt/ros/galactic:/home/robojackets/robojackets_ws/catkin_ws/devel:/opt/ros/noetic /usr/bin/cmake --build /home/robojackets/urc_ws/colcon-urc/src/urc-software/build/urc_util -- -j2 -l2
[0.128s] Invoking command in '/home/robojackets/urc_ws/colcon-urc/src/urc-software/build/urc_util': CMAKE_PREFIX_PATH=/home/robojackets/urc_ws/colcon-urc/install/urc_util:/home/robojackets/urc_ws/colcon-urc/install/urc_platform:/home/robojackets/urc_ws/colcon-urc/install/urc_perception:/home/robojackets/urc_ws/colcon-urc/install/urc_navigation:/home/robojackets/urc_ws/colcon-urc/install/urc_gazebo:/home/robojackets/urc_ws/colcon-urc/install/urc_msgs:/home/robojackets/urc_ws/colcon-urc/install/urc_manipulation:/home/robojackets/urc_ws/colcon-urc/install/urc_analysis:/home/robojackets/urc_ws/colcon-urc/install/nanopb:/opt/ros/galactic:/home/robojackets/robojackets_ws/catkin_ws/devel:/opt/ros/noetic /usr/bin/cmake --install /home/robojackets/urc_ws/colcon-urc/src/urc-software/build/urc_util
[0.153s] -- Install configuration: ""
[0.154s] -- Execute custom install script
[0.156s] -- Up-to-date symlink: /home/robojackets/urc_ws/colcon-urc/src/urc-software/install/urc_util/share/urc_util//launch/.gitkeep
[0.157s] -- Up-to-date symlink: /home/robojackets/urc_ws/colcon-urc/src/urc-software/install/urc_util/share/ament_index/resource_index/package_run_dependencies/urc_util
[0.158s] -- Up-to-date symlink: /home/robojackets/urc_ws/colcon-urc/src/urc-software/install/urc_util/share/ament_index/resource_index/parent_prefix_path/urc_util
[0.158s] -- Up-to-date symlink: /home/robojackets/urc_ws/colcon-urc/src/urc-software/install/urc_util/share/urc_util/environment/ament_prefix_path.sh
[0.159s] -- Up-to-date symlink: /home/robojackets/urc_ws/colcon-urc/src/urc-software/install/urc_util/share/urc_util/environment/ament_prefix_path.dsv
[0.160s] -- Up-to-date symlink: /home/robojackets/urc_ws/colcon-urc/src/urc-software/install/urc_util/share/urc_util/environment/path.sh
[0.161s] -- Up-to-date symlink: /home/robojackets/urc_ws/colcon-urc/src/urc-software/install/urc_util/share/urc_util/environment/path.dsv
[0.162s] -- Up-to-date symlink: /home/robojackets/urc_ws/colcon-urc/src/urc-software/install/urc_util/share/urc_util/local_setup.bash
[0.162s] -- Up-to-date symlink: /home/robojackets/urc_ws/colcon-urc/src/urc-software/install/urc_util/share/urc_util/local_setup.sh
[0.163s] -- Up-to-date symlink: /home/robojackets/urc_ws/colcon-urc/src/urc-software/install/urc_util/share/urc_util/local_setup.zsh
[0.164s] -- Up-to-date symlink: /home/robojackets/urc_ws/colcon-urc/src/urc-software/install/urc_util/share/urc_util/local_setup.dsv
[0.165s] -- Symlinking: /home/robojackets/urc_ws/colcon-urc/src/urc-software/install/urc_util/share/urc_util/package.dsv
[0.178s] -- Up-to-date symlink: /home/robojackets/urc_ws/colcon-urc/src/urc-software/install/urc_util/share/ament_index/resource_index/packages/urc_util
[0.181s] -- Up-to-date symlink: /home/robojackets/urc_ws/colcon-urc/src/urc-software/install/urc_util/share/urc_util/cmake/urc_utilConfig.cmake
[0.181s] -- Up-to-date symlink: /home/robojackets/urc_ws/colcon-urc/src/urc-software/install/urc_util/share/urc_util/cmake/urc_utilConfig-version.cmake
[0.183s] -- Up-to-date symlink: /home/robojackets/urc_ws/colcon-urc/src/urc-software/install/urc_util/share/urc_util/package.xml
[0.188s] Invoked command in '/home/robojackets/urc_ws/colcon-urc/src/urc-software/build/urc_util' returned '0': CMAKE_PREFIX_PATH=/home/robojackets/urc_ws/colcon-urc/install/urc_util:/home/robojackets/urc_ws/colcon-urc/install/urc_platform:/home/robojackets/urc_ws/colcon-urc/install/urc_perception:/home/robojackets/urc_ws/colcon-urc/install/urc_navigation:/home/robojackets/urc_ws/colcon-urc/install/urc_gazebo:/home/robojackets/urc_ws/colcon-urc/install/urc_msgs:/home/robojackets/urc_ws/colcon-urc/install/urc_manipulation:/home/robojackets/urc_ws/colcon-urc/install/urc_analysis:/home/robojackets/urc_ws/colcon-urc/install/nanopb:/opt/ros/galactic:/home/robojackets/robojackets_ws/catkin_ws/devel:/opt/ros/noetic /usr/bin/cmake --install /home/robojackets/urc_ws/colcon-urc/src/urc-software/build/urc_util
