[0.045s] Invoking command in '/home/robojackets/urc_ws/colcon-urc/src/urc-software/build/urc_analysis': CMAKE_PREFIX_PATH=/home/robojackets/urc_ws/colcon-urc/install/urc_util:/home/robojackets/urc_ws/colcon-urc/install/urc_platform:/home/robojackets/urc_ws/colcon-urc/install/urc_perception:/home/robojackets/urc_ws/colcon-urc/install/urc_navigation:/home/robojackets/urc_ws/colcon-urc/install/urc_gazebo:/home/robojackets/urc_ws/colcon-urc/install/urc_msgs:/home/robojackets/urc_ws/colcon-urc/install/urc_manipulation:/home/robojackets/urc_ws/colcon-urc/install/urc_analysis:/home/robojackets/urc_ws/colcon-urc/install/nanopb:/opt/ros/galactic:/home/robojackets/robojackets_ws/catkin_ws/devel:/opt/ros/noetic /usr/bin/cmake --build /home/robojackets/urc_ws/colcon-urc/src/urc-software/build/urc_analysis -- -j2 -l2
[0.125s] Invoked command in '/home/robojackets/urc_ws/colcon-urc/src/urc-software/build/urc_analysis' returned '0': CMAKE_PREFIX_PATH=/home/robojackets/urc_ws/colcon-urc/install/urc_util:/home/robojackets/urc_ws/colcon-urc/install/urc_platform:/home/robojackets/urc_ws/colcon-urc/install/urc_perception:/home/robojackets/urc_ws/colcon-urc/install/urc_navigation:/home/robojackets/urc_ws/colcon-urc/install/urc_gazebo:/home/robojackets/urc_ws/colcon-urc/install/urc_msgs:/home/robojackets/urc_ws/colcon-urc/install/urc_manipulation:/home/robojackets/urc_ws/colcon-urc/install/urc_analysis:/home/robojackets/urc_ws/colcon-urc/install/nanopb:/opt/ros/galactic:/home/robojackets/robojackets_ws/catkin_ws/devel:/opt/ros/noetic /usr/bin/cmake --build /home/robojackets/urc_ws/colcon-urc/src/urc-software/build/urc_analysis -- -j2 -l2
[0.191s] Invoking command in '/home/robojackets/urc_ws/colcon-urc/src/urc-software/build/urc_analysis': CMAKE_PREFIX_PATH=/home/robojackets/urc_ws/colcon-urc/install/urc_util:/home/robojackets/urc_ws/colcon-urc/install/urc_platform:/home/robojackets/urc_ws/colcon-urc/install/urc_perception:/home/robojackets/urc_ws/colcon-urc/install/urc_navigation:/home/robojackets/urc_ws/colcon-urc/install/urc_gazebo:/home/robojackets/urc_ws/colcon-urc/install/urc_msgs:/home/robojackets/urc_ws/colcon-urc/install/urc_manipulation:/home/robojackets/urc_ws/colcon-urc/install/urc_analysis:/home/robojackets/urc_ws/colcon-urc/install/nanopb:/opt/ros/galactic:/home/robojackets/robojackets_ws/catkin_ws/devel:/opt/ros/noetic /usr/bin/cmake --install /home/robojackets/urc_ws/colcon-urc/src/urc-software/build/urc_analysis
[0.217s] -- Install configuration: ""
[0.217s] -- Execute custom install script
[0.217s] -- Up-to-date symlink: /home/robojackets/urc_ws/colcon-urc/src/urc-software/install/urc_analysis/share/ament_index/resource_index/package_run_dependencies/urc_analysis
[0.217s] -- Up-to-date symlink: /home/robojackets/urc_ws/colcon-urc/src/urc-software/install/urc_analysis/share/ament_index/resource_index/parent_prefix_path/urc_analysis
[0.217s] -- Up-to-date symlink: /home/robojackets/urc_ws/colcon-urc/src/urc-software/install/urc_analysis/share/urc_analysis/environment/ament_prefix_path.sh
[0.217s] -- Up-to-date symlink: /home/robojackets/urc_ws/colcon-urc/src/urc-software/install/urc_analysis/share/urc_analysis/environment/ament_prefix_path.dsv
[0.218s] -- Up-to-date symlink: /home/robojackets/urc_ws/colcon-urc/src/urc-software/install/urc_analysis/share/urc_analysis/environment/path.sh
[0.226s] -- Up-to-date symlink: /home/robojackets/urc_ws/colcon-urc/src/urc-software/install/urc_analysis/share/urc_analysis/environment/path.dsv
[0.227s] -- Up-to-date symlink: /home/robojackets/urc_ws/colcon-urc/src/urc-software/install/urc_analysis/share/urc_analysis/local_setup.bash
[0.227s] -- Up-to-date symlink: /home/robojackets/urc_ws/colcon-urc/src/urc-software/install/urc_analysis/share/urc_analysis/local_setup.sh
[0.227s] -- Up-to-date symlink: /home/robojackets/urc_ws/colcon-urc/src/urc-software/install/urc_analysis/share/urc_analysis/local_setup.zsh
[0.227s] -- Up-to-date symlink: /home/robojackets/urc_ws/colcon-urc/src/urc-software/install/urc_analysis/share/urc_analysis/local_setup.dsv
[0.227s] -- Symlinking: /home/robojackets/urc_ws/colcon-urc/src/urc-software/install/urc_analysis/share/urc_analysis/package.dsv
[0.241s] -- Up-to-date symlink: /home/robojackets/urc_ws/colcon-urc/src/urc-software/install/urc_analysis/share/ament_index/resource_index/packages/urc_analysis
[0.242s] -- Up-to-date symlink: /home/robojackets/urc_ws/colcon-urc/src/urc-software/install/urc_analysis/share/urc_analysis/cmake/urc_analysisConfig.cmake
[0.242s] -- Up-to-date symlink: /home/robojackets/urc_ws/colcon-urc/src/urc-software/install/urc_analysis/share/urc_analysis/cmake/urc_analysisConfig-version.cmake
[0.242s] -- Up-to-date symlink: /home/robojackets/urc_ws/colcon-urc/src/urc-software/install/urc_analysis/share/urc_analysis/package.xml
[0.243s] -- Up-to-date symlink: /home/robojackets/urc_ws/colcon-urc/src/urc-software/install/urc_analysis/share/urc_analysis//launch/.gitkeep
[0.251s] Invoked command in '/home/robojackets/urc_ws/colcon-urc/src/urc-software/build/urc_analysis' returned '0': CMAKE_PREFIX_PATH=/home/robojackets/urc_ws/colcon-urc/install/urc_util:/home/robojackets/urc_ws/colcon-urc/install/urc_platform:/home/robojackets/urc_ws/colcon-urc/install/urc_perception:/home/robojackets/urc_ws/colcon-urc/install/urc_navigation:/home/robojackets/urc_ws/colcon-urc/install/urc_gazebo:/home/robojackets/urc_ws/colcon-urc/install/urc_msgs:/home/robojackets/urc_ws/colcon-urc/install/urc_manipulation:/home/robojackets/urc_ws/colcon-urc/install/urc_analysis:/home/robojackets/urc_ws/colcon-urc/install/nanopb:/opt/ros/galactic:/home/robojackets/robojackets_ws/catkin_ws/devel:/opt/ros/noetic /usr/bin/cmake --install /home/robojackets/urc_ws/colcon-urc/src/urc-software/build/urc_analysis
