[0.016s] Invoking command in '/home/robojackets/urc_ws/colcon-urc/src/urc-software/build/urc_util': CMAKE_PREFIX_PATH=/opt/ros/galactic:${CMAKE_PREFIX_PATH} /usr/bin/cmake --build /home/robojackets/urc_ws/colcon-urc/src/urc-software/build/urc_util -- -j2 -l2
[0.096s] Invoked command in '/home/robojackets/urc_ws/colcon-urc/src/urc-software/build/urc_util' returned '0': CMAKE_PREFIX_PATH=/opt/ros/galactic:${CMAKE_PREFIX_PATH} /usr/bin/cmake --build /home/robojackets/urc_ws/colcon-urc/src/urc-software/build/urc_util -- -j2 -l2
[0.139s] Invoking command in '/home/robojackets/urc_ws/colcon-urc/src/urc-software/build/urc_util': CMAKE_PREFIX_PATH=/opt/ros/galactic:${CMAKE_PREFIX_PATH} /usr/bin/cmake --install /home/robojackets/urc_ws/colcon-urc/src/urc-software/build/urc_util
[0.166s] -- Install configuration: ""
[0.168s] -- Execute custom install script
[0.168s] -- Up-to-date symlink: /home/robojackets/urc_ws/colcon-urc/src/urc-software/install/urc_util/share/urc_util//launch/.gitkeep
[0.168s] -- Up-to-date symlink: /home/robojackets/urc_ws/colcon-urc/src/urc-software/install/urc_util/share/ament_index/resource_index/package_run_dependencies/urc_util
[0.168s] -- Up-to-date symlink: /home/robojackets/urc_ws/colcon-urc/src/urc-software/install/urc_util/share/ament_index/resource_index/parent_prefix_path/urc_util
[0.168s] -- Up-to-date symlink: /home/robojackets/urc_ws/colcon-urc/src/urc-software/install/urc_util/share/urc_util/environment/ament_prefix_path.sh
[0.168s] -- Up-to-date symlink: /home/robojackets/urc_ws/colcon-urc/src/urc-software/install/urc_util/share/urc_util/environment/ament_prefix_path.dsv
[0.168s] -- Up-to-date symlink: /home/robojackets/urc_ws/colcon-urc/src/urc-software/install/urc_util/share/urc_util/environment/path.sh
[0.168s] -- Up-to-date symlink: /home/robojackets/urc_ws/colcon-urc/src/urc-software/install/urc_util/share/urc_util/environment/path.dsv
[0.169s] -- Up-to-date symlink: /home/robojackets/urc_ws/colcon-urc/src/urc-software/install/urc_util/share/urc_util/local_setup.bash
[0.175s] -- Up-to-date symlink: /home/robojackets/urc_ws/colcon-urc/src/urc-software/install/urc_util/share/urc_util/local_setup.sh
[0.175s] -- Up-to-date symlink: /home/robojackets/urc_ws/colcon-urc/src/urc-software/install/urc_util/share/urc_util/local_setup.zsh
[0.176s] -- Up-to-date symlink: /home/robojackets/urc_ws/colcon-urc/src/urc-software/install/urc_util/share/urc_util/local_setup.dsv
[0.176s] -- Symlinking: /home/robojackets/urc_ws/colcon-urc/src/urc-software/install/urc_util/share/urc_util/package.dsv
[0.191s] -- Up-to-date symlink: /home/robojackets/urc_ws/colcon-urc/src/urc-software/install/urc_util/share/ament_index/resource_index/packages/urc_util
[0.191s] -- Up-to-date symlink: /home/robojackets/urc_ws/colcon-urc/src/urc-software/install/urc_util/share/urc_util/cmake/urc_utilConfig.cmake
[0.191s] -- Up-to-date symlink: /home/robojackets/urc_ws/colcon-urc/src/urc-software/install/urc_util/share/urc_util/cmake/urc_utilConfig-version.cmake
[0.203s] -- Up-to-date symlink: /home/robojackets/urc_ws/colcon-urc/src/urc-software/install/urc_util/share/urc_util/package.xml
[0.206s] Invoked command in '/home/robojackets/urc_ws/colcon-urc/src/urc-software/build/urc_util' returned '0': CMAKE_PREFIX_PATH=/opt/ros/galactic:${CMAKE_PREFIX_PATH} /usr/bin/cmake --install /home/robojackets/urc_ws/colcon-urc/src/urc-software/build/urc_util
