[0.016s] Invoking command in '/home/robojackets/urc_ws/colcon-urc/src/urc-software/build/urc_analysis': CMAKE_PREFIX_PATH=/opt/ros/galactic:${CMAKE_PREFIX_PATH} /usr/bin/cmake --build /home/robojackets/urc_ws/colcon-urc/src/urc-software/build/urc_analysis -- -j2 -l2
[0.125s] Invoked command in '/home/robojackets/urc_ws/colcon-urc/src/urc-software/build/urc_analysis' returned '0': CMAKE_PREFIX_PATH=/opt/ros/galactic:${CMAKE_PREFIX_PATH} /usr/bin/cmake --build /home/robojackets/urc_ws/colcon-urc/src/urc-software/build/urc_analysis -- -j2 -l2
[0.195s] Invoking command in '/home/robojackets/urc_ws/colcon-urc/src/urc-software/build/urc_analysis': CMAKE_PREFIX_PATH=/opt/ros/galactic:${CMAKE_PREFIX_PATH} /usr/bin/cmake --install /home/robojackets/urc_ws/colcon-urc/src/urc-software/build/urc_analysis
[0.216s] -- Install configuration: ""
[0.216s] -- Execute custom install script
[0.217s] -- Up-to-date symlink: /home/robojackets/urc_ws/colcon-urc/src/urc-software/install/urc_analysis/share/ament_index/resource_index/package_run_dependencies/urc_analysis
[0.218s] -- Up-to-date symlink: /home/robojackets/urc_ws/colcon-urc/src/urc-software/install/urc_analysis/share/ament_index/resource_index/parent_prefix_path/urc_analysis
[0.219s] -- Up-to-date symlink: /home/robojackets/urc_ws/colcon-urc/src/urc-software/install/urc_analysis/share/urc_analysis/environment/ament_prefix_path.sh
[0.219s] -- Up-to-date symlink: /home/robojackets/urc_ws/colcon-urc/src/urc-software/install/urc_analysis/share/urc_analysis/environment/ament_prefix_path.dsv
[0.219s] -- Up-to-date symlink: /home/robojackets/urc_ws/colcon-urc/src/urc-software/install/urc_analysis/share/urc_analysis/environment/path.sh
[0.220s] -- Up-to-date symlink: /home/robojackets/urc_ws/colcon-urc/src/urc-software/install/urc_analysis/share/urc_analysis/environment/path.dsv
[0.220s] -- Up-to-date symlink: /home/robojackets/urc_ws/colcon-urc/src/urc-software/install/urc_analysis/share/urc_analysis/local_setup.bash
[0.220s] -- Up-to-date symlink: /home/robojackets/urc_ws/colcon-urc/src/urc-software/install/urc_analysis/share/urc_analysis/local_setup.sh
[0.220s] -- Up-to-date symlink: /home/robojackets/urc_ws/colcon-urc/src/urc-software/install/urc_analysis/share/urc_analysis/local_setup.zsh
[0.221s] -- Up-to-date symlink: /home/robojackets/urc_ws/colcon-urc/src/urc-software/install/urc_analysis/share/urc_analysis/local_setup.dsv
[0.221s] -- Symlinking: /home/robojackets/urc_ws/colcon-urc/src/urc-software/install/urc_analysis/share/urc_analysis/package.dsv
[0.239s] -- Up-to-date symlink: /home/robojackets/urc_ws/colcon-urc/src/urc-software/install/urc_analysis/share/ament_index/resource_index/packages/urc_analysis
[0.240s] -- Up-to-date symlink: /home/robojackets/urc_ws/colcon-urc/src/urc-software/install/urc_analysis/share/urc_analysis/cmake/urc_analysisConfig.cmake
[0.240s] -- Up-to-date symlink: /home/robojackets/urc_ws/colcon-urc/src/urc-software/install/urc_analysis/share/urc_analysis/cmake/urc_analysisConfig-version.cmake
[0.241s] -- Up-to-date symlink: /home/robojackets/urc_ws/colcon-urc/src/urc-software/install/urc_analysis/share/urc_analysis/package.xml
[0.242s] -- Up-to-date symlink: /home/robojackets/urc_ws/colcon-urc/src/urc-software/install/urc_analysis/share/urc_analysis//launch/.gitkeep
[0.250s] Invoked command in '/home/robojackets/urc_ws/colcon-urc/src/urc-software/build/urc_analysis' returned '0': CMAKE_PREFIX_PATH=/opt/ros/galactic:${CMAKE_PREFIX_PATH} /usr/bin/cmake --install /home/robojackets/urc_ws/colcon-urc/src/urc-software/build/urc_analysis
