[0.026s] Invoking command in '/home/robojackets/urc_ws/colcon-urc/src/urc-software/build/urc_gazebo': AMENT_PREFIX_PATH=/home/robojackets/urc_ws/colcon-urc/src/urc-software/install/urc_msgs:${AMENT_PREFIX_PATH} CMAKE_PREFIX_PATH=/home/robojackets/urc_ws/colcon-urc/src/urc-software/install/urc_msgs:/home/robojackets/urc_ws/colcon-urc/install/urc_util:/home/robojackets/urc_ws/colcon-urc/install/urc_platform:/home/robojackets/urc_ws/colcon-urc/install/urc_perception:/home/robojackets/urc_ws/colcon-urc/install/urc_navigation:/home/robojackets/urc_ws/colcon-urc/install/urc_gazebo:/home/robojackets/urc_ws/colcon-urc/install/urc_msgs:/home/robojackets/urc_ws/colcon-urc/install/urc_manipulation:/home/robojackets/urc_ws/colcon-urc/install/urc_analysis:/home/robojackets/urc_ws/colcon-urc/install/nanopb:/opt/ros/galactic:/home/robojackets/robojackets_ws/catkin_ws/devel:/opt/ros/noetic /usr/bin/cmake /home/robojackets/urc_ws/colcon-urc/src/urc-software/urc_gazebo -DAMENT_CMAKE_SYMLINK_INSTALL=1 -DCMAKE_INSTALL_PREFIX=/home/robojackets/urc_ws/colcon-urc/src/urc-software/install/urc_gazebo
[0.101s] -- The C compiler identification is GNU 9.4.0
[0.171s] -- The CXX compiler identification is GNU 9.4.0
[0.177s] -- Check for working C compiler: /usr/bin/cc
[0.252s] -- Check for working C compiler: /usr/bin/cc -- works
[0.253s] -- Detecting C compiler ABI info
[0.329s] -- Detecting C compiler ABI info - done
[0.340s] -- Detecting C compile features
[0.341s] -- Detecting C compile features - done
[0.343s] -- Check for working CXX compiler: /usr/bin/c++
[0.439s] -- Check for working CXX compiler: /usr/bin/c++ -- works
[0.439s] -- Detecting CXX compiler ABI info
[0.532s] -- Detecting CXX compiler ABI info - done
[0.541s] -- Detecting CXX compile features
[0.542s] -- Detecting CXX compile features - done
[0.545s] -- Found ament_cmake: 1.1.5 (/opt/ros/galactic/share/ament_cmake/cmake)
[0.572s] -- Found PythonInterp: /usr/bin/python3 (found suitable version "3.8.10", minimum required is "3") 
[0.572s] -- Using PYTHON_EXECUTABLE: /usr/bin/python3
[0.632s] -- Override CMake install command with custom implementation using symlinks instead of copying resources
[0.664s] -- Found rclcpp: 9.2.1 (/opt/ros/galactic/share/rclcpp/cmake)
[0.755s] -- Using all available rosidl_typesupport_c: rosidl_typesupport_fastrtps_c;rosidl_typesupport_introspection_c
[0.767s] -- Found rosidl_adapter: 2.2.2 (/opt/ros/galactic/share/rosidl_adapter/cmake)
[0.897s] -- Found OpenSSL: /usr/lib/x86_64-linux-gnu/libcrypto.so (found version "1.1.1f")  
[0.932s] -- Found FastRTPS: /opt/ros/galactic/include  
[1.038s] -- Using all available rosidl_typesupport_cpp: rosidl_typesupport_fastrtps_cpp;rosidl_typesupport_introspection_cpp
[1.128s] -- Found rmw_implementation_cmake: 3.3.1 (/opt/ros/galactic/share/rmw_implementation_cmake/cmake)
[1.133s] -- Found rmw_cyclonedds_cpp: 0.22.5 (/opt/ros/galactic/share/rmw_cyclonedds_cpp/cmake)
[1.160s] -- Using RMW implementation 'rmw_cyclonedds_cpp' as default
[1.161s] -- Looking for pthread.h
[1.245s] -- Looking for pthread.h - found
[1.245s] -- Performing Test CMAKE_HAVE_LIBC_PTHREAD
[1.354s] -- Performing Test CMAKE_HAVE_LIBC_PTHREAD - Failed
[1.354s] -- Looking for pthread_create in pthreads
[1.416s] -- Looking for pthread_create in pthreads - not found
[1.416s] -- Looking for pthread_create in pthread
[1.503s] -- Looking for pthread_create in pthread - found
[1.503s] -- Found Threads: TRUE  
[1.695s] -- Found rclcpp_components: 9.2.1 (/opt/ros/galactic/share/rclcpp_components/cmake)
[1.773s] -- Found urc_msgs: 0.0.0 (/home/robojackets/urc_ws/colcon-urc/src/urc-software/install/urc_msgs/share/urc_msgs/cmake)
[1.776s] -- Found nav_msgs: 2.2.4 (/opt/ros/galactic/share/nav_msgs/cmake)
[1.917s] -- Found sensor_msgs: 2.2.4 (/opt/ros/galactic/share/sensor_msgs/cmake)
[2.002s] -- Found tf2: 0.17.3 (/opt/ros/galactic/share/tf2/cmake)
[2.015s] -- Found tf2_ros: 0.17.3 (/opt/ros/galactic/share/tf2_ros/cmake)
[2.352s] -- Found laser_geometry: 2.2.1 (/opt/ros/galactic/share/laser_geometry/cmake)
[2.372s] -- Found ament_lint_auto: 0.10.7 (/opt/ros/galactic/share/ament_lint_auto/cmake)
[2.462s] -- Added test 'cppcheck' to perform static code analysis on C / C++ code
[2.463s] -- Configured cppcheck include dirs: /home/robojackets/urc_ws/colcon-urc/src/urc-software/urc_gazebo/include
[2.463s] -- Configured cppcheck exclude dirs and/or files: 
[2.464s] -- Added test 'flake8' to check Python code syntax and style conventions
[2.466s] -- Added test 'lint_cmake' to check CMake code style
[2.467s] -- Added test 'pep257' to check Python code against some of the style conventions in PEP 257
[2.470s] -- Added test 'uncrustify' to check C / C++ code style
[2.470s] -- Configured uncrustify additional arguments: 
[2.472s] -- Added test 'xmllint' to check XML markup files
[2.481s] -- Configuring done
[2.502s] -- Generating done
[2.504s] -- Build files have been written to: /home/robojackets/urc_ws/colcon-urc/src/urc-software/build/urc_gazebo
