[0.039s] Invoking command in '/home/robojackets/urc_ws/colcon-urc/src/urc-software/build/urc_platform': AMENT_PREFIX_PATH=/home/robojackets/urc_ws/colcon-urc/src/urc-software/install/urc_msgs:${AMENT_PREFIX_PATH} CMAKE_PREFIX_PATH=/home/robojackets/urc_ws/colcon-urc/src/urc-software/install/urc_msgs:/opt/ros/galactic:${CMAKE_PREFIX_PATH} /usr/bin/cmake --build /home/robojackets/urc_ws/colcon-urc/src/urc-software/build/urc_platform -- -j2 -l2
[0.280s] [ 33%] Built target gtest
[0.284s] [ 66%] Built target gtest_main
[0.371s] [100%] Built target test_scan_to_pointcloud
[0.403s] Invoked command in '/home/robojackets/urc_ws/colcon-urc/src/urc-software/build/urc_platform' returned '0': AMENT_PREFIX_PATH=/home/robojackets/urc_ws/colcon-urc/src/urc-software/install/urc_msgs:${AMENT_PREFIX_PATH} CMAKE_PREFIX_PATH=/home/robojackets/urc_ws/colcon-urc/src/urc-software/install/urc_msgs:/opt/ros/galactic:${CMAKE_PREFIX_PATH} /usr/bin/cmake --build /home/robojackets/urc_ws/colcon-urc/src/urc-software/build/urc_platform -- -j2 -l2
[0.466s] Invoking command in '/home/robojackets/urc_ws/colcon-urc/src/urc-software/build/urc_platform': AMENT_PREFIX_PATH=/home/robojackets/urc_ws/colcon-urc/src/urc-software/install/urc_msgs:${AMENT_PREFIX_PATH} CMAKE_PREFIX_PATH=/home/robojackets/urc_ws/colcon-urc/src/urc-software/install/urc_msgs:/opt/ros/galactic:${CMAKE_PREFIX_PATH} /usr/bin/cmake --install /home/robojackets/urc_ws/colcon-urc/src/urc-software/build/urc_platform
[0.487s] -- Install configuration: ""
[0.488s] -- Execute custom install script
[0.490s] -- Up-to-date symlink: /home/robojackets/urc_ws/colcon-urc/src/urc-software/install/urc_platform/share/urc_platform//launch/.gitkeep
[0.491s] -- Up-to-date symlink: /home/robojackets/urc_ws/colcon-urc/src/urc-software/install/urc_platform/share/urc_platform/environment/library_path.sh
[0.493s] -- Up-to-date symlink: /home/robojackets/urc_ws/colcon-urc/src/urc-software/install/urc_platform/share/urc_platform/environment/library_path.dsv
[0.494s] -- Up-to-date symlink: /home/robojackets/urc_ws/colcon-urc/src/urc-software/install/urc_platform/share/ament_index/resource_index/package_run_dependencies/urc_platform
[0.496s] -- Up-to-date symlink: /home/robojackets/urc_ws/colcon-urc/src/urc-software/install/urc_platform/share/ament_index/resource_index/parent_prefix_path/urc_platform
[0.497s] -- Up-to-date symlink: /home/robojackets/urc_ws/colcon-urc/src/urc-software/install/urc_platform/share/urc_platform/environment/ament_prefix_path.sh
[0.498s] -- Up-to-date symlink: /home/robojackets/urc_ws/colcon-urc/src/urc-software/install/urc_platform/share/urc_platform/environment/ament_prefix_path.dsv
[0.499s] -- Up-to-date symlink: /home/robojackets/urc_ws/colcon-urc/src/urc-software/install/urc_platform/share/urc_platform/environment/path.sh
[0.500s] -- Up-to-date symlink: /home/robojackets/urc_ws/colcon-urc/src/urc-software/install/urc_platform/share/urc_platform/environment/path.dsv
[0.502s] -- Up-to-date symlink: /home/robojackets/urc_ws/colcon-urc/src/urc-software/install/urc_platform/share/urc_platform/local_setup.bash
[0.503s] -- Up-to-date symlink: /home/robojackets/urc_ws/colcon-urc/src/urc-software/install/urc_platform/share/urc_platform/local_setup.sh
[0.506s] -- Up-to-date symlink: /home/robojackets/urc_ws/colcon-urc/src/urc-software/install/urc_platform/share/urc_platform/local_setup.zsh
[0.507s] -- Up-to-date symlink: /home/robojackets/urc_ws/colcon-urc/src/urc-software/install/urc_platform/share/urc_platform/local_setup.dsv
[0.507s] -- Symlinking: /home/robojackets/urc_ws/colcon-urc/src/urc-software/install/urc_platform/share/urc_platform/package.dsv
[0.527s] -- Up-to-date symlink: /home/robojackets/urc_ws/colcon-urc/src/urc-software/install/urc_platform/share/ament_index/resource_index/packages/urc_platform
[0.529s] -- Up-to-date symlink: /home/robojackets/urc_ws/colcon-urc/src/urc-software/install/urc_platform/share/urc_platform/cmake/ament_cmake_export_include_directories-extras.cmake
[0.531s] -- Up-to-date symlink: /home/robojackets/urc_ws/colcon-urc/src/urc-software/install/urc_platform/share/urc_platform/cmake/ament_cmake_export_libraries-extras.cmake
[0.532s] -- Up-to-date symlink: /home/robojackets/urc_ws/colcon-urc/src/urc-software/install/urc_platform/share/urc_platform/cmake/urc_platformConfig.cmake
[0.532s] -- Up-to-date symlink: /home/robojackets/urc_ws/colcon-urc/src/urc-software/install/urc_platform/share/urc_platform/cmake/urc_platformConfig-version.cmake
[0.534s] -- Up-to-date symlink: /home/robojackets/urc_ws/colcon-urc/src/urc-software/install/urc_platform/share/urc_platform/package.xml
[0.541s] Invoked command in '/home/robojackets/urc_ws/colcon-urc/src/urc-software/build/urc_platform' returned '0': AMENT_PREFIX_PATH=/home/robojackets/urc_ws/colcon-urc/src/urc-software/install/urc_msgs:${AMENT_PREFIX_PATH} CMAKE_PREFIX_PATH=/home/robojackets/urc_ws/colcon-urc/src/urc-software/install/urc_msgs:/opt/ros/galactic:${CMAKE_PREFIX_PATH} /usr/bin/cmake --install /home/robojackets/urc_ws/colcon-urc/src/urc-software/build/urc_platform
