[100%] Built target gazebo_ros_velodyne_laser
-- Install configuration: ""
-- Execute custom install script
-- Up-to-date symlink: /home/robojackets/urc_ws/colcon-urc/src/urc-software/install/velodyne_gazebo_plugins/share/velodyne_gazebo_plugins/environment/library_path.sh
-- Up-to-date symlink: /home/robojackets/urc_ws/colcon-urc/src/urc-software/install/velodyne_gazebo_plugins/share/velodyne_gazebo_plugins/environment/library_path.dsv
-- Up-to-date symlink: /home/robojackets/urc_ws/colcon-urc/src/urc-software/install/velodyne_gazebo_plugins/share/ament_index/resource_index/package_run_dependencies/velodyne_gazebo_plugins
-- Up-to-date symlink: /home/robojackets/urc_ws/colcon-urc/src/urc-software/install/velodyne_gazebo_plugins/share/ament_index/resource_index/parent_prefix_path/velodyne_gazebo_plugins
-- Up-to-date symlink: /home/robojackets/urc_ws/colcon-urc/src/urc-software/install/velodyne_gazebo_plugins/share/velodyne_gazebo_plugins/environment/ament_prefix_path.sh
-- Up-to-date symlink: /home/robojackets/urc_ws/colcon-urc/src/urc-software/install/velodyne_gazebo_plugins/share/velodyne_gazebo_plugins/environment/ament_prefix_path.dsv
-- Up-to-date symlink: /home/robojackets/urc_ws/colcon-urc/src/urc-software/install/velodyne_gazebo_plugins/share/velodyne_gazebo_plugins/environment/path.sh
-- Up-to-date symlink: /home/robojackets/urc_ws/colcon-urc/src/urc-software/install/velodyne_gazebo_plugins/share/velodyne_gazebo_plugins/environment/path.dsv
-- Up-to-date symlink: /home/robojackets/urc_ws/colcon-urc/src/urc-software/install/velodyne_gazebo_plugins/share/velodyne_gazebo_plugins/local_setup.bash
-- Up-to-date symlink: /home/robojackets/urc_ws/colcon-urc/src/urc-software/install/velodyne_gazebo_plugins/share/velodyne_gazebo_plugins/local_setup.sh
-- Up-to-date symlink: /home/robojackets/urc_ws/colcon-urc/src/urc-software/install/velodyne_gazebo_plugins/share/velodyne_gazebo_plugins/local_setup.zsh
-- Up-to-date symlink: /home/robojackets/urc_ws/colcon-urc/src/urc-software/install/velodyne_gazebo_plugins/share/velodyne_gazebo_plugins/local_setup.dsv
-- Symlinking: /home/robojackets/urc_ws/colcon-urc/src/urc-software/install/velodyne_gazebo_plugins/share/velodyne_gazebo_plugins/package.dsv
-- Up-to-date symlink: /home/robojackets/urc_ws/colcon-urc/src/urc-software/install/velodyne_gazebo_plugins/share/ament_index/resource_index/packages/velodyne_gazebo_plugins
-- Up-to-date symlink: /home/robojackets/urc_ws/colcon-urc/src/urc-software/install/velodyne_gazebo_plugins/share/velodyne_gazebo_plugins/cmake/ament_cmake_export_libraries-extras.cmake
-- Up-to-date symlink: /home/robojackets/urc_ws/colcon-urc/src/urc-software/install/velodyne_gazebo_plugins/share/velodyne_gazebo_plugins/cmake/ament_cmake_export_include_directories-extras.cmake
-- Up-to-date symlink: /home/robojackets/urc_ws/colcon-urc/src/urc-software/install/velodyne_gazebo_plugins/share/velodyne_gazebo_plugins/cmake/ament_cmake_export_dependencies-extras.cmake
-- Up-to-date symlink: /home/robojackets/urc_ws/colcon-urc/src/urc-software/install/velodyne_gazebo_plugins/share/velodyne_gazebo_plugins/cmake/velodyne_gazebo_pluginsConfig.cmake
-- Up-to-date symlink: /home/robojackets/urc_ws/colcon-urc/src/urc-software/install/velodyne_gazebo_plugins/share/velodyne_gazebo_plugins/cmake/velodyne_gazebo_pluginsConfig-version.cmake
-- Up-to-date symlink: /home/robojackets/urc_ws/colcon-urc/src/urc-software/install/velodyne_gazebo_plugins/share/velodyne_gazebo_plugins/package.xml
-- Up-to-date symlink: /home/robojackets/urc_ws/colcon-urc/src/urc-software/install/velodyne_gazebo_plugins/include/velodyne_gazebo_plugins/GazeboRosVelodyneLaser.h
-- Up-to-date symlink: /home/robojackets/urc_ws/colcon-urc/src/urc-software/install/velodyne_gazebo_plugins/lib/libgazebo_ros_velodyne_laser.so
