[0.035s] Invoking command in '/home/robojackets/urc_ws/colcon-urc/src/urc-software/build/urc_analysis': CMAKE_PREFIX_PATH=/opt/ros/galactic:${CMAKE_PREFIX_PATH} /usr/bin/cmake --build /home/robojackets/urc_ws/colcon-urc/src/urc-software/build/urc_analysis -- -j2 -l2
[0.185s] Invoked command in '/home/robojackets/urc_ws/colcon-urc/src/urc-software/build/urc_analysis' returned '0': CMAKE_PREFIX_PATH=/opt/ros/galactic:${CMAKE_PREFIX_PATH} /usr/bin/cmake --build /home/robojackets/urc_ws/colcon-urc/src/urc-software/build/urc_analysis -- -j2 -l2
[0.236s] Invoking command in '/home/robojackets/urc_ws/colcon-urc/src/urc-software/build/urc_analysis': CMAKE_PREFIX_PATH=/opt/ros/galactic:${CMAKE_PREFIX_PATH} /usr/bin/cmake --install /home/robojackets/urc_ws/colcon-urc/src/urc-software/build/urc_analysis
[0.256s] -- Install configuration: ""
[0.262s] -- Execute custom install script
[0.265s] -- Up-to-date symlink: /home/robojackets/urc_ws/colcon-urc/src/urc-software/install/urc_analysis/share/ament_index/resource_index/package_run_dependencies/urc_analysis
[0.265s] -- Up-to-date symlink: /home/robojackets/urc_ws/colcon-urc/src/urc-software/install/urc_analysis/share/ament_index/resource_index/parent_prefix_path/urc_analysis
[0.265s] -- Up-to-date symlink: /home/robojackets/urc_ws/colcon-urc/src/urc-software/install/urc_analysis/share/urc_analysis/environment/ament_prefix_path.sh
[0.266s] -- Up-to-date symlink: /home/robojackets/urc_ws/colcon-urc/src/urc-software/install/urc_analysis/share/urc_analysis/environment/ament_prefix_path.dsv
[0.266s] -- Up-to-date symlink: /home/robojackets/urc_ws/colcon-urc/src/urc-software/install/urc_analysis/share/urc_analysis/environment/path.sh
[0.266s] -- Up-to-date symlink: /home/robojackets/urc_ws/colcon-urc/src/urc-software/install/urc_analysis/share/urc_analysis/environment/path.dsv
[0.267s] -- Up-to-date symlink: /home/robojackets/urc_ws/colcon-urc/src/urc-software/install/urc_analysis/share/urc_analysis/local_setup.bash
[0.267s] -- Up-to-date symlink: /home/robojackets/urc_ws/colcon-urc/src/urc-software/install/urc_analysis/share/urc_analysis/local_setup.sh
[0.267s] -- Up-to-date symlink: /home/robojackets/urc_ws/colcon-urc/src/urc-software/install/urc_analysis/share/urc_analysis/local_setup.zsh
[0.268s] -- Up-to-date symlink: /home/robojackets/urc_ws/colcon-urc/src/urc-software/install/urc_analysis/share/urc_analysis/local_setup.dsv
[0.269s] -- Symlinking: /home/robojackets/urc_ws/colcon-urc/src/urc-software/install/urc_analysis/share/urc_analysis/package.dsv
[0.284s] -- Up-to-date symlink: /home/robojackets/urc_ws/colcon-urc/src/urc-software/install/urc_analysis/share/ament_index/resource_index/packages/urc_analysis
[0.286s] -- Up-to-date symlink: /home/robojackets/urc_ws/colcon-urc/src/urc-software/install/urc_analysis/share/urc_analysis/cmake/urc_analysisConfig.cmake
[0.286s] -- Up-to-date symlink: /home/robojackets/urc_ws/colcon-urc/src/urc-software/install/urc_analysis/share/urc_analysis/cmake/urc_analysisConfig-version.cmake
[0.288s] -- Up-to-date symlink: /home/robojackets/urc_ws/colcon-urc/src/urc-software/install/urc_analysis/share/urc_analysis/package.xml
[0.290s] -- Up-to-date symlink: /home/robojackets/urc_ws/colcon-urc/src/urc-software/install/urc_analysis/share/urc_analysis//launch/.gitkeep
[0.298s] Invoked command in '/home/robojackets/urc_ws/colcon-urc/src/urc-software/build/urc_analysis' returned '0': CMAKE_PREFIX_PATH=/opt/ros/galactic:${CMAKE_PREFIX_PATH} /usr/bin/cmake --install /home/robojackets/urc_ws/colcon-urc/src/urc-software/build/urc_analysis
