[0.048s] Invoking command in '/home/robojackets/urc_ws/colcon-urc/src/urc-software/build/velodyne_gazebo_plugins': /usr/bin/cmake /home/robojackets/urc_ws/colcon-urc/src/urc-software/velodyne_gazebo_plugins -DCATKIN_INSTALL_INTO_PREFIX_ROOT=0 -DCATKIN_SYMLINK_INSTALL=ON -DCMAKE_INSTALL_PREFIX=/home/robojackets/urc_ws/colcon-urc/src/urc-software/install/velodyne_gazebo_plugins
[0.085s] -- Found ament_cmake: 1.1.5 (/opt/ros/galactic/share/ament_cmake/cmake)
[0.117s] -- Found PythonInterp: /usr/bin/python3 (found suitable version "3.8.10", minimum required is "3") 
[0.117s] -- Using PYTHON_EXECUTABLE: /usr/bin/python3
[0.219s] -- Found rclcpp: 9.2.1 (/opt/ros/galactic/share/rclcpp/cmake)
[0.228s] CMake Warning (dev) at /opt/ros/galactic/share/ament_cmake_core/cmake/core/list_append_unique.cmake:30 (if):
[0.229s]   Policy CMP0057 is not set: Support new IN_LIST if() operator.  Run "cmake
[0.229s]   --help-policy CMP0057" for policy details.  Use the cmake_policy command to
[0.230s]   set the policy and suppress this warning.
[0.230s] 
[0.230s]   IN_LIST will be interpreted as an operator when the policy is set to NEW.
[0.231s]   Since the policy is not set the OLD behavior will be used.
[0.231s] Call Stack (most recent call first):
[0.231s]   /opt/ros/galactic/share/rclcpp/cmake/ament_cmake_export_dependencies-extras.cmake:34 (list_append_unique)
[0.232s]   /opt/ros/galactic/share/rclcpp/cmake/rclcppConfig.cmake:41 (include)
[0.232s]   CMakeLists.txt:5 (find_package)
[0.233s] This warning is for project developers.  Use -Wno-dev to suppress it.
[0.233s] 
[0.233s] CMake Error at /opt/ros/galactic/share/ament_cmake_core/cmake/core/list_append_unique.cmake:30 (if):
[0.233s]   if given arguments:
[0.233s] 
[0.233s]     "NOT" "element" "IN_LIST" "rclcpp_INCLUDE_DIRS"
[0.233s] 
[0.233s]   Unknown arguments specified
[0.233s] Call Stack (most recent call first):
[0.233s]   /opt/ros/galactic/share/rclcpp/cmake/ament_cmake_export_dependencies-extras.cmake:34 (list_append_unique)
[0.233s]   /opt/ros/galactic/share/rclcpp/cmake/rclcppConfig.cmake:41 (include)
[0.233s]   CMakeLists.txt:5 (find_package)
[0.233s] 
[0.234s] 
[0.234s] -- Configuring incomplete, errors occurred!
[0.234s] See also "/home/robojackets/urc_ws/colcon-urc/src/urc-software/build/velodyne_gazebo_plugins/CMakeFiles/CMakeOutput.log".
[0.234s] See also "/home/robojackets/urc_ws/colcon-urc/src/urc-software/build/velodyne_gazebo_plugins/CMakeFiles/CMakeError.log".
